{"meta": {"format": 3, "version": "7.11.1", "timestamp": "2025-11-15T22:55:24.682600", "branch_coverage": false, "show_contexts": false}, "files": {"core/__init__.py": {"executed_lines": [0], "summary": {"covered_lines": 0, "num_statements": 0, "percent_covered": 100.0, "percent_covered_display": "100.00", "missing_lines": 0, "excluded_lines": 0}, "missing_lines": [], "excluded_lines": [], "functions": {"": {"executed_lines": [], "summary": {"covered_lines": 0, "num_statements": 0, "percent_covered": 100.0, "percent_covered_display": "100.00", "missing_lines": 0, "excluded_lines": 0}, "missing_lines": [], "excluded_lines": []}}, "classes": {"": {"executed_lines": [], "summary": {"covered_lines": 0, "num_statements": 0, "percent_covered": 100.0, "percent_covered_display": "100.00", "missing_lines": 0, "excluded_lines": 0}, "missing_lines": [], "excluded_lines": []}}}, "core/analytics_views.py": {"executed_lines": [1, 4, 5, 6, 7, 8, 9, 10, 11, 12, 13, 14, 15, 17, 20, 21, 22, 72, 153, 187, 197, 225, 250, 280, 363, 372, 382, 390, 393, 400], "summary": {"covered_lines": 29, "num_statements": 177, "percent_covered": 16.384180790960453, "percent_covered_display": "16.38", "missing_lines": 148, "excluded_lines": 0}, "missing_lines": [24, 25, 26, 31, 32, 33, 34, 35, 36, 41, 44, 54, 55, 64, 65, 66, 74, 76, 81, 82, 85, 86, 89, 91, 92, 93, 95, 96, 98, 99, 102, 103, 104, 105, 108, 109, 110, 112, 127, 128, 131, 132, 133, 134, 135, 136, 137, 138, 140, 148, 149, 150, 155, 158, 168, 169, 171, 172, 173, 175, 177, 189, 200, 202, 203, 205, 206, 207, 209, 210, 211, 213, 215, 222, 227, 230, 231, 233, 234, 235, 237, 238, 243, 252, 253, 254, 257, 258, 259, 262, 263, 264, 266, 282, 283, 285, 286, 287, 293, 294, 296, 297, 298, 299, 300, 301, 302, 303, 304, 306, 307, 310, 311, 312, 313, 314, 315, 316, 320, 327, 329, 330, 332, 333, 334, 336, 337, 338, 339, 340, 343, 344, 345, 346, 347, 348, 349, 350, 352, 353, 354, 356, 364, 373, 383, 391, 394, 401], "excluded_lines": [], "functions": {"cover_letter_analytics_view": {"executed_lines": [], "summary": {"covered_lines": 0, "num_statements": 16, "percent_covered": 0.0, "percent_covered_display": "0.00", "missing_lines": 16, "excluded_lines": 0}, "missing_lines": [24, 25, 26, 31, 32, 33, 34, 35, 36, 41, 44, 54, 55, 64, 65, 66], "excluded_lines": []}, "_calculate_cover_letter_analytics": {"executed_lines": [], "summary": {"covered_lines": 0, "num_statements": 36, "percent_covered": 0.0, "percent_covered_display": "0.00", "missing_lines": 36, "excluded_lines": 0}, "missing_lines": [74, 76, 81, 82, 85, 86, 89, 91, 92, 93, 95, 96, 98, 99, 102, 103, 104, 105, 108, 109, 110, 112, 127, 128, 131, 132, 133, 134, 135, 136, 137, 138, 140, 148, 149, 150], "excluded_lines": []}, "_calculate_funnel_analytics": {"executed_lines": [], "summary": {"covered_lines": 0, "num_statements": 9, "percent_covered": 0.0, "percent_covered_display": "0.00", "missing_lines": 9, "excluded_lines": 0}, "missing_lines": [155, 158, 168, 169, 171, 172, 173, 175, 177], "excluded_lines": []}, "_calculate_industry_benchmarks": {"executed_lines": [], "summary": {"covered_lines": 0, "num_statements": 1, "percent_covered": 0.0, "percent_covered_display": "0.00", "missing_lines": 1, "excluded_lines": 0}, "missing_lines": [189], "excluded_lines": []}, "_calculate_response_trends": {"executed_lines": [], "summary": {"covered_lines": 0, "num_statements": 12, "percent_covered": 0.0, "percent_covered_display": "0.00", "missing_lines": 12, "excluded_lines": 0}, "missing_lines": [200, 202, 203, 205, 206, 207, 209, 210, 211, 213, 215, 222], "excluded_lines": []}, "_calculate_volume_patterns": {"executed_lines": [], "summary": {"covered_lines": 0, "num_statements": 9, "percent_covered": 0.0, "percent_covered_display": "0.00", "missing_lines": 9, "excluded_lines": 0}, "missing_lines": [227, 230, 231, 233, 234, 235, 237, 238, 243], "excluded_lines": []}, "_calculate_goal_progress": {"executed_lines": [], "summary": {"covered_lines": 0, "num_statements": 10, "percent_covered": 0.0, "percent_covered_display": "0.00", "missing_lines": 10, "excluded_lines": 0}, "missing_lines": [252, 253, 254, 257, 258, 259, 262, 263, 264, 266], "excluded_lines": []}, "_calculate_insights_recommendations": {"executed_lines": [], "summary": {"covered_lines": 0, "num_statements": 49, "percent_covered": 0.0, "percent_covered_display": "0.00", "missing_lines": 49, "excluded_lines": 0}, "missing_lines": [282, 283, 285, 286, 287, 293, 294, 296, 297, 298, 299, 300, 301, 302, 303, 304, 306, 307, 310, 311, 312, 313, 314, 315, 316, 320, 327, 329, 330, 332, 333, 334, 336, 337, 338, 339, 340, 343, 344, 345, 346, 347, 348, 349, 350, 352, 353, 354, 356], "excluded_lines": []}, "_empty_cover_letter_analytics": {"executed_lines": [], "summary": {"covered_lines": 0, "num_statements": 1, "percent_covered": 0.0, "percent_covered_display": "0.00", "missing_lines": 1, "excluded_lines": 0}, "missing_lines": [364], "excluded_lines": []}, "_empty_funnel_stats": {"executed_lines": [], "summary": {"covered_lines": 0, "num_statements": 1, "percent_covered": 0.0, "percent_covered_display": "0.00", "missing_lines": 1, "excluded_lines": 0}, "missing_lines": [373], "excluded_lines": []}, "_empty_industry_benchmarks": {"executed_lines": [], "summary": {"covered_lines": 0, "num_statements": 1, "percent_covered": 0.0, "percent_covered_display": "0.00", "missing_lines": 1, "excluded_lines": 0}, "missing_lines": [383], "excluded_lines": []}, "_empty_response_trends": {"executed_lines": [], "summary": {"covered_lines": 0, "num_statements": 1, "percent_covered": 0.0, "percent_covered_display": "0.00", "missing_lines": 1, "excluded_lines": 0}, "missing_lines": [391], "excluded_lines": []}, "_empty_volume_patterns": {"executed_lines": [], "summary": {"covered_lines": 0, "num_statements": 1, "percent_covered": 0.0, "percent_covered_display": "0.00", "missing_lines": 1, "excluded_lines": 0}, "missing_lines": [394], "excluded_lines": []}, "_empty_goal_progress": {"executed_lines": [], "summary": {"covered_lines": 0, "num_statements": 1, "percent_covered": 0.0, "percent_covered_display": "0.00", "missing_lines": 1, "excluded_lines": 0}, "missing_lines": [401], "excluded_lines": []}, "": {"executed_lines": [1, 4, 5, 6, 7, 8, 9, 10, 11, 12, 13, 14, 15, 17, 20, 21, 22, 72, 153, 187, 197, 225, 250, 280, 363, 372, 382, 390, 393, 400], "summary": {"covered_lines": 29, "num_statements": 29, "percent_covered": 100.0, "percent_covered_display": "100.00", "missing_lines": 0, "excluded_lines": 0}, "missing_lines": [], "excluded_lines": []}}, "classes": {"": {"executed_lines": [1, 4, 5, 6, 7, 8, 9, 10, 11, 12, 13, 14, 15, 17, 20, 21, 22, 72, 153, 187, 197, 225, 250, 280, 363, 372, 382, 390, 393, 400], "summary": {"covered_lines": 29, "num_statements": 177, "percent_covered": 16.384180790960453, "percent_covered_display": "16.38", "missing_lines": 148, "excluded_lines": 0}, "missing_lines": [24, 25, 26, 31, 32, 33, 34, 35, 36, 41, 44, 54, 55, 64, 65, 66, 74, 76, 81, 82, 85, 86, 89, 91, 92, 93, 95, 96, 98, 99, 102, 103, 104, 105, 108, 109, 110, 112, 127, 128, 131, 132, 133, 134, 135, 136, 137, 138, 140, 148, 149, 150, 155, 158, 168, 169, 171, 172, 173, 175, 177, 189, 200, 202, 203, 205, 206, 207, 209, 210, 211, 213, 215, 222, 227, 230, 231, 233, 234, 235, 237, 238, 243, 252, 253, 254, 257, 258, 259, 262, 263, 264, 266, 282, 283, 285, 286, 287, 293, 294, 296, 297, 298, 299, 300, 301, 302, 303, 304, 306, 307, 310, 311, 312, 313, 314, 315, 316, 320, 327, 329, 330, 332, 333, 334, 336, 337, 338, 339, 340, 343, 344, 345, 346, 347, 348, 349, 350, 352, 353, 354, 356, 364, 373, 383, 391, 394, 401], "excluded_lines": []}}}, "core/authentication.py": {"executed_lines": [1, 4, 5, 6, 7, 8, 9, 10, 11, 12, 13, 14, 15, 16, 18, 19, 22, 23, 33, 37, 39, 40, 42, 44, 46, 49, 52, 56, 58, 62, 63, 65, 72, 80, 81, 82, 83, 84, 86, 87, 89, 91, 92, 93, 96, 109, 112, 113, 115, 116, 119, 120, 121, 122, 123, 127, 128, 129, 145, 266, 271, 272, 273, 274, 277, 285, 286, 287, 288, 292, 293, 294, 295, 296, 297, 298, 299, 302, 303, 304, 311, 319, 324], "summary": {"covered_lines": 81, "num_statements": 216, "percent_covered": 37.5, "percent_covered_display": "37.50", "missing_lines": 135, "excluded_lines": 0}, "missing_lines": [47, 53, 59, 66, 67, 68, 69, 70, 73, 95, 98, 99, 100, 101, 102, 108, 118, 125, 130, 131, 133, 134, 135, 136, 137, 143, 146, 148, 150, 151, 153, 154, 156, 158, 159, 160, 161, 164, 165, 166, 167, 168, 170, 172, 173, 174, 176, 178, 179, 180, 183, 184, 185, 187, 188, 190, 191, 193, 194, 195, 197, 198, 199, 200, 201, 202, 204, 205, 206, 207, 208, 209, 210, 211, 212, 213, 214, 215, 216, 217, 218, 219, 220, 221, 222, 223, 224, 225, 226, 227, 229, 231, 232, 233, 234, 235, 236, 237, 238, 239, 241, 242, 243, 244, 245, 246, 247, 249, 250, 251, 253, 255, 256, 257, 258, 260, 261, 262, 263, 267, 268, 275, 278, 279, 280, 282, 305, 306, 307, 309, 313, 314, 315, 316, 317], "excluded_lines": [], "functions": {"FirebaseAuthentication.authenticate": {"executed_lines": [37, 39, 40, 42, 44, 46, 49, 52, 56, 58, 62, 63, 65, 72, 80, 81, 82, 83, 84, 86, 87, 89, 91, 92, 93, 96, 109, 112, 113, 115, 116, 119, 120, 121, 122, 123, 127, 128, 129, 145, 266, 271, 272, 273, 274, 277, 285, 286, 287, 288, 292, 293, 294, 295, 296, 297, 298, 299, 302, 303, 304, 311], "summary": {"covered_lines": 62, "num_statements": 179, "percent_covered": 34.63687150837989, "percent_covered_display": "34.64", "missing_lines": 117, "excluded_lines": 0}, "missing_lines": [47, 53, 59, 66, 67, 68, 69, 70, 73, 95, 98, 99, 100, 101, 102, 108, 118, 125, 130, 131, 133, 134, 135, 136, 137, 143, 146, 148, 150, 151, 153, 154, 156, 158, 159, 160, 161, 164, 165, 166, 167, 168, 170, 172, 173, 174, 176, 178, 204, 205, 206, 207, 208, 209, 210, 211, 212, 213, 214, 215, 216, 217, 218, 219, 220, 221, 222, 223, 224, 225, 226, 227, 229, 231, 232, 233, 234, 235, 236, 237, 238, 239, 241, 242, 243, 244, 245, 246, 247, 249, 250, 251, 253, 255, 256, 257, 258, 260, 261, 262, 263, 267, 268, 275, 278, 279, 280, 282, 305, 306, 307, 309, 313, 314, 315, 316, 317], "excluded_lines": []}, "FirebaseAuthentication.authenticate.candidate_urls": {"executed_lines": [], "summary": {"covered_lines": 0, "num_statements": 18, "percent_covered": 0.0, "percent_covered_display": "0.00", "missing_lines": 18, "excluded_lines": 0}, "missing_lines": [179, 180, 183, 184, 185, 187, 188, 190, 191, 193, 194, 195, 197, 198, 199, 200, 201, 202], "excluded_lines": []}, "FirebaseAuthentication.authenticate_header": {"executed_lines": [324], "summary": {"covered_lines": 1, "num_statements": 1, "percent_covered": 100.0, "percent_covered_display": "100.00", "missing_lines": 0, "excluded_lines": 0}, "missing_lines": [], "excluded_lines": []}, "": {"executed_lines": [1, 4, 5, 6, 7, 8, 9, 10, 11, 12, 13, 14, 15, 16, 18, 19, 22, 23, 33, 319], "summary": {"covered_lines": 18, "num_statements": 18, "percent_covered": 100.0, "percent_covered_display": "100.00", "missing_lines": 0, "excluded_lines": 0}, "missing_lines": [], "excluded_lines": []}}, "classes": {"FirebaseAuthentication": {"executed_lines": [37, 39, 40, 42, 44, 46, 49, 52, 56, 58, 62, 63, 65, 72, 80, 81, 82, 83, 84, 86, 87, 89, 91, 92, 93, 96, 109, 112, 113, 115, 116, 119, 120, 121, 122, 123, 127, 128, 129, 145, 266, 271, 272, 273, 274, 277, 285, 286, 287, 288, 292, 293, 294, 295, 296, 297, 298, 299, 302, 303, 304, 311, 324], "summary": {"covered_lines": 63, "num_statements": 198, "percent_covered": 31.818181818181817, "percent_covered_display": "31.82", "missing_lines": 135, "excluded_lines": 0}, "missing_lines": [47, 53, 59, 66, 67, 68, 69, 70, 73, 95, 98, 99, 100, 101, 102, 108, 118, 125, 130, 131, 133, 134, 135, 136, 137, 143, 146, 148, 150, 151, 153, 154, 156, 158, 159, 160, 161, 164, 165, 166, 167, 168, 170, 172, 173, 174, 176, 178, 179, 180, 183, 184, 185, 187, 188, 190, 191, 193, 194, 195, 197, 198, 199, 200, 201, 202, 204, 205, 206, 207, 208, 209, 210, 211, 212, 213, 214, 215, 216, 217, 218, 219, 220, 221, 222, 223, 224, 225, 226, 227, 229, 231, 232, 233, 234, 235, 236, 237, 238, 239, 241, 242, 243, 244, 245, 246, 247, 249, 250, 251, 253, 255, 256, 257, 258, 260, 261, 262, 263, 267, 268, 275, 278, 279, 280, 282, 305, 306, 307, 309, 313, 314, 315, 316, 317], "excluded_lines": []}, "": {"executed_lines": [1, 4, 5, 6, 7, 8, 9, 10, 11, 12, 13, 14, 15, 16, 18, 19, 22, 23, 33, 319], "summary": {"covered_lines": 18, "num_statements": 18, "percent_covered": 100.0, "percent_covered_display": "100.00", "missing_lines": 0, "excluded_lines": 0}, "missing_lines": [], "excluded_lines": []}}}, "core/automation.py": {"executed_lines": [2, 9, 10, 11, 12, 13, 14, 15, 17, 21, 23, 26, 27, 32, 33, 97, 98, 101, 103, 108, 110, 111, 112, 114, 115, 116, 117, 231, 232, 235, 237, 242, 244, 245, 246, 248, 249, 250, 251, 396, 397, 401, 402, 441, 442, 471, 472, 511, 512, 528, 529, 552, 553, 570, 571, 577, 578, 606, 607, 611, 612, 636, 637, 653, 654, 669, 670, 709, 716], "summary": {"covered_lines": 65, "num_statements": 364, "percent_covered": 17.857142857142858, "percent_covered_display": "17.86", "missing_lines": 299, "excluded_lines": 0}, "missing_lines": [46, 47, 50, 59, 60, 61, 64, 65, 68, 71, 72, 73, 76, 79, 80, 81, 84, 85, 87, 88, 90, 91, 92, 93, 94, 95, 104, 105, 120, 121, 124, 134, 135, 136, 140, 144, 146, 156, 157, 158, 161, 162, 163, 164, 165, 168, 169, 171, 174, 175, 176, 177, 178, 180, 181, 183, 184, 188, 189, 190, 191, 194, 195, 196, 198, 200, 201, 202, 203, 205, 206, 208, 209, 212, 213, 214, 216, 217, 219, 220, 222, 223, 224, 225, 227, 228, 229, 238, 239, 254, 255, 256, 259, 270, 271, 272, 276, 280, 282, 300, 303, 304, 305, 306, 307, 310, 311, 313, 316, 317, 318, 319, 320, 322, 323, 325, 326, 330, 331, 332, 333, 336, 337, 338, 340, 342, 343, 344, 345, 347, 348, 350, 351, 354, 355, 356, 357, 360, 361, 362, 364, 366, 367, 368, 369, 371, 372, 374, 375, 378, 379, 380, 382, 383, 385, 386, 388, 389, 390, 391, 393, 394, 395, 410, 412, 413, 414, 415, 417, 420, 426, 428, 429, 430, 431, 432, 433, 435, 436, 438, 439, 444, 445, 448, 449, 450, 451, 454, 455, 456, 457, 460, 461, 462, 463, 465, 467, 468, 469, 474, 475, 476, 478, 480, 481, 482, 483, 484, 485, 486, 487, 488, 489, 490, 491, 492, 493, 495, 498, 499, 500, 504, 505, 507, 508, 509, 515, 516, 517, 519, 520, 526, 532, 533, 534, 536, 539, 545, 546, 550, 556, 557, 558, 560, 563, 564, 568, 575, 581, 582, 583, 585, 586, 588, 590, 597, 598, 600, 602, 603, 614, 615, 624, 625, 626, 627, 628, 629, 631, 633, 634, 639, 640, 648, 650, 651, 656, 657, 664, 666, 667, 673, 674, 675, 677, 679, 680, 681, 684, 685, 687, 690, 693, 695, 705, 711, 712, 713, 718], "excluded_lines": [], "functions": {"ApplicationPackageGenerator.generate_package": {"executed_lines": [], "summary": {"covered_lines": 0, "num_statements": 26, "percent_covered": 0.0, "percent_covered_display": "0.00", "missing_lines": 26, "excluded_lines": 0}, "missing_lines": [46, 47, 50, 59, 60, 61, 64, 65, 68, 71, 72, 73, 76, 79, 80, 81, 84, 85, 87, 88, 90, 91, 92, 93, 94, 95], "excluded_lines": []}, "ApplicationPackageGenerator._generate_resume": {"executed_lines": [101, 103, 108, 110, 111, 112, 114, 115, 116, 117], "summary": {"covered_lines": 10, "num_statements": 71, "percent_covered": 14.084507042253522, "percent_covered_display": "14.08", "missing_lines": 61, "excluded_lines": 0}, "missing_lines": [104, 105, 120, 121, 124, 134, 135, 136, 140, 144, 146, 156, 157, 158, 161, 162, 163, 164, 165, 168, 169, 171, 174, 175, 176, 177, 178, 180, 181, 183, 184, 188, 189, 190, 191, 194, 195, 196, 198, 200, 201, 202, 203, 205, 206, 208, 209, 212, 213, 214, 216, 217, 219, 220, 222, 223, 224, 225, 227, 228, 229], "excluded_lines": []}, "ApplicationPackageGenerator._generate_cover_letter": {"executed_lines": [235, 237, 242, 244, 245, 246, 248, 249, 250, 251], "summary": {"covered_lines": 10, "num_statements": 86, "percent_covered": 11.627906976744185, "percent_covered_display": "11.63", "missing_lines": 76, "excluded_lines": 0}, "missing_lines": [238, 239, 254, 255, 256, 259, 270, 271, 272, 276, 280, 282, 300, 303, 304, 305, 306, 307, 310, 311, 313, 316, 317, 318, 319, 320, 322, 323, 325, 326, 330, 331, 332, 333, 336, 337, 338, 340, 342, 343, 344, 345, 347, 348, 350, 351, 354, 355, 356, 357, 360, 361, 362, 364, 366, 367, 368, 369, 371, 372, 374, 375, 378, 379, 380, 382, 383, 385, 386, 388, 389, 390, 391, 393, 394, 395], "excluded_lines": []}, "AutomationEngine.trigger_rules": {"executed_lines": [], "summary": {"covered_lines": 0, "num_statements": 18, "percent_covered": 0.0, "percent_covered_display": "0.00", "missing_lines": 18, "excluded_lines": 0}, "missing_lines": [410, 412, 413, 414, 415, 417, 420, 426, 428, 429, 430, 431, 432, 433, 435, 436, 438, 439], "excluded_lines": []}, "AutomationEngine._should_execute_rule": {"executed_lines": [], "summary": {"covered_lines": 0, "num_statements": 18, "percent_covered": 0.0, "percent_covered_display": "0.00", "missing_lines": 18, "excluded_lines": 0}, "missing_lines": [444, 445, 448, 449, 450, 451, 454, 455, 456, 457, 460, 461, 462, 463, 465, 467, 468, 469], "excluded_lines": []}, "AutomationEngine._execute_rule": {"executed_lines": [], "summary": {"covered_lines": 0, "num_statements": 27, "percent_covered": 0.0, "percent_covered_display": "0.00", "missing_lines": 27, "excluded_lines": 0}, "missing_lines": [474, 475, 476, 478, 480, 481, 482, 483, 484, 485, 486, 487, 488, 489, 490, 491, 492, 493, 495, 498, 499, 500, 504, 505, 507, 508, 509], "excluded_lines": []}, "AutomationEngine._execute_generate_package": {"executed_lines": [], "summary": {"covered_lines": 0, "num_statements": 6, "percent_covered": 0.0, "percent_covered_display": "0.00", "missing_lines": 6, "excluded_lines": 0}, "missing_lines": [515, 516, 517, 519, 520, 526], "excluded_lines": []}, "AutomationEngine._execute_schedule_application": {"executed_lines": [], "summary": {"covered_lines": 0, "num_statements": 8, "percent_covered": 0.0, "percent_covered_display": "0.00", "missing_lines": 8, "excluded_lines": 0}, "missing_lines": [532, 533, 534, 536, 539, 545, 546, 550], "excluded_lines": []}, "AutomationEngine._execute_send_followup": {"executed_lines": [], "summary": {"covered_lines": 0, "num_statements": 7, "percent_covered": 0.0, "percent_covered_display": "0.00", "missing_lines": 7, "excluded_lines": 0}, "missing_lines": [556, 557, 558, 560, 563, 564, 568], "excluded_lines": []}, "AutomationEngine._execute_create_reminder": {"executed_lines": [], "summary": {"covered_lines": 0, "num_statements": 1, "percent_covered": 0.0, "percent_covered_display": "0.00", "missing_lines": 1, "excluded_lines": 0}, "missing_lines": [575], "excluded_lines": []}, "AutomationEngine._execute_update_status": {"executed_lines": [], "summary": {"covered_lines": 0, "num_statements": 12, "percent_covered": 0.0, "percent_covered_display": "0.00", "missing_lines": 12, "excluded_lines": 0}, "missing_lines": [581, 582, 583, 585, 586, 588, 590, 597, 598, 600, 602, 603], "excluded_lines": []}, "AutomationTriggers.on_job_created": {"executed_lines": [], "summary": {"covered_lines": 0, "num_statements": 11, "percent_covered": 0.0, "percent_covered_display": "0.00", "missing_lines": 11, "excluded_lines": 0}, "missing_lines": [614, 615, 624, 625, 626, 627, 628, 629, 631, 633, 634], "excluded_lines": []}, "AutomationTriggers.on_match_score_calculated": {"executed_lines": [], "summary": {"covered_lines": 0, "num_statements": 5, "percent_covered": 0.0, "percent_covered_display": "0.00", "missing_lines": 5, "excluded_lines": 0}, "missing_lines": [639, 640, 648, 650, 651], "excluded_lines": []}, "AutomationTriggers.on_deadline_approaching": {"executed_lines": [], "summary": {"covered_lines": 0, "num_statements": 5, "percent_covered": 0.0, "percent_covered_display": "0.00", "missing_lines": 5, "excluded_lines": 0}, "missing_lines": [656, 657, 664, 666, 667], "excluded_lines": []}, "AutomationTriggers._execute_create_deadline_reminder": {"executed_lines": [], "summary": {"covered_lines": 0, "num_statements": 14, "percent_covered": 0.0, "percent_covered_display": "0.00", "missing_lines": 14, "excluded_lines": 0}, "missing_lines": [673, 674, 675, 677, 679, 680, 681, 684, 685, 687, 690, 693, 695, 705], "excluded_lines": []}, "generate_application_package": {"executed_lines": [], "summary": {"covered_lines": 0, "num_statements": 3, "percent_covered": 0.0, "percent_covered_display": "0.00", "missing_lines": 3, "excluded_lines": 0}, "missing_lines": [711, 712, 713], "excluded_lines": []}, "trigger_job_automation": {"executed_lines": [], "summary": {"covered_lines": 0, "num_statements": 1, "percent_covered": 0.0, "percent_covered_display": "0.00", "missing_lines": 1, "excluded_lines": 0}, "missing_lines": [718], "excluded_lines": []}, "": {"executed_lines": [2, 9, 10, 11, 12, 13, 14, 15, 17, 21, 23, 26, 27, 32, 33, 97, 98, 231, 232, 396, 397, 401, 402, 441, 442, 471, 472, 511, 512, 528, 529, 552, 553, 570, 571, 577, 578, 606, 607, 611, 612, 636, 637, 653, 654, 669, 670, 709, 716], "summary": {"covered_lines": 45, "num_statements": 45, "percent_covered": 100.0, "percent_covered_display": "100.00", "missing_lines": 0, "excluded_lines": 0}, "missing_lines": [], "excluded_lines": []}}, "classes": {"ApplicationPackageGenerator": {"executed_lines": [101, 103, 108, 110, 111, 112, 114, 115, 116, 117, 235, 237, 242, 244, 245, 246, 248, 249, 250, 251], "summary": {"covered_lines": 20, "num_statements": 183, "percent_covered": 10.92896174863388, "percent_covered_display": "10.93", "missing_lines": 163, "excluded_lines": 0}, "missing_lines": [46, 47, 50, 59, 60, 61, 64, 65, 68, 71, 72, 73, 76, 79, 80, 81, 84, 85, 87, 88, 90, 91, 92, 93, 94, 95, 104, 105, 120, 121, 124, 134, 135, 136, 140, 144, 146, 156, 157, 158, 161, 162, 163, 164, 165, 168, 169, 171, 174, 175, 176, 177, 178, 180, 181, 183, 184, 188, 189, 190, 191, 194, 195, 196, 198, 200, 201, 202, 203, 205, 206, 208, 209, 212, 213, 214, 216, 217, 219, 220, 222, 223, 224, 225, 227, 228, 229, 238, 239, 254, 255, 256, 259, 270, 271, 272, 276, 280, 282, 300, 303, 304, 305, 306, 307, 310, 311, 313, 316, 317, 318, 319, 320, 322, 323, 325, 326, 330, 331, 332, 333, 336, 337, 338, 340, 342, 343, 344, 345, 347, 348, 350, 351, 354, 355, 356, 357, 360, 361, 362, 364, 366, 367, 368, 369, 371, 372, 374, 375, 378, 379, 380, 382, 383, 385, 386, 388, 389, 390, 391, 393, 394, 395], "excluded_lines": []}, "AutomationEngine": {"executed_lines": [], "summary": {"covered_lines": 0, "num_statements": 97, "percent_covered": 0.0, "percent_covered_display": "0.00", "missing_lines": 97, "excluded_lines": 0}, "missing_lines": [410, 412, 413, 414, 415, 417, 420, 426, 428, 429, 430, 431, 432, 433, 435, 436, 438, 439, 444, 445, 448, 449, 450, 451, 454, 455, 456, 457, 460, 461, 462, 463, 465, 467, 468, 469, 474, 475, 476, 478, 480, 481, 482, 483, 484, 485, 486, 487, 488, 489, 490, 491, 492, 493, 495, 498, 499, 500, 504, 505, 507, 508, 509, 515, 516, 517, 519, 520, 526, 532, 533, 534, 536, 539, 545, 546, 550, 556, 557, 558, 560, 563, 564, 568, 575, 581, 582, 583, 585, 586, 588, 590, 597, 598, 600, 602, 603], "excluded_lines": []}, "AutomationTriggers": {"executed_lines": [], "summary": {"covered_lines": 0, "num_statements": 35, "percent_covered": 0.0, "percent_covered_display": "0.00", "missing_lines": 35, "excluded_lines": 0}, "missing_lines": [614, 615, 624, 625, 626, 627, 628, 629, 631, 633, 634, 639, 640, 648, 650, 651, 656, 657, 664, 666, 667, 673, 674, 675, 677, 679, 680, 681, 684, 685, 687, 690, 693, 695, 705], "excluded_lines": []}, "": {"executed_lines": [2, 9, 10, 11, 12, 13, 14, 15, 17, 21, 23, 26, 27, 32, 33, 97, 98, 231, 232, 396, 397, 401, 402, 441, 442, 471, 472, 511, 512, 528, 529, 552, 553, 570, 571, 577, 578, 606, 607, 611, 612, 636, 637, 653, 654, 669, 670, 709, 716], "summary": {"covered_lines": 45, "num_statements": 49, "percent_covered": 91.83673469387755, "percent_covered_display": "91.84", "missing_lines": 4, "excluded_lines": 0}, "missing_lines": [711, 712, 713, 718], "excluded_lines": []}}}, "core/cover_letter_ai.py": {"executed_lines": [1, 8, 10, 11, 12, 13, 15, 16, 17, 19, 20, 22, 25, 26, 27, 28, 31, 32, 35, 51, 52, 53, 54, 56, 57, 59, 60, 61, 64, 65, 66, 67, 68, 69, 70, 71, 73, 75, 78, 89, 91, 92, 93, 95, 96, 97, 99, 100, 107, 113, 126, 127, 128, 129, 131, 159, 197, 200, 201, 202, 206, 209, 210, 211, 217, 222, 223, 225, 226, 228, 229, 230, 231, 232, 234, 235, 238, 242, 243, 244, 248, 249, 250, 251, 254, 256, 272, 275, 290, 291, 303, 304, 305, 306, 307, 330, 338, 366, 369, 370, 372, 374, 375, 386, 387, 388, 391, 392, 393, 394, 395, 396, 399, 402, 434, 435, 436, 439, 440, 441, 442, 445, 446, 447, 450, 458, 461], "summary": {"covered_lines": 125, "num_statements": 243, "percent_covered": 51.440329218106996, "percent_covered_display": "51.44", "missing_lines": 118, "excluded_lines": 0}, "missing_lines": [55, 58, 72, 74, 90, 108, 109, 110, 203, 204, 205, 212, 213, 214, 224, 246, 252, 309, 310, 311, 312, 313, 316, 317, 371, 491, 492, 493, 494, 495, 498, 499, 500, 501, 502, 504, 507, 508, 509, 510, 511, 512, 515, 516, 517, 518, 519, 520, 521, 524, 525, 526, 527, 529, 532, 533, 534, 535, 536, 537, 538, 540, 541, 542, 543, 544, 545, 548, 551, 552, 553, 554, 557, 558, 559, 560, 562, 563, 564, 566, 567, 568, 571, 574, 575, 576, 579, 582, 583, 584, 585, 586, 587, 590, 591, 592, 593, 594, 595, 596, 599, 600, 601, 602, 603, 604, 607, 608, 609, 611, 612, 614, 615, 616, 619, 620, 621, 622], "excluded_lines": [], "functions": {"_dedupe": {"executed_lines": [52, 53, 54, 56, 57, 59, 60, 61], "summary": {"covered_lines": 8, "num_statements": 10, "percent_covered": 80.0, "percent_covered_display": "80.00", "missing_lines": 2, "excluded_lines": 0}, "missing_lines": [55, 58], "excluded_lines": []}, "_collect_achievements": {"executed_lines": [65, 66, 67, 68, 69, 70, 71, 73, 75], "summary": {"covered_lines": 9, "num_statements": 11, "percent_covered": 81.81818181818181, "percent_covered_display": "81.82", "missing_lines": 2, "excluded_lines": 0}, "missing_lines": [72, 74], "excluded_lines": []}, "build_company_research_snapshot": {"executed_lines": [89, 91, 92, 93, 95, 96, 97, 99, 100, 107], "summary": {"covered_lines": 10, "num_statements": 14, "percent_covered": 71.42857142857143, "percent_covered_display": "71.43", "missing_lines": 4, "excluded_lines": 0}, "missing_lines": [90, 108, 109, 110], "excluded_lines": []}, "build_generation_prompt": {"executed_lines": [126, 127, 128, 129, 131, 159, 197], "summary": {"covered_lines": 7, "num_statements": 7, "percent_covered": 100.0, "percent_covered_display": "100.00", "missing_lines": 0, "excluded_lines": 0}, "missing_lines": [], "excluded_lines": []}, "_strip_code_fence": {"executed_lines": [201, 202, 206], "summary": {"covered_lines": 3, "num_statements": 6, "percent_covered": 50.0, "percent_covered_display": "50.00", "missing_lines": 3, "excluded_lines": 0}, "missing_lines": [203, 204, 205], "excluded_lines": []}, "parse_payload": {"executed_lines": [210, 211], "summary": {"covered_lines": 2, "num_statements": 5, "percent_covered": 40.0, "percent_covered_display": "40.00", "missing_lines": 3, "excluded_lines": 0}, "missing_lines": [212, 213, 214], "excluded_lines": []}, "_normalize_variations": {"executed_lines": [222, 223, 225, 226, 228, 229, 230, 231, 232, 234, 235, 238, 242, 243, 244, 248, 249, 250, 251, 254, 256, 272], "summary": {"covered_lines": 22, "num_statements": 25, "percent_covered": 88.0, "percent_covered_display": "88.00", "missing_lines": 3, "excluded_lines": 0}, "missing_lines": [224, 246, 252], "excluded_lines": []}, "run_cover_letter_generation": {"executed_lines": [290, 291, 303, 304, 305, 306, 307, 330], "summary": {"covered_lines": 8, "num_statements": 15, "percent_covered": 53.333333333333336, "percent_covered_display": "53.33", "missing_lines": 7, "excluded_lines": 0}, "missing_lines": [309, 310, 311, 312, 313, 316, 317], "excluded_lines": []}, "generate_cover_letter_latex": {"executed_lines": [366, 369, 391, 392, 393, 394, 395, 396, 399, 402, 434, 435, 436, 439, 440, 441, 442, 445, 446, 447, 450, 458], "summary": {"covered_lines": 22, "num_statements": 22, "percent_covered": 100.0, "percent_covered_display": "100.00", "missing_lines": 0, "excluded_lines": 0}, "missing_lines": [], "excluded_lines": []}, "generate_cover_letter_latex.latex_escape": {"executed_lines": [370, 372, 374, 375, 386, 387, 388], "summary": {"covered_lines": 7, "num_statements": 8, "percent_covered": 87.5, "percent_covered_display": "87.50", "missing_lines": 1, "excluded_lines": 0}, "missing_lines": [371], "excluded_lines": []}, "generate_cover_letter_docx": {"executed_lines": [], "summary": {"covered_lines": 0, "num_statements": 93, "percent_covered": 0.0, "percent_covered_display": "0.00", "missing_lines": 93, "excluded_lines": 0}, "missing_lines": [491, 492, 493, 494, 495, 498, 499, 500, 501, 502, 504, 507, 508, 509, 510, 511, 512, 515, 516, 517, 518, 519, 520, 521, 524, 525, 526, 527, 529, 532, 533, 534, 535, 536, 537, 538, 540, 541, 542, 543, 544, 545, 548, 551, 552, 553, 554, 557, 558, 559, 560, 562, 563, 564, 566, 567, 568, 571, 574, 575, 576, 579, 582, 583, 584, 585, 586, 587, 590, 591, 592, 593, 594, 595, 596, 599, 600, 601, 602, 603, 604, 607, 608, 609, 611, 612, 614, 615, 616, 619, 620, 621, 622], "excluded_lines": []}, "": {"executed_lines": [1, 8, 10, 11, 12, 13, 15, 16, 17, 19, 20, 22, 25, 26, 27, 28, 31, 32, 35, 51, 64, 78, 113, 200, 209, 217, 275, 338, 461], "summary": {"covered_lines": 27, "num_statements": 27, "percent_covered": 100.0, "percent_covered_display": "100.00", "missing_lines": 0, "excluded_lines": 0}, "missing_lines": [], "excluded_lines": []}}, "classes": {"CoverLetterAIError": {"executed_lines": [], "summary": {"covered_lines": 0, "num_statements": 0, "percent_covered": 100.0, "percent_covered_display": "100.00", "missing_lines": 0, "excluded_lines": 0}, "missing_lines": [], "excluded_lines": []}, "": {"executed_lines": [1, 8, 10, 11, 12, 13, 15, 16, 17, 19, 20, 22, 25, 26, 27, 28, 31, 32, 35, 51, 52, 53, 54, 56, 57, 59, 60, 61, 64, 65, 66, 67, 68, 69, 70, 71, 73, 75, 78, 89, 91, 92, 93, 95, 96, 97, 99, 100, 107, 113, 126, 127, 128, 129, 131, 159, 197, 200, 201, 202, 206, 209, 210, 211, 217, 222, 223, 225, 226, 228, 229, 230, 231, 232, 234, 235, 238, 242, 243, 244, 248, 249, 250, 251, 254, 256, 272, 275, 290, 291, 303, 304, 305, 306, 307, 330, 338, 366, 369, 370, 372, 374, 375, 386, 387, 388, 391, 392, 393, 394, 395, 396, 399, 402, 434, 435, 436, 439, 440, 441, 442, 445, 446, 447, 450, 458, 461], "summary": {"covered_lines": 125, "num_statements": 243, "percent_covered": 51.440329218106996, "percent_covered_display": "51.44", "missing_lines": 118, "excluded_lines": 0}, "missing_lines": [55, 58, 72, 74, 90, 108, 109, 110, 203, 204, 205, 212, 213, 214, 224, 246, 252, 309, 310, 311, 312, 313, 316, 317, 371, 491, 492, 493, 494, 495, 498, 499, 500, 501, 502, 504, 507, 508, 509, 510, 511, 512, 515, 516, 517, 518, 519, 520, 521, 524, 525, 526, 527, 529, 532, 533, 534, 535, 536, 537, 538, 540, 541, 542, 543, 544, 545, 548, 551, 552, 553, 554, 557, 558, 559, 560, 562, 563, 564, 566, 567, 568, 571, 574, 575, 576, 579, 582, 583, 584, 585, 586, 587, 590, 591, 592, 593, 594, 595, 596, 599, 600, 601, 602, 603, 604, 607, 608, 609, 611, 612, 614, 615, 616, 619, 620, 621, 622], "excluded_lines": []}}}, "core/exceptions.py": {"executed_lines": [1, 4, 5, 6, 7, 9, 12, 14, 15, 16, 18, 19, 20, 21, 22, 37, 40, 55, 56, 59, 60, 61, 62, 63, 68, 70, 72, 73, 79, 80, 83, 84, 85, 86, 89, 91, 92, 94, 110, 113, 115, 116, 133], "summary": {"covered_lines": 42, "num_statements": 80, "percent_covered": 52.5, "percent_covered_display": "52.50", "missing_lines": 38, "excluded_lines": 0}, "missing_lines": [23, 24, 26, 27, 28, 29, 30, 31, 32, 33, 34, 35, 36, 57, 58, 64, 65, 87, 97, 100, 118, 130, 135, 136, 137, 139, 140, 141, 142, 143, 145, 147, 148, 151, 152, 153, 154, 156], "excluded_lines": [], "functions": {"_collect_messages_from_response_data": {"executed_lines": [14, 15, 16, 18, 19, 20, 21, 22, 37], "summary": {"covered_lines": 9, "num_statements": 22, "percent_covered": 40.90909090909091, "percent_covered_display": "40.91", "missing_lines": 13, "excluded_lines": 0}, "missing_lines": [23, 24, 26, 27, 28, 29, 30, 31, 32, 33, 34, 35, 36], "excluded_lines": []}, "custom_exception_handler": {"executed_lines": [55, 56, 59, 60, 61, 62, 63, 68, 70, 72, 73, 79, 80, 83, 84, 85, 86, 89, 91, 92, 94, 110], "summary": {"covered_lines": 22, "num_statements": 29, "percent_covered": 75.86206896551724, "percent_covered_display": "75.86", "missing_lines": 7, "excluded_lines": 0}, "missing_lines": [57, 58, 64, 65, 87, 97, 100], "excluded_lines": []}, "get_error_code": {"executed_lines": [115, 116], "summary": {"covered_lines": 2, "num_statements": 4, "percent_covered": 50.0, "percent_covered_display": "50.00", "missing_lines": 2, "excluded_lines": 0}, "missing_lines": [118, 130], "excluded_lines": []}, "get_error_message": {"executed_lines": [], "summary": {"covered_lines": 0, "num_statements": 16, "percent_covered": 0.0, "percent_covered_display": "0.00", "missing_lines": 16, "excluded_lines": 0}, "missing_lines": [135, 136, 137, 139, 140, 141, 142, 143, 145, 147, 148, 151, 152, 153, 154, 156], "excluded_lines": []}, "": {"executed_lines": [1, 4, 5, 6, 7, 9, 12, 40, 113, 133], "summary": {"covered_lines": 9, "num_statements": 9, "percent_covered": 100.0, "percent_covered_display": "100.00", "missing_lines": 0, "excluded_lines": 0}, "missing_lines": [], "excluded_lines": []}}, "classes": {"": {"executed_lines": [1, 4, 5, 6, 7, 9, 12, 14, 15, 16, 18, 19, 20, 21, 22, 37, 40, 55, 56, 59, 60, 61, 62, 63, 68, 70, 72, 73, 79, 80, 83, 84, 85, 86, 89, 91, 92, 94, 110, 113, 115, 116, 133], "summary": {"covered_lines": 42, "num_statements": 80, "percent_covered": 52.5, "percent_covered_display": "52.50", "missing_lines": 38, "excluded_lines": 0}, "missing_lines": [23, 24, 26, 27, 28, 29, 30, 31, 32, 33, 34, 35, 36, 57, 58, 64, 65, 87, 97, 100, 118, 130, 135, 136, 137, 139, 140, 141, 142, 143, 145, 147, 148, 151, 152, 153, 154, 156], "excluded_lines": []}}}, "core/firebase_utils.py": {"executed_lines": [1, 4, 5, 6, 8, 10, 11, 14, 15, 18, 49, 72, 93, 120], "summary": {"covered_lines": 13, "num_statements": 63, "percent_covered": 20.634920634920636, "percent_covered_display": "20.63", "missing_lines": 50, "excluded_lines": 0}, "missing_lines": [27, 28, 30, 32, 33, 34, 36, 37, 38, 40, 41, 42, 43, 44, 45, 46, 58, 59, 61, 62, 64, 65, 66, 67, 68, 69, 82, 83, 85, 86, 87, 88, 89, 90, 103, 104, 106, 107, 108, 115, 116, 117, 132, 133, 135, 136, 141, 146, 147, 148], "excluded_lines": [], "functions": {"initialize_firebase": {"executed_lines": [], "summary": {"covered_lines": 0, "num_statements": 16, "percent_covered": 0.0, "percent_covered_display": "0.00", "missing_lines": 16, "excluded_lines": 0}, "missing_lines": [27, 28, 30, 32, 33, 34, 36, 37, 38, 40, 41, 42, 43, 44, 45, 46], "excluded_lines": []}, "get_firestore_client": {"executed_lines": [], "summary": {"covered_lines": 0, "num_statements": 10, "percent_covered": 0.0, "percent_covered_display": "0.00", "missing_lines": 10, "excluded_lines": 0}, "missing_lines": [58, 59, 61, 62, 64, 65, 66, 67, 68, 69], "excluded_lines": []}, "verify_firebase_token": {"executed_lines": [], "summary": {"covered_lines": 0, "num_statements": 8, "percent_covered": 0.0, "percent_covered_display": "0.00", "missing_lines": 8, "excluded_lines": 0}, "missing_lines": [82, 83, 85, 86, 87, 88, 89, 90], "excluded_lines": []}, "get_user_by_email": {"executed_lines": [], "summary": {"covered_lines": 0, "num_statements": 8, "percent_covered": 0.0, "percent_covered_display": "0.00", "missing_lines": 8, "excluded_lines": 0}, "missing_lines": [103, 104, 106, 107, 108, 115, 116, 117], "excluded_lines": []}, "create_firebase_user": {"executed_lines": [], "summary": {"covered_lines": 0, "num_statements": 8, "percent_covered": 0.0, "percent_covered_display": "0.00", "missing_lines": 8, "excluded_lines": 0}, "missing_lines": [132, 133, 135, 136, 141, 146, 147, 148], "excluded_lines": []}, "": {"executed_lines": [1, 4, 5, 6, 8, 10, 11, 14, 15, 18, 49, 72, 93, 120], "summary": {"covered_lines": 13, "num_statements": 13, "percent_covered": 100.0, "percent_covered_display": "100.00", "missing_lines": 0, "excluded_lines": 0}, "missing_lines": [], "excluded_lines": []}}, "classes": {"": {"executed_lines": [1, 4, 5, 6, 8, 10, 11, 14, 15, 18, 49, 72, 93, 120], "summary": {"covered_lines": 13, "num_statements": 63, "percent_covered": 20.634920634920636, "percent_covered_display": "20.63", "missing_lines": 50, "excluded_lines": 0}, "missing_lines": [27, 28, 30, 32, 33, 34, 36, 37, 38, 40, 41, 42, 43, 44, 45, 46, 58, 59, 61, 62, 64, 65, 66, 67, 68, 69, 82, 83, 85, 86, 87, 88, 89, 90, 103, 104, 106, 107, 108, 115, 116, 117, 132, 133, 135, 136, 141, 146, 147, 148], "excluded_lines": []}}}, "core/google_import.py": {"executed_lines": [1, 5, 6, 7, 9, 11, 12, 13, 15, 23, 24, 32, 33, 34, 35, 38, 39, 46, 47, 48, 51, 52, 53, 57, 58, 59, 60, 61, 64, 65, 66, 67, 68, 69, 70, 71, 72, 75, 77, 85, 86, 87, 88, 89, 90, 91, 92, 93, 94, 95, 96, 99], "summary": {"covered_lines": 51, "num_statements": 56, "percent_covered": 91.07142857142857, "percent_covered_display": "91.07", "missing_lines": 5, "excluded_lines": 0}, "missing_lines": [62, 63, 100, 101, 102], "excluded_lines": [], "functions": {"build_google_auth_url": {"executed_lines": [24, 32, 33, 34, 35], "summary": {"covered_lines": 5, "num_statements": 5, "percent_covered": 100.0, "percent_covered_display": "100.00", "missing_lines": 0, "excluded_lines": 0}, "missing_lines": [], "excluded_lines": []}, "exchange_code_for_tokens": {"executed_lines": [39, 46, 47, 48], "summary": {"covered_lines": 4, "num_statements": 4, "percent_covered": 100.0, "percent_covered_display": "100.00", "missing_lines": 0, "excluded_lines": 0}, "missing_lines": [], "excluded_lines": []}, "fetch_connections": {"executed_lines": [52, 53, 57, 58, 59, 60, 61, 64, 65, 66, 67, 68, 69, 70, 71, 72], "summary": {"covered_lines": 16, "num_statements": 18, "percent_covered": 88.88888888888889, "percent_covered_display": "88.89", "missing_lines": 2, "excluded_lines": 0}, "missing_lines": [62, 63], "excluded_lines": []}, "normalize_person": {"executed_lines": [77, 85, 86, 87, 88, 89, 90, 91, 92, 93, 94, 95, 96], "summary": {"covered_lines": 13, "num_statements": 13, "percent_covered": 100.0, "percent_covered_display": "100.00", "missing_lines": 0, "excluded_lines": 0}, "missing_lines": [], "excluded_lines": []}, "fetch_and_normalize": {"executed_lines": [], "summary": {"covered_lines": 0, "num_statements": 3, "percent_covered": 0.0, "percent_covered_display": "0.00", "missing_lines": 3, "excluded_lines": 0}, "missing_lines": [100, 101, 102], "excluded_lines": []}, "": {"executed_lines": [1, 5, 6, 7, 9, 11, 12, 13, 15, 23, 38, 51, 75, 99], "summary": {"covered_lines": 13, "num_statements": 13, "percent_covered": 100.0, "percent_covered_display": "100.00", "missing_lines": 0, "excluded_lines": 0}, "missing_lines": [], "excluded_lines": []}}, "classes": {"": {"executed_lines": [1, 5, 6, 7, 9, 11, 12, 13, 15, 23, 24, 32, 33, 34, 35, 38, 39, 46, 47, 48, 51, 52, 53, 57, 58, 59, 60, 61, 64, 65, 66, 67, 68, 69, 70, 71, 72, 75, 77, 85, 86, 87, 88, 89, 90, 91, 92, 93, 94, 95, 96, 99], "summary": {"covered_lines": 51, "num_statements": 56, "percent_covered": 91.07142857142857, "percent_covered_display": "91.07", "missing_lines": 5, "excluded_lines": 0}, "missing_lines": [62, 63, 100, 101, 102], "excluded_lines": []}}}, "core/grammar_check.py": {"executed_lines": [], "summary": {"covered_lines": 0, "num_statements": 60, "percent_covered": 0.0, "percent_covered_display": "0.00", "missing_lines": 60, "excluded_lines": 0}, "missing_lines": [5, 6, 7, 9, 12, 15, 18, 19, 21, 22, 23, 24, 25, 26, 29, 39, 40, 42, 43, 44, 46, 47, 49, 52, 54, 67, 69, 70, 72, 73, 74, 77, 89, 90, 92, 93, 94, 95, 97, 98, 100, 101, 102, 105, 107, 115, 116, 118, 120, 121, 122, 124, 127, 130, 131, 132, 133, 134, 135, 136], "excluded_lines": [], "functions": {"get_language_tool": {"executed_lines": [], "summary": {"covered_lines": 0, "num_statements": 8, "percent_covered": 0.0, "percent_covered_display": "0.00", "missing_lines": 8, "excluded_lines": 0}, "missing_lines": [18, 19, 21, 22, 23, 24, 25, 26], "excluded_lines": []}, "check_grammar": {"executed_lines": [], "summary": {"covered_lines": 0, "num_statements": 16, "percent_covered": 0.0, "percent_covered_display": "0.00", "missing_lines": 16, "excluded_lines": 0}, "missing_lines": [39, 40, 42, 43, 44, 46, 47, 49, 52, 54, 67, 69, 70, 72, 73, 74], "excluded_lines": []}, "apply_suggestion": {"executed_lines": [], "summary": {"covered_lines": 0, "num_statements": 11, "percent_covered": 0.0, "percent_covered_display": "0.00", "missing_lines": 11, "excluded_lines": 0}, "missing_lines": [89, 90, 92, 93, 94, 95, 97, 98, 100, 101, 102], "excluded_lines": []}, "_map_issue_type": {"executed_lines": [], "summary": {"covered_lines": 0, "num_statements": 8, "percent_covered": 0.0, "percent_covered_display": "0.00", "missing_lines": 8, "excluded_lines": 0}, "missing_lines": [107, 115, 116, 118, 120, 121, 122, 124], "excluded_lines": []}, "close_language_tool": {"executed_lines": [], "summary": {"covered_lines": 0, "num_statements": 7, "percent_covered": 0.0, "percent_covered_display": "0.00", "missing_lines": 7, "excluded_lines": 0}, "missing_lines": [130, 131, 132, 133, 134, 135, 136], "excluded_lines": []}, "": {"executed_lines": [], "summary": {"covered_lines": 0, "num_statements": 10, "percent_covered": 0.0, "percent_covered_display": "0.00", "missing_lines": 10, "excluded_lines": 0}, "missing_lines": [5, 6, 7, 9, 12, 15, 29, 77, 105, 127], "excluded_lines": []}}, "classes": {"": {"executed_lines": [], "summary": {"covered_lines": 0, "num_statements": 60, "percent_covered": 0.0, "percent_covered_display": "0.00", "missing_lines": 60, "excluded_lines": 0}, "missing_lines": [5, 6, 7, 9, 12, 15, 18, 19, 21, 22, 23, 24, 25, 26, 29, 39, 40, 42, 43, 44, 46, 47, 49, 52, 54, 67, 69, 70, 72, 73, 74, 77, 89, 90, 92, 93, 94, 95, 97, 98, 100, 101, 102, 105, 107, 115, 116, 118, 120, 121, 122, 124, 127, 130, 131, 132, 133, 134, 135, 136], "excluded_lines": []}}}, "core/interview_insights.py": {"executed_lines": [1, 8, 9, 10, 11, 12, 14, 17, 18, 19, 20, 21, 22, 23, 26, 27, 30, 78, 126, 156, 169, 170, 172, 177, 178, 180, 181, 183, 184, 186, 187, 189, 191, 192, 194, 195, 202, 209, 210, 212, 222, 223, 231, 239, 246, 248, 249, 251, 264, 265, 267, 290, 291, 302, 313, 315, 316, 410, 411, 482, 483, 498, 506, 507, 508, 511, 514, 530, 531, 532, 535, 542, 545, 548, 551, 553], "summary": {"covered_lines": 73, "num_statements": 123, "percent_covered": 59.34959349593496, "percent_covered_display": "59.35", "missing_lines": 50, "excluded_lines": 0}, "missing_lines": [185, 232, 332, 333, 335, 338, 341, 343, 358, 359, 360, 362, 365, 366, 368, 371, 372, 373, 374, 375, 376, 377, 378, 381, 384, 385, 386, 388, 389, 390, 391, 392, 393, 396, 397, 398, 399, 401, 403, 404, 405, 406, 407, 408, 413, 499, 500, 501, 502, 503], "excluded_lines": [], "functions": {"InterviewInsightsGenerator._is_technical_role": {"executed_lines": [172, 177, 178], "summary": {"covered_lines": 3, "num_statements": 3, "percent_covered": 100.0, "percent_covered_display": "100.00", "missing_lines": 0, "excluded_lines": 0}, "missing_lines": [], "excluded_lines": []}, "InterviewInsightsGenerator._get_role_type": {"executed_lines": [183, 184, 186, 187, 189], "summary": {"covered_lines": 5, "num_statements": 6, "percent_covered": 83.33333333333333, "percent_covered_display": "83.33", "missing_lines": 1, "excluded_lines": 0}, "missing_lines": [185], "excluded_lines": []}, "InterviewInsightsGenerator._get_timeline": {"executed_lines": [194, 195, 202], "summary": {"covered_lines": 3, "num_statements": 3, "percent_covered": 100.0, "percent_covered_display": "100.00", "missing_lines": 0, "excluded_lines": 0}, "missing_lines": [], "excluded_lines": []}, "InterviewInsightsGenerator._get_preparation_tips": {"executed_lines": [212, 222, 223, 231, 239, 246], "summary": {"covered_lines": 6, "num_statements": 7, "percent_covered": 85.71428571428571, "percent_covered_display": "85.71", "missing_lines": 1, "excluded_lines": 0}, "missing_lines": [232], "excluded_lines": []}, "InterviewInsightsGenerator._get_success_tips": {"executed_lines": [251], "summary": {"covered_lines": 1, "num_statements": 1, "percent_covered": 100.0, "percent_covered_display": "100.00", "missing_lines": 0, "excluded_lines": 0}, "missing_lines": [], "excluded_lines": []}, "InterviewInsightsGenerator._get_preparation_checklist": {"executed_lines": [267, 290, 291, 302, 313], "summary": {"covered_lines": 5, "num_statements": 5, "percent_covered": 100.0, "percent_covered_display": "100.00", "missing_lines": 0, "excluded_lines": 0}, "missing_lines": [], "excluded_lines": []}, "InterviewInsightsGenerator.generate_with_ai": {"executed_lines": [], "summary": {"covered_lines": 0, "num_statements": 42, "percent_covered": 0.0, "percent_covered_display": "0.00", "missing_lines": 42, "excluded_lines": 0}, "missing_lines": [332, 333, 335, 338, 341, 343, 358, 359, 360, 362, 365, 366, 368, 371, 372, 373, 374, 375, 376, 377, 378, 381, 384, 385, 386, 388, 389, 390, 391, 392, 393, 396, 397, 398, 399, 401, 403, 404, 405, 406, 407, 408], "excluded_lines": []}, "InterviewInsightsGenerator._build_ai_prompt": {"executed_lines": [], "summary": {"covered_lines": 0, "num_statements": 1, "percent_covered": 0.0, "percent_covered_display": "0.00", "missing_lines": 1, "excluded_lines": 0}, "missing_lines": [413], "excluded_lines": []}, "InterviewInsightsGenerator.generate_for_job": {"executed_lines": [498, 506, 507, 508, 511, 514, 530, 531, 532, 535, 542, 545, 548, 551, 553], "summary": {"covered_lines": 15, "num_statements": 20, "percent_covered": 75.0, "percent_covered_display": "75.00", "missing_lines": 5, "excluded_lines": 0}, "missing_lines": [499, 500, 501, 502, 503], "excluded_lines": []}, "": {"executed_lines": [1, 8, 9, 10, 11, 12, 14, 17, 18, 19, 20, 21, 22, 23, 26, 27, 30, 78, 126, 156, 169, 170, 180, 181, 191, 192, 209, 210, 248, 249, 264, 265, 315, 316, 410, 411, 482, 483], "summary": {"covered_lines": 35, "num_statements": 35, "percent_covered": 100.0, "percent_covered_display": "100.00", "missing_lines": 0, "excluded_lines": 0}, "missing_lines": [], "excluded_lines": []}}, "classes": {"StageTemplate": {"executed_lines": [], "summary": {"covered_lines": 0, "num_statements": 0, "percent_covered": 100.0, "percent_covered_display": "100.00", "missing_lines": 0, "excluded_lines": 0}, "missing_lines": [], "excluded_lines": []}, "InterviewInsightsGenerator": {"executed_lines": [172, 177, 178, 183, 184, 186, 187, 189, 194, 195, 202, 212, 222, 223, 231, 239, 246, 251, 267, 290, 291, 302, 313, 498, 506, 507, 508, 511, 514, 530, 531, 532, 535, 542, 545, 548, 551, 553], "summary": {"covered_lines": 38, "num_statements": 88, "percent_covered": 43.18181818181818, "percent_covered_display": "43.18", "missing_lines": 50, "excluded_lines": 0}, "missing_lines": [185, 232, 332, 333, 335, 338, 341, 343, 358, 359, 360, 362, 365, 366, 368, 371, 372, 373, 374, 375, 376, 377, 378, 381, 384, 385, 386, 388, 389, 390, 391, 392, 393, 396, 397, 398, 399, 401, 403, 404, 405, 406, 407, 408, 413, 499, 500, 501, 502, 503], "excluded_lines": []}, "": {"executed_lines": [1, 8, 9, 10, 11, 12, 14, 17, 18, 19, 20, 21, 22, 23, 26, 27, 30, 78, 126, 156, 169, 170, 180, 181, 191, 192, 209, 210, 248, 249, 264, 265, 315, 316, 410, 411, 482, 483], "summary": {"covered_lines": 35, "num_statements": 35, "percent_covered": 100.0, "percent_covered_display": "100.00", "missing_lines": 0, "excluded_lines": 0}, "missing_lines": [], "excluded_lines": []}}}, "core/job_import_utils.py": {"executed_lines": [1, 5, 6, 7, 8, 10, 11, 13, 16, 19, 29, 35, 36, 38, 39, 40, 42, 43, 44, 45, 46, 48, 49, 57, 59, 60, 62, 64, 65, 68, 73, 74, 76, 77, 80, 83, 84, 85, 88, 91, 92, 93, 96, 98, 99, 100, 103, 105, 107, 108, 109, 112, 113, 126, 128, 129, 130, 131, 140, 146, 147, 148, 154, 159, 160, 162, 163, 166, 168, 169, 170, 173, 175, 177, 178, 179, 180, 183, 185, 194, 196, 197, 198, 199, 202, 204, 205, 207, 208, 209, 210, 211, 212, 217, 218, 231, 233, 234, 235, 236, 259, 264, 265, 267, 268, 271, 274, 275, 276, 279, 281, 282, 283, 286, 288, 293, 295, 296, 297, 298, 301, 303, 304, 305, 306, 307, 308, 309, 310, 315, 317, 318, 319, 320, 343, 345, 346, 347, 349, 350, 351, 352, 353, 354, 356, 361, 363, 364, 365, 366, 367, 369, 372, 373, 375, 376, 377, 378, 379, 382, 387, 388, 389, 390, 394, 396, 398, 401, 403, 404, 405, 406, 407, 408, 409, 411, 412, 413, 414, 415, 416, 417, 418, 419, 421, 422, 423, 424, 425, 427, 430, 432, 433, 437, 438, 443, 444, 445, 447, 448, 452, 453, 457, 464, 471, 476, 477, 478, 479, 480, 481, 482, 483, 484, 485, 486, 487, 488, 490, 491, 492, 495, 496, 497, 498, 499, 500, 501, 504, 505, 506, 509, 516, 517, 518, 519, 521, 522, 523, 525, 526, 527, 528, 529, 530, 531, 532, 533, 534, 535, 538, 547, 548, 549, 552, 558, 559, 560, 561, 563, 564, 565, 569, 571, 572, 573, 574, 576, 580, 581, 582, 583, 584, 585, 586, 587, 588, 589, 592, 594, 595, 596, 597, 607, 608, 609, 610, 613, 618, 619, 621, 622, 624, 625, 626, 627, 628, 629, 631, 632, 634, 635, 636, 637, 638, 639, 642, 643, 644, 645, 649, 650, 651, 653, 654, 655, 656, 658, 659, 661, 662, 663, 665, 666, 668, 669, 670, 671, 672, 673, 674, 675, 680, 681, 682, 683, 684, 686, 688, 689, 691, 692, 693, 694, 695, 696, 697, 698, 699, 700, 701, 707, 708, 709, 711, 713, 714, 715, 717, 718, 720, 722, 723, 724, 725, 726, 728, 730, 731, 732, 733, 734, 735, 736, 737, 738, 740, 741, 745, 746, 747, 748, 749, 750, 752, 756, 757, 759, 760, 761, 762, 763, 765, 766, 767, 772, 773, 774, 778, 779, 780, 786, 792, 793, 798, 801, 802, 803, 804, 814, 815, 821, 822, 823, 824, 826, 827, 828, 829, 832, 833, 834, 836, 841, 843], "summary": {"covered_lines": 423, "num_statements": 529, "percent_covered": 79.96219281663517, "percent_covered_display": "79.96", "missing_lines": 106, "excluded_lines": 0}, "missing_lines": [114, 115, 116, 117, 118, 119, 120, 121, 122, 123, 133, 134, 135, 141, 142, 186, 188, 189, 190, 191, 213, 214, 219, 220, 221, 222, 223, 224, 225, 226, 227, 228, 238, 239, 240, 245, 246, 247, 251, 252, 253, 289, 290, 311, 312, 322, 323, 324, 329, 330, 331, 335, 336, 337, 357, 358, 374, 391, 392, 393, 399, 458, 493, 494, 502, 503, 507, 508, 536, 537, 539, 540, 541, 542, 543, 544, 545, 546, 550, 551, 566, 575, 577, 578, 630, 646, 647, 648, 667, 676, 677, 678, 685, 687, 702, 703, 704, 710, 719, 727, 753, 754, 755, 808, 809, 842], "excluded_lines": [], "functions": {"JobImportResult.__init__": {"executed_lines": [43, 44, 45, 46], "summary": {"covered_lines": 4, "num_statements": 4, "percent_covered": 100.0, "percent_covered_display": "100.00", "missing_lines": 0, "excluded_lines": 0}, "missing_lines": [], "excluded_lines": []}, "JobImportResult.to_dict": {"executed_lines": [49], "summary": {"covered_lines": 1, "num_statements": 1, "percent_covered": 100.0, "percent_covered_display": "100.00", "missing_lines": 0, "excluded_lines": 0}, "missing_lines": [], "excluded_lines": []}, "clean_text": {"executed_lines": [59, 60, 62, 64, 65], "summary": {"covered_lines": 5, "num_statements": 5, "percent_covered": 100.0, "percent_covered_display": "100.00", "missing_lines": 0, "excluded_lines": 0}, "missing_lines": [], "excluded_lines": []}, "extract_linkedin_job": {"executed_lines": [73, 74, 76, 77, 80, 83, 84, 85, 88, 91, 92, 93, 96, 98, 99, 100, 103, 105, 107, 108, 109, 112, 113, 126, 128, 129, 130, 131, 140, 146, 147, 148], "summary": {"covered_lines": 32, "num_statements": 47, "percent_covered": 68.08510638297872, "percent_covered_display": "68.09", "missing_lines": 15, "excluded_lines": 0}, "missing_lines": [114, 115, 116, 117, 118, 119, 120, 121, 122, 123, 133, 134, 135, 141, 142], "excluded_lines": []}, "extract_indeed_job": {"executed_lines": [159, 160, 162, 163, 166, 168, 169, 170, 173, 175, 177, 178, 179, 180, 183, 185, 194, 196, 197, 198, 199, 202, 204, 205, 207, 208, 209, 210, 211, 212, 217, 218, 231, 233, 234, 235, 236], "summary": {"covered_lines": 37, "num_statements": 63, "percent_covered": 58.73015873015873, "percent_covered_display": "58.73", "missing_lines": 26, "excluded_lines": 0}, "missing_lines": [186, 188, 189, 190, 191, 213, 214, 219, 220, 221, 222, 223, 224, 225, 226, 227, 228, 238, 239, 240, 245, 246, 247, 251, 252, 253], "excluded_lines": []}, "extract_glassdoor_job": {"executed_lines": [264, 265, 267, 268, 271, 274, 275, 276, 279, 281, 282, 283, 286, 288, 293, 295, 296, 297, 298, 301, 303, 304, 305, 306, 307, 308, 309, 310, 315, 317, 318, 319, 320], "summary": {"covered_lines": 33, "num_statements": 46, "percent_covered": 71.73913043478261, "percent_covered_display": "71.74", "missing_lines": 13, "excluded_lines": 0}, "missing_lines": [289, 290, 311, 312, 322, 323, 324, 329, 330, 331, 335, 336, 337], "excluded_lines": []}, "detect_job_board": {"executed_lines": [345, 346, 347, 349, 350, 351, 352, 353, 354, 356], "summary": {"covered_lines": 10, "num_statements": 12, "percent_covered": 83.33333333333333, "percent_covered_display": "83.33", "missing_lines": 2, "excluded_lines": 0}, "missing_lines": [357, 358], "excluded_lines": []}, "_proxy_reader_url": {"executed_lines": [363, 364, 365, 366, 367, 369], "summary": {"covered_lines": 6, "num_statements": 6, "percent_covered": 100.0, "percent_covered_display": "100.00", "missing_lines": 0, "excluded_lines": 0}, "missing_lines": [], "excluded_lines": []}, "_normalize_url": {"executed_lines": [373, 375, 376, 377, 378, 379], "summary": {"covered_lines": 6, "num_statements": 7, "percent_covered": 85.71428571428571, "percent_covered_display": "85.71", "missing_lines": 1, "excluded_lines": 0}, "missing_lines": [374], "excluded_lines": []}, "_fetch_job_document": {"executed_lines": [387, 388, 389, 390, 394, 396, 398, 401, 403, 404, 405, 406, 407, 408, 409, 411, 412, 413, 414, 415, 416, 417, 418, 419, 421, 422, 423, 424, 425, 427], "summary": {"covered_lines": 30, "num_statements": 34, "percent_covered": 88.23529411764706, "percent_covered_display": "88.24", "missing_lines": 4, "excluded_lines": 0}, "missing_lines": [391, 392, 393, 399], "excluded_lines": []}, "_format_fetch_error": {"executed_lines": [432, 433, 437, 438, 443, 444, 445, 447, 448, 452, 453, 457, 464], "summary": {"covered_lines": 13, "num_statements": 14, "percent_covered": 92.85714285714286, "percent_covered_display": "92.86", "missing_lines": 1, "excluded_lines": 0}, "missing_lines": [458], "excluded_lines": []}, "_fetch_job_soup": {"executed_lines": [476, 477, 478, 479, 480, 481, 482, 483, 484, 485, 486, 487, 488, 490, 491, 492, 495, 496, 497, 498, 499, 500, 501, 504, 505, 506, 509, 516, 517, 518, 519, 521, 522, 523, 525, 526, 527, 528, 529, 530, 531, 532, 533, 534, 535, 538, 547, 548, 549, 552, 558, 559, 560, 561, 563, 564, 565], "summary": {"covered_lines": 57, "num_statements": 76, "percent_covered": 75.0, "percent_covered_display": "75.00", "missing_lines": 19, "excluded_lines": 0}, "missing_lines": [493, 494, 502, 503, 507, 508, 536, 537, 539, 540, 541, 542, 543, 544, 545, 546, 550, 551, 566], "excluded_lines": []}, "_load_json_ld_objects": {"executed_lines": [571, 572, 573, 574, 576, 580, 581, 582, 583, 584, 585, 586, 587, 588, 589], "summary": {"covered_lines": 15, "num_statements": 18, "percent_covered": 83.33333333333333, "percent_covered_display": "83.33", "missing_lines": 3, "excluded_lines": 0}, "missing_lines": [575, 577, 578], "excluded_lines": []}, "_infer_job_type": {"executed_lines": [594, 595, 596, 597, 607, 608, 609, 610], "summary": {"covered_lines": 8, "num_statements": 8, "percent_covered": 100.0, "percent_covered_display": "100.00", "missing_lines": 0, "excluded_lines": 0}, "missing_lines": [], "excluded_lines": []}, "extract_generic_job": {"executed_lines": [618, 619, 621, 622, 624, 634, 642, 643, 644, 645, 649, 650, 651, 653, 654, 655, 656, 658, 659, 661, 662, 663, 665, 666, 668, 669, 670, 671, 672, 673, 674, 675, 680, 681, 682, 683, 684, 686, 688, 689, 691, 692, 693, 694, 695, 696, 697, 698, 699, 700, 701, 707, 708, 709, 711, 713, 714, 715, 717, 718, 720, 722, 723, 724, 725, 726, 728, 730, 731, 732, 733, 734, 735, 736, 737, 738, 740, 741, 745, 746, 747, 748, 749, 750, 752, 756, 757, 759, 760, 761, 762, 763, 765, 766, 767, 772, 773, 774, 778, 779, 780], "summary": {"covered_lines": 101, "num_statements": 119, "percent_covered": 84.87394957983193, "percent_covered_display": "84.87", "missing_lines": 18, "excluded_lines": 0}, "missing_lines": [646, 647, 648, 667, 676, 677, 678, 685, 687, 702, 703, 704, 710, 719, 727, 753, 754, 755], "excluded_lines": []}, "extract_generic_job.set_field": {"executed_lines": [625, 626, 627, 628, 629, 631, 632], "summary": {"covered_lines": 7, "num_statements": 8, "percent_covered": 87.5, "percent_covered_display": "87.50", "missing_lines": 1, "excluded_lines": 0}, "missing_lines": [630], "excluded_lines": []}, "extract_generic_job.meta_content": {"executed_lines": [635, 636, 637, 638, 639], "summary": {"covered_lines": 5, "num_statements": 5, "percent_covered": 100.0, "percent_covered_display": "100.00", "missing_lines": 0, "excluded_lines": 0}, "missing_lines": [], "excluded_lines": []}, "import_job_from_url": {"executed_lines": [792, 793, 798, 801, 802, 803, 804, 814, 815, 821, 822, 823, 824, 826, 827, 828, 829, 832, 833, 834, 836, 841, 843], "summary": {"covered_lines": 23, "num_statements": 26, "percent_covered": 88.46153846153847, "percent_covered_display": "88.46", "missing_lines": 3, "excluded_lines": 0}, "missing_lines": [808, 809, 842], "excluded_lines": []}, "": {"executed_lines": [1, 5, 6, 7, 8, 10, 11, 13, 16, 19, 29, 35, 36, 38, 39, 40, 42, 48, 57, 68, 154, 259, 343, 361, 372, 382, 430, 471, 569, 592, 613, 786], "summary": {"covered_lines": 30, "num_statements": 30, "percent_covered": 100.0, "percent_covered_display": "100.00", "missing_lines": 0, "excluded_lines": 0}, "missing_lines": [], "excluded_lines": []}}, "classes": {"JobImportResult": {"executed_lines": [43, 44, 45, 46, 49], "summary": {"covered_lines": 5, "num_statements": 5, "percent_covered": 100.0, "percent_covered_display": "100.00", "missing_lines": 0, "excluded_lines": 0}, "missing_lines": [], "excluded_lines": []}, "": {"executed_lines": [1, 5, 6, 7, 8, 10, 11, 13, 16, 19, 29, 35, 36, 38, 39, 40, 42, 48, 57, 59, 60, 62, 64, 65, 68, 73, 74, 76, 77, 80, 83, 84, 85, 88, 91, 92, 93, 96, 98, 99, 100, 103, 105, 107, 108, 109, 112, 113, 126, 128, 129, 130, 131, 140, 146, 147, 148, 154, 159, 160, 162, 163, 166, 168, 169, 170, 173, 175, 177, 178, 179, 180, 183, 185, 194, 196, 197, 198, 199, 202, 204, 205, 207, 208, 209, 210, 211, 212, 217, 218, 231, 233, 234, 235, 236, 259, 264, 265, 267, 268, 271, 274, 275, 276, 279, 281, 282, 283, 286, 288, 293, 295, 296, 297, 298, 301, 303, 304, 305, 306, 307, 308, 309, 310, 315, 317, 318, 319, 320, 343, 345, 346, 347, 349, 350, 351, 352, 353, 354, 356, 361, 363, 364, 365, 366, 367, 369, 372, 373, 375, 376, 377, 378, 379, 382, 387, 388, 389, 390, 394, 396, 398, 401, 403, 404, 405, 406, 407, 408, 409, 411, 412, 413, 414, 415, 416, 417, 418, 419, 421, 422, 423, 424, 425, 427, 430, 432, 433, 437, 438, 443, 444, 445, 447, 448, 452, 453, 457, 464, 471, 476, 477, 478, 479, 480, 481, 482, 483, 484, 485, 486, 487, 488, 490, 491, 492, 495, 496, 497, 498, 499, 500, 501, 504, 505, 506, 509, 516, 517, 518, 519, 521, 522, 523, 525, 526, 527, 528, 529, 530, 531, 532, 533, 534, 535, 538, 547, 548, 549, 552, 558, 559, 560, 561, 563, 564, 565, 569, 571, 572, 573, 574, 576, 580, 581, 582, 583, 584, 585, 586, 587, 588, 589, 592, 594, 595, 596, 597, 607, 608, 609, 610, 613, 618, 619, 621, 622, 624, 625, 626, 627, 628, 629, 631, 632, 634, 635, 636, 637, 638, 639, 642, 643, 644, 645, 649, 650, 651, 653, 654, 655, 656, 658, 659, 661, 662, 663, 665, 666, 668, 669, 670, 671, 672, 673, 674, 675, 680, 681, 682, 683, 684, 686, 688, 689, 691, 692, 693, 694, 695, 696, 697, 698, 699, 700, 701, 707, 708, 709, 711, 713, 714, 715, 717, 718, 720, 722, 723, 724, 725, 726, 728, 730, 731, 732, 733, 734, 735, 736, 737, 738, 740, 741, 745, 746, 747, 748, 749, 750, 752, 756, 757, 759, 760, 761, 762, 763, 765, 766, 767, 772, 773, 774, 778, 779, 780, 786, 792, 793, 798, 801, 802, 803, 804, 814, 815, 821, 822, 823, 824, 826, 827, 828, 829, 832, 833, 834, 836, 841, 843], "summary": {"covered_lines": 418, "num_statements": 524, "percent_covered": 79.77099236641222, "percent_covered_display": "79.77", "missing_lines": 106, "excluded_lines": 0}, "missing_lines": [114, 115, 116, 117, 118, 119, 120, 121, 122, 123, 133, 134, 135, 141, 142, 186, 188, 189, 190, 191, 213, 214, 219, 220, 221, 222, 223, 224, 225, 226, 227, 228, 238, 239, 240, 245, 246, 247, 251, 252, 253, 289, 290, 311, 312, 322, 323, 324, 329, 330, 331, 335, 336, 337, 357, 358, 374, 391, 392, 393, 399, 458, 493, 494, 502, 503, 507, 508, 536, 537, 539, 540, 541, 542, 543, 544, 545, 546, 550, 551, 566, 575, 577, 578, 630, 646, 647, 648, 667, 676, 677, 678, 685, 687, 702, 703, 704, 710, 719, 727, 753, 754, 755, 808, 809, 842], "excluded_lines": []}}}, "core/job_matching.py": {"executed_lines": [1, 7, 8, 9, 10, 12, 14, 17, 18, 21, 27, 28, 45, 48, 49, 50, 53, 60, 62, 71, 72, 78, 80, 81, 82, 84, 85, 88, 89, 90, 92, 98, 101, 102, 103, 104, 106, 108, 109, 111, 112, 114, 115, 118, 120, 125, 128, 132, 133, 135, 138, 139, 140, 143, 144, 145, 147, 151, 153, 156, 162, 163, 170, 171, 174, 175, 177, 178, 181, 242, 243, 244, 246, 247, 254, 255, 258, 308, 309, 310, 312, 313, 315, 316, 318, 321, 323, 324, 326, 328, 331, 337, 349, 362, 363, 364, 371, 372, 386, 387, 418, 419, 443, 444, 470, 471, 496, 497, 512, 513, 542, 543, 572, 573, 601, 602, 629, 630, 651, 652, 654, 657, 665, 666], "summary": {"covered_lines": 122, "num_statements": 345, "percent_covered": 35.36231884057971, "percent_covered_display": "35.36", "missing_lines": 223, "excluded_lines": 0}, "missing_lines": [93, 117, 123, 146, 148, 152, 154, 158, 159, 160, 186, 187, 190, 192, 193, 194, 196, 199, 200, 203, 205, 206, 209, 210, 213, 215, 218, 221, 222, 225, 227, 234, 240, 263, 264, 267, 268, 270, 272, 273, 274, 276, 277, 280, 281, 282, 283, 284, 285, 286, 287, 290, 293, 297, 298, 301, 306, 319, 351, 374, 376, 377, 378, 380, 381, 382, 384, 389, 392, 395, 402, 403, 404, 405, 408, 409, 410, 411, 412, 413, 414, 416, 421, 422, 424, 426, 427, 428, 429, 430, 431, 432, 433, 434, 435, 436, 437, 438, 439, 441, 446, 448, 450, 452, 453, 455, 457, 458, 459, 460, 461, 462, 463, 464, 465, 466, 468, 473, 474, 476, 477, 479, 481, 482, 483, 484, 485, 486, 487, 488, 489, 490, 491, 492, 494, 499, 501, 502, 505, 506, 507, 508, 510, 515, 518, 519, 520, 521, 522, 523, 524, 526, 529, 530, 531, 533, 535, 536, 537, 538, 540, 546, 547, 549, 556, 561, 563, 564, 565, 566, 568, 570, 575, 576, 578, 581, 582, 584, 585, 586, 587, 588, 590, 591, 593, 594, 596, 597, 599, 604, 607, 608, 610, 611, 614, 615, 618, 621, 622, 625, 627, 632, 633, 636, 639, 640, 642, 643, 646, 647, 649, 659, 660, 662, 668, 669, 670, 671, 674, 675, 677, 678, 680], "excluded_lines": [], "functions": {"JobMatchingEngine.calculate_match_score": {"executed_lines": [45, 48, 49, 50, 53, 60, 62], "summary": {"covered_lines": 7, "num_statements": 7, "percent_covered": 100.0, "percent_covered_display": "100.00", "missing_lines": 0, "excluded_lines": 0}, "missing_lines": [], "excluded_lines": []}, "JobMatchingEngine.calculate_skills_score": {"executed_lines": [78, 80, 81, 82, 84, 85, 88, 89, 90, 92, 98, 101, 102, 103, 104, 106, 108, 109, 111, 112, 114, 115, 118, 120, 125, 128, 132, 133, 135, 138, 139, 140, 143, 144, 145, 147, 151, 153, 156], "summary": {"covered_lines": 39, "num_statements": 49, "percent_covered": 79.59183673469387, "percent_covered_display": "79.59", "missing_lines": 10, "excluded_lines": 0}, "missing_lines": [93, 117, 123, 146, 148, 152, 154, 158, 159, 160], "excluded_lines": []}, "JobMatchingEngine.calculate_experience_score": {"executed_lines": [170, 171, 174, 175, 177, 178, 181, 242, 243, 244], "summary": {"covered_lines": 10, "num_statements": 33, "percent_covered": 30.303030303030305, "percent_covered_display": "30.30", "missing_lines": 23, "excluded_lines": 0}, "missing_lines": [186, 187, 190, 192, 193, 194, 196, 199, 200, 203, 205, 206, 209, 210, 213, 215, 218, 221, 222, 225, 227, 234, 240], "excluded_lines": []}, "JobMatchingEngine.calculate_education_score": {"executed_lines": [254, 255, 258, 308, 309, 310], "summary": {"covered_lines": 6, "num_statements": 30, "percent_covered": 20.0, "percent_covered_display": "20.00", "missing_lines": 24, "excluded_lines": 0}, "missing_lines": [263, 264, 267, 268, 270, 272, 273, 274, 276, 277, 280, 281, 282, 283, 284, 285, 286, 287, 290, 293, 297, 298, 301, 306], "excluded_lines": []}, "JobMatchingEngine._normalize_weights": {"executed_lines": [315, 316, 318, 321], "summary": {"covered_lines": 4, "num_statements": 5, "percent_covered": 80.0, "percent_covered_display": "80.00", "missing_lines": 1, "excluded_lines": 0}, "missing_lines": [319], "excluded_lines": []}, "JobMatchingEngine._generate_match_breakdown": {"executed_lines": [326, 328, 331, 337, 349, 362, 363, 364], "summary": {"covered_lines": 8, "num_statements": 9, "percent_covered": 88.88888888888889, "percent_covered_display": "88.89", "missing_lines": 1, "excluded_lines": 0}, "missing_lines": [351], "excluded_lines": []}, "JobMatchingEngine._calculate_total_experience_years": {"executed_lines": [], "summary": {"covered_lines": 0, "num_statements": 8, "percent_covered": 0.0, "percent_covered_display": "0.00", "missing_lines": 8, "excluded_lines": 0}, "missing_lines": [374, 376, 377, 378, 380, 381, 382, 384], "excluded_lines": []}, "JobMatchingEngine._extract_experience_requirements": {"executed_lines": [], "summary": {"covered_lines": 0, "num_statements": 15, "percent_covered": 0.0, "percent_covered_display": "0.00", "missing_lines": 15, "excluded_lines": 0}, "missing_lines": [389, 392, 395, 402, 403, 404, 405, 408, 409, 410, 411, 412, 413, 414, 416], "excluded_lines": []}, "JobMatchingEngine._score_experience_years": {"executed_lines": [], "summary": {"covered_lines": 0, "num_statements": 18, "percent_covered": 0.0, "percent_covered_display": "0.00", "missing_lines": 18, "excluded_lines": 0}, "missing_lines": [421, 422, 424, 426, 427, 428, 429, 430, 431, 432, 433, 434, 435, 436, 437, 438, 439, 441], "excluded_lines": []}, "JobMatchingEngine._score_experience_years_generous": {"executed_lines": [], "summary": {"covered_lines": 0, "num_statements": 17, "percent_covered": 0.0, "percent_covered_display": "0.00", "missing_lines": 17, "excluded_lines": 0}, "missing_lines": [446, 448, 450, 452, 453, 455, 457, 458, 459, 460, 461, 462, 463, 464, 465, 466, 468], "excluded_lines": []}, "JobMatchingEngine._score_experience_years_senior": {"executed_lines": [], "summary": {"covered_lines": 0, "num_statements": 18, "percent_covered": 0.0, "percent_covered_display": "0.00", "missing_lines": 18, "excluded_lines": 0}, "missing_lines": [473, 474, 476, 477, 479, 481, 482, 483, 484, 485, 486, 487, 488, 489, 490, 491, 492, 494], "excluded_lines": []}, "JobMatchingEngine._score_industry_relevance": {"executed_lines": [], "summary": {"covered_lines": 0, "num_statements": 8, "percent_covered": 0.0, "percent_covered_display": "0.00", "missing_lines": 8, "excluded_lines": 0}, "missing_lines": [499, 501, 502, 505, 506, 507, 508, 510], "excluded_lines": []}, "JobMatchingEngine._score_career_progression": {"executed_lines": [], "summary": {"covered_lines": 0, "num_statements": 18, "percent_covered": 0.0, "percent_covered_display": "0.00", "missing_lines": 18, "excluded_lines": 0}, "missing_lines": [515, 518, 519, 520, 521, 522, 523, 524, 526, 529, 530, 531, 533, 535, 536, 537, 538, 540], "excluded_lines": []}, "JobMatchingEngine._extract_education_requirements": {"executed_lines": [], "summary": {"covered_lines": 0, "num_statements": 11, "percent_covered": 0.0, "percent_covered_display": "0.00", "missing_lines": 11, "excluded_lines": 0}, "missing_lines": [546, 547, 549, 556, 561, 563, 564, 565, 566, 568, 570], "excluded_lines": []}, "JobMatchingEngine._score_degree_level": {"executed_lines": [], "summary": {"covered_lines": 0, "num_statements": 17, "percent_covered": 0.0, "percent_covered_display": "0.00", "missing_lines": 17, "excluded_lines": 0}, "missing_lines": [575, 576, 578, 581, 582, 584, 585, 586, 587, 588, 590, 591, 593, 594, 596, 597, 599], "excluded_lines": []}, "JobMatchingEngine._score_field_relevance": {"executed_lines": [], "summary": {"covered_lines": 0, "num_statements": 12, "percent_covered": 0.0, "percent_covered_display": "0.00", "missing_lines": 12, "excluded_lines": 0}, "missing_lines": [604, 607, 608, 610, 611, 614, 615, 618, 621, 622, 625, 627], "excluded_lines": []}, "JobMatchingEngine._score_certifications": {"executed_lines": [], "summary": {"covered_lines": 0, "num_statements": 10, "percent_covered": 0.0, "percent_covered_display": "0.00", "missing_lines": 10, "excluded_lines": 0}, "missing_lines": [632, 633, 636, 639, 640, 642, 643, 646, 647, 649], "excluded_lines": []}, "JobMatchingEngine._generate_recommendations": {"executed_lines": [654, 657, 665, 666], "summary": {"covered_lines": 4, "num_statements": 16, "percent_covered": 25.0, "percent_covered_display": "25.00", "missing_lines": 12, "excluded_lines": 0}, "missing_lines": [659, 660, 662, 668, 669, 670, 671, 674, 675, 677, 678, 680], "excluded_lines": []}, "": {"executed_lines": [1, 7, 8, 9, 10, 12, 14, 17, 18, 21, 27, 28, 71, 72, 162, 163, 246, 247, 312, 313, 323, 324, 371, 372, 386, 387, 418, 419, 443, 444, 470, 471, 496, 497, 512, 513, 542, 543, 572, 573, 601, 602, 629, 630, 651, 652], "summary": {"covered_lines": 44, "num_statements": 44, "percent_covered": 100.0, "percent_covered_display": "100.00", "missing_lines": 0, "excluded_lines": 0}, "missing_lines": [], "excluded_lines": []}}, "classes": {"JobMatchingEngine": {"executed_lines": [45, 48, 49, 50, 53, 60, 62, 78, 80, 81, 82, 84, 85, 88, 89, 90, 92, 98, 101, 102, 103, 104, 106, 108, 109, 111, 112, 114, 115, 118, 120, 125, 128, 132, 133, 135, 138, 139, 140, 143, 144, 145, 147, 151, 153, 156, 170, 171, 174, 175, 177, 178, 181, 242, 243, 244, 254, 255, 258, 308, 309, 310, 315, 316, 318, 321, 326, 328, 331, 337, 349, 362, 363, 364, 654, 657, 665, 666], "summary": {"covered_lines": 78, "num_statements": 301, "percent_covered": 25.91362126245847, "percent_covered_display": "25.91", "missing_lines": 223, "excluded_lines": 0}, "missing_lines": [93, 117, 123, 146, 148, 152, 154, 158, 159, 160, 186, 187, 190, 192, 193, 194, 196, 199, 200, 203, 205, 206, 209, 210, 213, 215, 218, 221, 222, 225, 227, 234, 240, 263, 264, 267, 268, 270, 272, 273, 274, 276, 277, 280, 281, 282, 283, 284, 285, 286, 287, 290, 293, 297, 298, 301, 306, 319, 351, 374, 376, 377, 378, 380, 381, 382, 384, 389, 392, 395, 402, 403, 404, 405, 408, 409, 410, 411, 412, 413, 414, 416, 421, 422, 424, 426, 427, 428, 429, 430, 431, 432, 433, 434, 435, 436, 437, 438, 439, 441, 446, 448, 450, 452, 453, 455, 457, 458, 459, 460, 461, 462, 463, 464, 465, 466, 468, 473, 474, 476, 477, 479, 481, 482, 483, 484, 485, 486, 487, 488, 489, 490, 491, 492, 494, 499, 501, 502, 505, 506, 507, 508, 510, 515, 518, 519, 520, 521, 522, 523, 524, 526, 529, 530, 531, 533, 535, 536, 537, 538, 540, 546, 547, 549, 556, 561, 563, 564, 565, 566, 568, 570, 575, 576, 578, 581, 582, 584, 585, 586, 587, 588, 590, 591, 593, 594, 596, 597, 599, 604, 607, 608, 610, 611, 614, 615, 618, 621, 622, 625, 627, 632, 633, 636, 639, 640, 642, 643, 646, 647, 649, 659, 660, 662, 668, 669, 670, 671, 674, 675, 677, 678, 680], "excluded_lines": []}, "": {"executed_lines": [1, 7, 8, 9, 10, 12, 14, 17, 18, 21, 27, 28, 71, 72, 162, 163, 246, 247, 312, 313, 323, 324, 371, 372, 386, 387, 418, 419, 443, 444, 470, 471, 496, 497, 512, 513, 542, 543, 572, 573, 601, 602, 629, 630, 651, 652], "summary": {"covered_lines": 44, "num_statements": 44, "percent_covered": 100.0, "percent_covered_display": "100.00", "missing_lines": 0, "excluded_lines": 0}, "missing_lines": [], "excluded_lines": []}}}, "core/management/__init__.py": {"executed_lines": [1], "summary": {"covered_lines": 0, "num_statements": 0, "percent_covered": 100.0, "percent_covered_display": "100.00", "missing_lines": 0, "excluded_lines": 0}, "missing_lines": [], "excluded_lines": [], "functions": {"": {"executed_lines": [1], "summary": {"covered_lines": 0, "num_statements": 0, "percent_covered": 100.0, "percent_covered_display": "100.00", "missing_lines": 0, "excluded_lines": 0}, "missing_lines": [], "excluded_lines": []}}, "classes": {"": {"executed_lines": [1], "summary": {"covered_lines": 0, "num_statements": 0, "percent_covered": 100.0, "percent_covered_display": "100.00", "missing_lines": 0, "excluded_lines": 0}, "missing_lines": [], "excluded_lines": []}}}, "core/management/commands/__init__.py": {"executed_lines": [1], "summary": {"covered_lines": 0, "num_statements": 0, "percent_covered": 100.0, "percent_covered_display": "100.00", "missing_lines": 0, "excluded_lines": 0}, "missing_lines": [], "excluded_lines": [], "functions": {"": {"executed_lines": [1], "summary": {"covered_lines": 0, "num_statements": 0, "percent_covered": 100.0, "percent_covered_display": "100.00", "missing_lines": 0, "excluded_lines": 0}, "missing_lines": [], "excluded_lines": []}}, "classes": {"": {"executed_lines": [1], "summary": {"covered_lines": 0, "num_statements": 0, "percent_covered": 100.0, "percent_covered_display": "100.00", "missing_lines": 0, "excluded_lines": 0}, "missing_lines": [], "excluded_lines": []}}}, "core/management/commands/auto_archive_jobs.py": {"executed_lines": [], "summary": {"covered_lines": 0, "num_statements": 29, "percent_covered": 0.0, "percent_covered_display": "0.00", "missing_lines": 29, "excluded_lines": 0}, "missing_lines": [12, 13, 14, 15, 16, 17, 19, 22, 23, 25, 26, 32, 38, 39, 40, 41, 43, 46, 59, 61, 62, 63, 64, 65, 66, 69, 74, 75, 77], "excluded_lines": [], "functions": {"Command.add_arguments": {"executed_lines": [], "summary": {"covered_lines": 0, "num_statements": 2, "percent_covered": 0.0, "percent_covered_display": "0.00", "missing_lines": 2, "excluded_lines": 0}, "missing_lines": [26, 32], "excluded_lines": []}, "Command.handle": {"executed_lines": [], "summary": {"covered_lines": 0, "num_statements": 16, "percent_covered": 0.0, "percent_covered_display": "0.00", "missing_lines": 16, "excluded_lines": 0}, "missing_lines": [39, 40, 41, 43, 46, 59, 61, 62, 63, 64, 65, 66, 69, 74, 75, 77], "excluded_lines": []}, "": {"executed_lines": [], "summary": {"covered_lines": 0, "num_statements": 11, "percent_covered": 0.0, "percent_covered_display": "0.00", "missing_lines": 11, "excluded_lines": 0}, "missing_lines": [12, 13, 14, 15, 16, 17, 19, 22, 23, 25, 38], "excluded_lines": []}}, "classes": {"Command": {"executed_lines": [], "summary": {"covered_lines": 0, "num_statements": 18, "percent_covered": 0.0, "percent_covered_display": "0.00", "missing_lines": 18, "excluded_lines": 0}, "missing_lines": [26, 32, 39, 40, 41, 43, 46, 59, 61, 62, 63, 64, 65, 66, 69, 74, 75, 77], "excluded_lines": []}, "": {"executed_lines": [], "summary": {"covered_lines": 0, "num_statements": 11, "percent_covered": 0.0, "percent_covered_display": "0.00", "missing_lines": 11, "excluded_lines": 0}, "missing_lines": [12, 13, 14, 15, 16, 17, 19, 22, 23, 25, 38], "excluded_lines": []}}}, "core/management/commands/enrich_companies.py": {"executed_lines": [], "summary": {"covered_lines": 0, "num_statements": 96, "percent_covered": 0.0, "percent_covered_display": "0.00", "missing_lines": 96, "excluded_lines": 0}, "missing_lines": [9, 10, 11, 12, 13, 16, 17, 19, 21, 22, 24, 26, 77, 79, 90, 92, 103, 105, 106, 108, 109, 110, 111, 112, 113, 114, 116, 117, 118, 120, 122, 124, 134, 135, 136, 137, 139, 141, 170, 171, 173, 174, 176, 183, 184, 187, 195, 197, 198, 199, 201, 202, 204, 207, 208, 210, 211, 212, 214, 215, 217, 218, 220, 223, 224, 225, 227, 228, 229, 231, 232, 233, 235, 236, 237, 239, 240, 241, 243, 244, 245, 247, 248, 249, 251, 252, 253, 255, 256, 258, 260, 273, 274, 276, 277, 279], "excluded_lines": [], "functions": {"Command.generate_linkedin_url": {"executed_lines": [], "summary": {"covered_lines": 0, "num_statements": 2, "percent_covered": 0.0, "percent_covered_display": "0.00", "missing_lines": 2, "excluded_lines": 0}, "missing_lines": [21, 22], "excluded_lines": []}, "Command.get_industry_mission_templates": {"executed_lines": [], "summary": {"covered_lines": 0, "num_statements": 1, "percent_covered": 0.0, "percent_covered_display": "0.00", "missing_lines": 1, "excluded_lines": 0}, "missing_lines": [26], "excluded_lines": []}, "Command.get_industry_tech_stacks": {"executed_lines": [], "summary": {"covered_lines": 0, "num_statements": 1, "percent_covered": 0.0, "percent_covered_display": "0.00", "missing_lines": 1, "excluded_lines": 0}, "missing_lines": [79], "excluded_lines": []}, "Command.get_industry_culture_keywords": {"executed_lines": [], "summary": {"covered_lines": 0, "num_statements": 1, "percent_covered": 0.0, "percent_covered_display": "0.00", "missing_lines": 1, "excluded_lines": 0}, "missing_lines": [92], "excluded_lines": []}, "Command.estimate_employee_count": {"executed_lines": [], "summary": {"covered_lines": 0, "num_statements": 13, "percent_covered": 0.0, "percent_covered_display": "0.00", "missing_lines": 13, "excluded_lines": 0}, "missing_lines": [105, 106, 108, 109, 110, 111, 112, 113, 114, 116, 117, 118, 120], "excluded_lines": []}, "Command.generate_glassdoor_rating": {"executed_lines": [], "summary": {"covered_lines": 0, "num_statements": 5, "percent_covered": 0.0, "percent_covered_display": "0.00", "missing_lines": 5, "excluded_lines": 0}, "missing_lines": [124, 134, 135, 136, 137], "excluded_lines": []}, "Command.generate_recent_news": {"executed_lines": [], "summary": {"covered_lines": 0, "num_statements": 6, "percent_covered": 0.0, "percent_covered_display": "0.00", "missing_lines": 6, "excluded_lines": 0}, "missing_lines": [141, 170, 171, 173, 174, 176], "excluded_lines": []}, "Command.handle": {"executed_lines": [], "summary": {"covered_lines": 0, "num_statements": 52, "percent_covered": 0.0, "percent_covered_display": "0.00", "missing_lines": 52, "excluded_lines": 0}, "missing_lines": [184, 187, 195, 197, 198, 199, 201, 202, 204, 207, 208, 210, 211, 212, 214, 215, 217, 218, 220, 223, 224, 225, 227, 228, 229, 231, 232, 233, 235, 236, 237, 239, 240, 241, 243, 244, 245, 247, 248, 249, 251, 252, 253, 255, 256, 258, 260, 273, 274, 276, 277, 279], "excluded_lines": []}, "": {"executed_lines": [], "summary": {"covered_lines": 0, "num_statements": 15, "percent_covered": 0.0, "percent_covered_display": "0.00", "missing_lines": 15, "excluded_lines": 0}, "missing_lines": [9, 10, 11, 12, 13, 16, 17, 19, 24, 77, 90, 103, 122, 139, 183], "excluded_lines": []}}, "classes": {"Command": {"executed_lines": [], "summary": {"covered_lines": 0, "num_statements": 81, "percent_covered": 0.0, "percent_covered_display": "0.00", "missing_lines": 81, "excluded_lines": 0}, "missing_lines": [21, 22, 26, 79, 92, 105, 106, 108, 109, 110, 111, 112, 113, 114, 116, 117, 118, 120, 124, 134, 135, 136, 137, 141, 170, 171, 173, 174, 176, 184, 187, 195, 197, 198, 199, 201, 202, 204, 207, 208, 210, 211, 212, 214, 215, 217, 218, 220, 223, 224, 225, 227, 228, 229, 231, 232, 233, 235, 236, 237, 239, 240, 241, 243, 244, 245, 247, 248, 249, 251, 252, 253, 255, 256, 258, 260, 273, 274, 276, 277, 279], "excluded_lines": []}, "": {"executed_lines": [], "summary": {"covered_lines": 0, "num_statements": 15, "percent_covered": 0.0, "percent_covered_display": "0.00", "missing_lines": 15, "excluded_lines": 0}, "missing_lines": [9, 10, 11, 12, 13, 16, 17, 19, 24, 77, 90, 103, 122, 139, 183], "excluded_lines": []}}}, "core/management/commands/fetch_company_data.py": {"executed_lines": [1, 10, 11, 12, 13, 15, 16, 17, 19, 22, 23, 25, 26, 32, 39, 46, 101, 116, 131, 149, 170, 226, 240, 255, 290, 300, 374, 375, 376, 377, 378, 379, 382, 383, 384, 444, 445, 446, 447, 449, 450, 451, 452, 456, 457, 458
[...]
6, 3507, 3508, 3509, 3510, 3512, 3513, 3514, 3515, 3516, 3517, 3518, 3526, 3527, 3528, 3530, 3531, 3532, 3534, 3535, 3536, 3541, 3542, 3550, 3551, 3552, 3578, 3579, 3581, 3582, 3594, 3597, 3599, 3601, 3602, 3611, 3612, 3613, 3614, 3616, 3636, 3637, 3638, 3639, 3644, 3645, 3647, 3648, 3649, 3650, 3652, 3653, 3665, 3725, 3726, 3727, 3741, 3742, 3743, 3785, 3786, 3787, 3789, 3790, 3791, 3846, 3847, 3853, 3854, 3855, 3857, 3858, 3859, 3861, 3862, 3866, 3871, 3872, 3873, 3886, 3888, 3892, 3898, 3899, 3900, 3902, 3903, 3904, 3905, 3917, 3937, 3938, 3939, 3941, 3942, 3943, 3944, 3961, 3962, 3979, 3980, 3981, 3983, 3984, 3985, 4001, 4002, 4019, 4020, 4021, 4059, 4060, 4061, 4097, 4098, 4099, 4136, 4151, 4152, 4153, 4157, 4158, 4159, 4232, 4233, 4234, 4235, 4242, 4243, 4244, 4246, 4247, 4248, 4251, 4252, 4253, 4266, 4269, 4270, 4274, 4283, 4284, 4285, 4286, 4288, 4289, 4290, 4291, 4298, 4299, 4306, 4307, 4309, 4310, 4311, 4312, 4313, 4326, 4329, 4330, 4334, 4338, 4341, 4342, 4355, 4356, 4357, 4358, 4364, 4365, 4366, 4368, 4369, 4372, 4373, 4374, 4375, 4376, 4377, 4378, 4380, 4393, 4396, 4399, 4411, 4413, 4416, 4419, 4420, 4422, 4424, 4426, 4428, 4430, 4432, 4436, 4438, 4439, 4442, 4444, 4445, 4455, 4456, 4469, 4472, 4473, 4476, 4485, 4486, 4487, 4488, 4490, 4491, 4492, 4493, 4500, 4501, 4508, 4511, 4512, 4513, 4514, 4515, 4524, 4525, 4538, 4541, 4542, 4548, 4551, 4552, 4561, 4562, 4563, 4564, 4589, 4590, 4591, 4596, 4597, 4598, 4622, 4623, 4624, 4663, 4664, 4665, 4667, 4669, 4670, 4672, 4673, 4675, 4680, 4682, 4683, 4685, 4687, 4688, 4690, 4692, 4697, 4698, 4724, 4725, 4726, 4761, 4762, 4763, 4765, 4766, 4769, 4770, 4779, 4784, 4786, 4787, 4794, 4795, 4797, 4799, 4813, 4815, 4816, 4818, 4820, 4822, 4844, 4845, 4846, 4936, 4937, 4938, 4974, 4975, 4976, 4979, 4980, 4983, 4985, 4988, 4990, 4992, 4996, 4999, 5002, 5003, 5018, 5019, 5020, 5029, 5030, 5031, 5034, 5035, 5042, 5043, 5044, 5045, 5050, 5052, 5054, 5068, 5070, 5072, 5073, 5075, 5079, 5082, 5085, 5086, 5105, 5106, 5107, 5111, 5112, 5113, 5114, 5115, 5120, 5121, 5122, 5132, 5133, 5136, 5137, 5138, 5141, 5143, 5144, 5146, 5147, 5155, 5156, 5157, 5173, 5182, 5185, 5186, 5187, 5230, 5231, 5232, 5238, 5240, 5241, 5242, 5243, 5244, 5249, 5250, 5251, 5261, 5262, 5265, 5266, 5267, 5270, 5272, 5273, 5274, 5277, 5278, 5279, 5280, 5281, 5284, 5285, 5286, 5289, 5290, 5291, 5292, 5293, 5294, 5295, 5297, 5298, 5310, 5312, 5315, 5316, 5330, 5331, 5332, 5348, 5358, 5361, 5362, 5363, 5367, 5368, 5369, 5376, 5377, 5384, 5385, 5388, 5389, 5390, 5393, 5395, 5396, 5405, 5406, 5408, 5409, 5417, 5432, 5433, 5434, 5438, 5439, 5440, 5447, 5448, 5455, 5456, 5461, 5462, 5469, 5470, 5473, 5475, 5476, 5478, 5479, 5486, 5507, 5590, 5591, 5592, 5768, 5769, 5770, 5813, 5814, 5815, 5818, 5821, 5822, 5824, 5827, 5829, 5844, 5845, 5846, 5859, 5860, 5861, 5862, 5865, 5868, 5869, 5872, 5874, 5875, 5886, 5887, 5900, 5924, 5926, 5927, 5928, 5941, 5942, 5944, 5959, 5960, 5961, 5975, 5976, 5977, 5980, 5983, 5985, 5988, 5990, 6016, 6017, 6018, 6216, 6217, 6218, 6316, 6317, 6318, 6376, 6377, 6378, 6399, 6400, 6402, 6404, 6405, 6408, 6411, 6412, 6417, 6422, 6423, 6427, 6435, 6437, 6440, 6447, 6452, 6454, 6459, 6460, 6472, 6473, 6474, 6521, 6522, 6523, 6542, 6543, 6544, 6546, 6548, 6549, 6552, 6553, 6556, 6557, 6562, 6563, 6565, 6569, 6570, 6573, 6574, 6581, 6584, 6586, 6589, 6596, 6601, 6603, 6608, 6609, 6621, 6622, 6623, 6640, 6641, 6643, 6644, 6647, 6648, 6655, 6657, 6662, 6663, 6664, 6680, 6681, 6683, 6696, 6697, 6698, 6699, 6706, 6707, 6708, 6711, 6717, 6718, 6724, 6725, 6731, 6732, 6739, 6751, 6773, 6774, 6775, 6776, 6804, 6805, 6806, 6808, 6810, 6811, 6813, 6815, 6818, 6819, 6825, 6826, 6838, 6839, 6877, 6879, 6880, 6883, 6884, 6889, 6890, 6897, 6898, 6901, 6903, 6909, 6924, 6925, 6926, 6927, 6929, 6931, 6936, 6937, 6952, 6953, 6954, 6972, 6973, 6975, 6977, 6992, 6993, 6994, 6995, 7014, 7015, 7016, 7018, 7019, 7022, 7023, 7024, 7025, 7026, 7029, 7031, 7041, 7043, 7044, 7173, 7174, 7175, 7176, 7195, 7196, 7197, 7200, 7202, 7207, 7208, 7209, 7211, 7220, 7223, 7224, 7225, 7226, 7229, 7230, 7240, 7241, 7242, 7253, 7256, 7257, 7277, 7281, 7284, 7285, 7286, 7288, 7314, 7315, 7316, 7317, 7350, 7351, 7352, 7518, 7653, 7654, 7655, 7660, 7661, 7663, 7665, 7667, 7668, 7669, 7671, 7673, 7676, 7679, 7687, 7691, 7692, 7728, 7729, 7730, 7736, 7737, 7739, 7740, 7741, 7742, 7798, 7799, 7800, 7828, 7829, 7830, 7860, 7861, 7862, 7891, 7892, 7893, 7921, 7990, 7991, 7992, 7997, 7998, 8002, 8004, 8006, 8007, 8008, 8010, 8011, 8024, 8025, 8026, 8062, 8063, 8064, 8084, 8085, 8086, 8111, 8112, 8113, 8132, 8133, 8134, 8231, 8232, 8233, 8316, 8317, 8318, 8352, 8353, 8354, 8393, 8394, 8395, 8468, 8469, 8470, 8524, 8525, 8526, 8631, 8632, 8633, 8715, 8716, 8717, 8780, 8781, 8782, 8816, 8817, 8818, 8903, 8904, 8905, 8947, 8948, 8949, 8973, 8974, 8975, 8998, 8999, 9000, 9100, 9101, 9102, 9109, 9110, 9112, 9113, 9114, 9117, 9118, 9121, 9122, 9125, 9126, 9141, 9185, 9186, 9187, 9254, 9255, 9256, 9313, 9314, 9315, 9364, 9365, 9366, 9424, 9425, 9426], "summary": {"covered_lines": 1708, "num_statements": 4199, "percent_covered": 40.67635151226482, "percent_covered_display": "40.68", "missing_lines": 2491, "excluded_lines": 3}, "missing_lines": [53, 54, 55, 56, 57, 58, 64, 65, 66, 67, 68, 69, 70, 71, 72, 73, 74, 75, 76, 77, 78, 79, 80, 81, 82, 83, 90, 91, 92, 93, 94, 97, 98, 99, 101, 103, 104, 105, 108, 109, 110, 111, 112, 113, 114, 116, 119, 123, 132, 133, 134, 141, 142, 144, 145, 147, 148, 149, 154, 155, 156, 157, 158, 159, 160, 161, 167, 168, 169, 170, 171, 172, 173, 179, 180, 181, 182, 183, 184, 185, 186, 235, 236, 238, 239, 241, 242, 243, 244, 245, 246, 249, 251, 252, 253, 254, 255, 256, 259, 260, 263, 264, 266, 267, 268, 269, 271, 272, 273, 274, 276, 277, 278, 279, 281, 282, 283, 284, 286, 287, 289, 291, 292, 301, 302, 303, 304, 307, 308, 309, 311, 312, 314, 315, 318, 319, 320, 321, 322, 323, 325, 326, 327, 328, 330, 332, 333, 334, 336, 337, 338, 343, 345, 346, 347, 350, 354, 356, 360, 361, 362, 365, 368, 369, 372, 374, 375, 376, 377, 378, 379, 382, 383, 384, 385, 386, 387, 388, 389, 391, 394, 396, 397, 398, 400, 404, 405, 406, 409, 410, 411, 412, 414, 417, 418, 419, 420, 421, 422, 425, 426, 427, 428, 429, 430, 433, 434, 435, 436, 437, 438, 439, 440, 442, 443, 446, 448, 449, 450, 452, 453, 455, 456, 457, 458, 459, 460, 462, 463, 464, 465, 466, 467, 469, 470, 471, 472, 474, 477, 478, 479, 480, 481, 482, 484, 485, 486, 488, 492, 493, 494, 495, 496, 497, 499, 501, 502, 503, 504, 505, 506, 507, 508, 510, 511, 520, 523, 524, 525, 526, 529, 537, 538, 541, 551, 560, 570, 580, 583, 584, 585, 586, 588, 590, 591, 592, 593, 594, 596, 597, 598, 600, 601, 602, 603, 605, 606, 609, 610, 612, 613, 615, 619, 620, 621, 622, 623, 624, 629, 630, 633, 679, 683, 684, 685, 686, 687, 688, 689, 691, 708, 709, 710, 711, 715, 716, 721, 722, 747, 748, 775, 794, 805, 806, 822, 830, 831, 844, 852, 853, 866, 890, 919, 920, 921, 922, 923, 986, 999, 1017, 1018, 1027, 1028, 1029, 1047, 1049, 1058, 1060, 1063, 1065, 1066, 1067, 1068, 1069, 1070, 1079, 1080, 1081, 1094, 1095, 1096, 1146, 1148, 1149, 1154, 1155, 1156, 1162, 1163, 1164, 1165, 1169, 1170, 1171, 1177, 1178, 1179, 1180, 1182, 1188, 1189, 1191, 1192, 1193, 1194, 1197, 1198, 1199, 1200, 1201, 1202, 1205, 1206, 1208, 1215, 1216, 1217, 1238, 1240, 1249, 1250, 1251, 1287, 1304, 1305, 1306, 1349, 1350, 1351, 1352, 1359, 1362, 1364, 1365, 1381, 1382, 1385, 1388, 1396, 1397, 1398, 1432, 1457, 1458, 1463, 1464, 1465, 1491, 1492, 1494, 1495, 1497, 1498, 1500, 1504, 1505, 1506, 1507, 1509, 1511, 1512, 1513, 1514, 1515, 1516, 1517, 1518, 1519, 1520, 1521, 1522, 1524, 1525, 1528, 1529, 1530, 1531, 1534, 1535, 1536, 1537, 1538, 1539, 1540, 1543, 1545, 1546, 1547, 1560, 1571, 1572, 1573, 1579, 1580, 1581, 1583, 1585, 1594, 1595, 1596, 1601, 1602, 1603, 1606, 1607, 1608, 1634, 1635, 1650, 1652, 1653, 1654, 1660, 1661, 1662, 1681, 1686, 1707, 1708, 1719, 1720, 1721, 1722, 1726, 1728, 1729, 1730, 1743, 1744, 1745, 1746, 1748, 1749, 1750, 1751, 1753, 1754, 1755, 1756, 1757, 1758, 1759, 1765, 1766, 1767, 1768, 1770, 1771, 1772, 1773, 1775, 1776, 1777, 1778, 1779, 1780, 1781, 1782, 1783, 1784, 1785, 1801, 1802, 1803, 1807, 1808, 1809, 1810, 1811, 1812, 1813, 1814, 1815, 1816, 1817, 1819, 1820, 1821, 1822, 1824, 1825, 1826, 1827, 1828, 1829, 1830, 1831, 1833, 1835, 1836, 1864, 1865, 1866, 1867, 1887, 1888, 1889, 1914, 1921, 1922, 1937, 1938, 1939, 1940, 1958, 1959, 1982, 1983, 1985, 1993, 1994, 1995, 1996, 2008, 2009, 2012, 2013, 2014, 2015, 2019, 2020, 2021, 2023, 2024, 2025, 2026, 2027, 2028, 2029, 2030, 2032, 2033, 2035, 2036, 2037, 2038, 2039, 2040, 2041, 2042, 2044, 2045, 2046, 2047, 2048, 2049, 2050, 2051, 2052, 2053, 2054, 2055, 2056, 2057, 2058, 2059, 2060, 2061, 2062, 2063, 2065, 2066, 2067, 2068, 2069, 2070, 2071, 2072, 2073, 2074, 2075, 2076, 2077, 2078, 2079, 2080, 2081, 2083, 2084, 2085, 2087, 2088, 2089, 2090, 2091, 2092, 2093, 2094, 2095, 2096, 2098, 2099, 2101, 2102, 2103, 2104, 2137, 2138, 2148, 2149, 2179, 2180, 2181, 2206, 2207, 2215, 2216, 2222, 2223, 2239, 2256, 2257, 2258, 2269, 2270, 2294, 2304, 2315, 2324, 2325, 2329, 2330, 2331, 2353, 2359, 2389, 2396, 2400, 2401, 2402, 2404, 2405, 2411, 2412, 2413, 2414, 2419, 2422, 2423, 2424, 2427, 2428, 2430, 2435, 2436, 2437, 2460, 2461, 2462, 2464, 2466, 2467, 2473, 2475, 2476, 2477, 2478, 2480, 2481, 2486, 2491, 2492, 2493, 2518, 2519, 2520, 2523, 2526, 2527, 2529, 2536, 2537, 2538, 2540, 2541, 2542, 2543, 2546, 2547, 2548, 2555, 2557, 2558, 2562, 2563, 2564, 2583, 2584, 2585, 2587, 2588, 2590, 2593, 2595, 2597, 2598, 2599, 2601, 2602, 2609, 2610, 2611, 2614, 2615, 2616, 2623, 2625, 2626, 2630, 2631, 2632, 2648, 2651, 2688, 2689, 2703, 2704, 2705, 2721, 2722, 2729, 2730, 2736, 2742, 2743, 2761, 2762, 2763, 2788, 2790, 2797, 2814, 2823, 2824, 2825, 2826, 2827, 2828, 2830, 2831, 2832, 2833, 2842, 2843, 2849, 2850, 2863, 2937, 2938, 2939, 2940, 2941, 2942, 2943, 2945, 2946, 2947, 2948, 2959, 2969, 2970, 2972, 2974, 2975, 2977, 2982, 2983, 2984, 3043, 3044, 3046, 3047, 3048, 3049, 3050, 3051, 3052, 3055, 3056, 3057, 3058, 3059, 3060, 3061, 3101, 3102, 3103, 3104, 3105, 3106, 3107, 3108, 3110, 3111, 3112, 3115, 3116, 3119, 3120, 3121, 3122, 3123, 3124, 3125, 3126, 3127, 3129, 3143, 3145, 3147, 3148, 3149, 3150, 3151, 3152, 3153, 3154, 3155, 3159, 3190, 3191, 3195, 3217, 3221, 3222, 3223, 3224, 3229, 3231, 3249, 3250, 3253, 3258, 3259, 3266, 3268, 3271, 3272, 3273, 3274, 3292, 3293, 3301, 3302, 3303, 3319, 3336, 3337, 3340, 3341, 3342, 3343, 3344, 3354, 3355, 3377, 3378, 3397, 3398, 3399, 3433, 3434, 3436, 3438, 3439, 3451, 3454, 3456, 3457, 3458, 3459, 3469, 3470, 3471, 3472, 3474, 3476, 3477, 3478, 3502, 3519, 3520, 3521, 3522, 3523, 3543, 3544, 3545, 3546, 3547, 3618, 3619, 3620, 3651, 3668, 3669, 3671, 3672, 3673, 3675, 3676, 3679, 3680, 3683, 3684, 3685, 3688, 3689, 3693, 3696, 3707, 3718, 3719, 3720, 3721, 3722, 3729, 3730, 3731, 3732, 3733, 3734, 3735, 3736, 3737, 3738, 3745, 3746, 3748, 3749, 3750, 3752, 3753, 3756, 3757, 3758, 3761, 3762, 3763, 3764, 3765, 3766, 3767, 3770, 3773, 3774, 3775, 3777, 3778, 3779, 3780, 3781, 3793, 3794, 3807, 3808, 3809, 3816, 3817, 3818, 3825, 3830, 3833, 3834, 3835, 3836, 3837, 3838, 3839, 3840, 3841, 3842, 3843, 3844, 3845, 3848, 3849, 3850, 3874, 3875, 3876, 3877, 3893, 3894, 3895, 3920, 3921, 3922, 3923, 3924, 3925, 3926, 3927, 3928, 3929, 3930, 3946, 3947, 3952, 3953, 3954, 3955, 3956, 3958, 3959, 3960, 3966, 3967, 3971, 3972, 3973, 3987, 3988, 3993, 3994, 3995, 3996, 3998, 3999, 4000, 4006, 4007, 4011, 4012, 4013, 4023, 4024, 4025, 4026, 4027, 4029, 4030, 4035, 4036, 4042, 4046, 4047, 4051, 4052, 4053, 4063, 4064, 4065, 4067, 4068, 4073, 4074, 4080, 4084, 4085, 4089, 4090, 4091, 4101, 4102, 4103, 4105, 4106, 4107, 4109, 4113, 4114, 4118, 4119, 4123, 4124, 4125, 4154, 4161, 4162, 4163, 4164, 4169, 4176, 4177, 4228, 4229, 4254, 4255, 4271, 4272, 4275, 4276, 4277, 4292, 4293, 4300, 4301, 4314, 4315, 4331, 4332, 4335, 4336, 4343, 4344, 4345, 4382, 4383, 4384, 4385, 4386, 4387, 4389, 4394, 4397, 4400, 4401, 4402, 4404, 4405, 4407, 4412, 4414, 4421, 4423, 4425, 4427, 4429, 4431, 4433, 4447, 4448, 4449, 4450, 4451, 4452, 4453, 4457, 4458, 4474, 4477, 4478, 4479, 4494, 4495, 4502, 4503, 4509, 4516, 4517, 4518, 4519, 4520, 4521, 4522, 4526, 4527, 4544, 4545, 4546, 4553, 4554, 4555, 4566, 4567, 4568, 4569, 4570, 4571, 4572, 4573, 4574, 4575, 4576, 4577, 4578, 4579, 4580, 4581, 4582, 4583, 4584, 4585, 4592, 4593, 4600, 4601, 4602, 4603, 4604, 4605, 4606, 4607, 4608, 4609, 4610, 4611, 4612, 4613, 4614, 4615, 4706, 4708, 4709, 4711, 4712, 4714, 4715, 4716, 4771, 4772, 4781, 4782, 4804, 4805, 4826, 4827, 4834, 4835, 4836, 4872, 4873, 4874, 4876, 4877, 4878, 4879, 4881, 4882, 4885, 4886, 4887, 4888, 4889, 4890, 4892, 4895, 4896, 4897, 4898, 4905, 4907, 4914, 4915, 4922, 4923, 4924, 5005, 5006, 5007, 5036, 5037, 5088, 5089, 5090, 5134, 5139, 5140, 5161, 5162, 5163, 5201, 5203, 5204, 5209, 5210, 5211, 5212, 5213, 5214, 5218, 5219, 5220, 5263, 5268, 5269, 5311, 5313, 5336, 5337, 5338, 5370, 5371, 5378, 5379, 5386, 5391, 5392, 5397, 5398, 5399, 5400, 5418, 5419, 5420, 5424, 5425, 5426, 5441, 5442, 5449, 5450, 5457, 5463, 5464, 5471, 5495, 5496, 5497, 5501, 5502, 5503, 5532, 5533, 5536, 5537, 5538, 5539, 5540, 5541, 5542, 5543, 5544, 5545, 5548, 5549, 5554, 5555, 5569, 5570, 5571, 5573, 5575, 5579, 5580, 5582, 5583, 5584, 5594, 5595, 5596, 5598, 5599, 5600, 5601, 5602, 5612, 5613, 5614, 5615, 5616, 5618, 5625, 5626, 5636, 5637, 5638, 5648, 5649, 5650, 5651, 5652, 5653, 5654, 5655, 5657, 5658, 5659, 5660, 5670, 5671, 5672, 5674, 5675, 5676, 5677, 5678, 5679, 5681, 5682, 5683, 5684, 5685, 5687, 5688, 5689, 5691, 5704, 5705, 5709, 5710, 5713, 5714, 5715, 5717, 5718, 5719, 5720, 5722, 5736, 5737, 5738, 5740, 5741, 5742, 5751, 5752, 5753, 5831, 5832, 5833, 5888, 5889, 5946, 5947, 5948, 5999, 6000, 6001, 6040, 6041, 6042, 6044, 6045, 6046, 6047, 6048, 6052, 6053, 6058, 6060, 6062, 6063, 6068, 6104, 6105, 6106, 6109, 6110, 6115, 6116, 6123, 6124, 6126, 6128, 6136, 6142, 6147, 6148, 6149, 6152, 6153, 6154, 6156, 6157, 6158, 6159, 6162, 6201, 6208, 6209, 6210, 6226, 6228, 6229, 6230, 6231, 6233, 6234, 6239, 6241, 6242, 6288, 6289, 6290, 6291, 6294, 6299, 6300, 6304, 6305, 6306, 6348, 6350, 6351, 6353, 6354, 6360, 6362, 6368, 6369, 6370, 6418, 6419, 6448, 6449, 6455, 6464, 6465, 6466, 6494, 6496, 6497, 6498, 6499, 6501, 6502, 6507, 6509, 6513, 6514, 6515, 6566, 6567, 6597, 6598, 6604, 6613, 6614, 6615, 6649, 6650, 6700, 6701, 6712, 6726, 6727, 6728, 6729, 6733, 6734, 6735, 6736, 6760, 6761, 6765, 6766, 6767, 6842, 6843, 6846, 6848, 6854, 6865, 6866, 6868, 6869, 6870, 6872, 6873, 6875, 6891, 6920, 6921, 6923, 6932, 6941, 6942, 6943, 6979, 6980, 6981, 7032, 7033, 7034, 7035, 7036, 7055, 7057, 7058, 7059, 7060, 7062, 7063, 7065, 7071, 7072, 7086, 7088, 7102, 7103, 7113, 7114, 7115, 7118, 7119, 7120, 7121, 7122, 7124, 7125, 7126, 7129, 7131, 7132, 7133, 7134, 7135, 7136, 7139, 7146, 7157, 7158, 7162, 7163, 7167, 7168, 7169, 7264, 7265, 7266, 7290, 7291, 7300, 7301, 7302, 7320, 7321, 7322, 7332, 7333, 7334, 7345, 7346, 7347, 7354, 7355, 7356, 7358, 7359, 7360, 7361, 7362, 7372, 7373, 7374, 7375, 7376, 7377, 7379, 7386, 7387, 7397, 7398, 7399, 7409, 7410, 7411, 7412, 7413, 7414, 7415, 7417, 7418, 7419, 7420, 7430, 7431, 7432, 7434, 7435, 7436, 7437, 7438, 7439, 7441, 7442, 7443, 7452, 7454, 7455, 7456, 7457, 7458, 7459, 7460, 7461, 7462, 7463, 7464, 7465, 7467, 7476, 7477, 7478, 7479, 7480, 7481, 7483, 7484, 7485, 7494, 7495, 7496, 7505, 7506, 7507, 7523, 7525, 7540, 7542, 7543, 7544, 7545, 7546, 7547, 7548, 7549, 7550, 7551, 7552, 7553, 7554, 7555, 7556, 7557, 7560, 7561, 7562, 7565, 7566, 7567, 7568, 7569, 7570, 7571, 7572, 7573, 7574, 7575, 7576, 7577, 7578, 7581, 7582, 7583, 7584, 7585, 7588, 7589, 7590, 7591, 7592, 7602, 7603, 7604, 7605, 7606, 7607, 7608, 7618, 7619, 7620, 7621, 7622, 7623, 7624, 7632, 7633, 7634, 7635, 7636, 7637, 7638, 7639, 7640, 7642, 7643, 7644, 7646, 7674, 7677, 7680, 7681, 7688, 7689, 7694, 7696, 7699, 7702, 7703, 7704, 7705, 7706, 7711, 7712, 7713, 7716, 7719, 7722, 7723, 7725, 7747, 7749, 7750, 7752, 7753, 7755, 7757, 7759, 7766, 7767, 7770, 7771, 7772, 7774, 7775, 7776, 7777, 7779, 7782, 7784, 7785, 7787, 7789, 7791, 7792, 7802, 7804, 7805, 7806, 7807, 7812, 7813, 7815, 7816, 7821, 7823, 7824, 7825, 7832, 7834, 7835, 7836, 7837, 7842, 7844, 7845, 7846, 7847, 7848, 7849, 7851, 7856, 7857, 7864, 7865, 7866, 7868, 7871, 7878, 7879, 7882, 7887, 7888, 7895, 7897, 7898, 7902, 7903, 7908, 7909, 7910, 7912, 7914, 7916, 7917, 7918, 7923, 7925, 7959, 7960, 7966, 7967, 7974, 7982, 7983, 7999, 8000, 8016, 8017, 8018, 8019, 8020, 8021, 8032, 8033, 8034, 8035, 8036, 8037, 8038, 8040, 8041, 8042, 8044, 8045, 8046, 8047, 8048, 8049, 8051, 8053, 8054, 8058, 8059, 8068, 8069, 8070, 8071, 8072, 8073, 8074, 8077, 8078, 8080, 8081, 8090, 8091, 8092, 8093, 8094, 8095, 8096, 8099, 8100, 8104, 8105, 8107, 8108, 8117, 8118, 8119, 8120, 8121, 8122, 8123, 8125, 8126, 8128, 8129, 8140, 8141, 8142, 8144, 8145, 8146, 8150, 8154, 8155, 8156, 8157, 8160, 8162, 8164, 8166, 8167, 8173, 8175, 8176, 8177, 8178, 8179, 8180, 8185, 8186, 8192, 8193, 8194, 8195, 8196, 8197, 8198, 8203, 8204, 8210, 8211, 8212, 8219, 8221, 8223, 8238, 8239, 8240, 8242, 8243, 8244, 8248, 8252, 8253, 8254, 8255, 8257, 8259, 8260, 8261, 8264, 8266, 8268, 8269, 8271, 8272, 8274, 8275, 8276, 8277, 8278, 8279, 8281, 8284, 8285, 8288, 8290, 8292, 8293, 8297, 8306, 8307, 8310, 8311, 8312, 8313, 8323, 8324, 8325, 8326, 8327, 8328, 8329, 8331, 8333, 8336, 8348, 8349, 8359, 8360, 8361, 8362, 8363, 8364, 8365, 8368, 8369, 8370, 8371, 8372, 8375, 8376, 8379, 8380, 8381, 8383, 8400, 8402, 8404, 8408, 8409, 8411, 8412, 8413, 8415, 8416, 8417, 8420, 8421, 8425, 8426, 8432, 8445, 8446, 8447, 8449, 8452, 8453, 8462, 8476, 8478, 8479, 8483, 8484, 8489, 8490, 8491, 8493, 8494, 8497, 8503, 8504, 8505, 8508, 8509, 8511, 8513, 8514, 8516, 8517, 8518, 8533, 8534, 8536, 8537, 8540, 8541, 8547, 8548, 8549, 8553, 8559, 8560, 8561, 8562, 8568, 8570, 8571, 8572, 8578, 8579, 8580, 8581, 8582, 8583, 8584, 8586, 8587, 8593, 8594, 8595, 8596, 8605, 8606, 8607, 8616, 8619, 8637, 8638, 8639, 8641, 8642, 8643, 8646, 8647, 8650, 8651, 8656, 8657, 8662, 8663, 8669, 8670, 8671, 8672, 8678, 8689, 8690, 8699, 8709, 8723, 8725, 8727, 8728, 8734, 8735, 8740, 8741, 8743, 8745, 8746, 8748, 8749, 8750, 8755, 8756, 8758, 8759, 8760, 8764, 8765, 8766, 8768, 8770, 8772, 8773, 8774, 8787, 8789, 8792, 8797, 8798, 8799, 8801, 8802, 8803, 8805, 8806, 8807, 8810, 8812, 8813, 8823, 8824, 8826, 8827, 8828, 8831, 8832, 8835, 8836, 8842, 8845, 8846, 8847, 8849, 8850, 8853, 8854, 8855, 8856, 8860, 8861, 8867, 8881, 8883, 8886, 8897, 8910, 8911, 8913, 8915, 8916, 8922, 8923, 8928, 8929, 8930, 8931, 8933, 8934, 8935, 8937, 8939, 8940, 8941, 8953, 8954, 8956, 8961, 8962, 8963, 8966, 8967, 8969, 8970, 8979, 8981, 8982, 8986, 8987, 8992, 8994, 8995, 9005, 9007, 9008, 9009, 9011, 9014, 9015, 9019, 9020, 9026, 9030, 9031, 9034, 9042, 9043, 9055, 9056, 9057, 9058, 9067, 9069, 9072, 9074, 9075, 9076, 9077, 9078, 9080, 9083, 9088, 9119, 9123, 9127, 9143, 9144, 9147, 9149, 9160, 9173, 9174, 9175, 9176, 9177, 9191, 9192, 9193, 9195, 9196, 9197, 9198, 9200, 9201, 9215, 9217, 9219, 9220, 9221, 9222, 9223, 9224, 9225, 9227, 9229, 9242, 9243, 9244, 9246, 9247, 9248, 9249, 9250, 9262, 9263, 9266, 9268, 9271, 9272, 9273, 9275, 9276, 9279, 9280, 9281, 9293, 9298, 9299, 9300, 9301, 9302, 9321, 9322, 9323, 9325, 9326, 9327, 9328, 9331, 9332, 9334, 9335, 9336, 9337, 9338, 9339, 9342, 9344, 9345, 9350, 9354, 9355, 9356, 9357, 9358, 9372, 9373, 9374, 9376, 9379, 9380, 9381, 9383, 9384, 9385, 9387, 9388, 9389, 9391, 9392, 9393, 9410, 9415, 9416, 9417, 9418, 9419, 9431, 9432, 9433, 9435, 9436, 9437, 9439, 9445, 9456, 9457, 9462, 9463, 9468, 9470, 9471], "excluded_lines": [2502, 4727, 6955]}}}}, "totals": {"covered_lines": 6821, "num_statements": 12736, "percent_covered": 53.556846733668344, "percent_covered_display": "53.56", "missing_lines": 5915, "excluded_lines": 3}}