{"meta": {"format": 3, "version": "7.11.1", "timestamp": "2025-12-06T15:17:11.162580", "branch_coverage": false, "show_contexts": false}, "files": {"core/__init__.py": {"executed_lines": [0], "summary": {"covered_lines": 0, "num_statements": 0, "percent_covered": 100.0, "percent_covered_display": "100.00", "missing_lines": 0, "excluded_lines": 0}, "missing_lines": [], "excluded_lines": [], "functions": {"": {"executed_lines": [], "summary": {"covered_lines": 0, "num_statements": 0, "percent_covered": 100.0, "percent_covered_display": "100.00", "missing_lines": 0, "excluded_lines": 0}, "missing_lines": [], "excluded_lines": []}}, "classes": {"": {"executed_lines": [], "summary": {"covered_lines": 0, "num_statements": 0, "percent_covered": 100.0, "percent_covered_display": "100.00", "missing_lines": 0, "excluded_lines": 0}, "missing_lines": [], "excluded_lines": []}}}, "core/analytics_views.py": {"executed_lines": [1, 4, 5, 6, 7, 8, 9, 10, 11, 12, 13, 14, 15, 16, 17, 18, 19, 20, 22, 24, 40, 41, 42, 95, 96, 97, 99, 100, 104, 105, 106, 115, 116, 117, 149, 150, 151, 204, 285, 347, 381, 391, 419, 444, 475, 557, 577, 613, 649, 662, 671, 690, 713, 722, 734, 742, 752, 761, 899, 943, 946, 953], "summary": {"covered_lines": 61, "num_statements": 507, "percent_covered": 12.03155818540434, "percent_covered_display": "12.03", "missing_lines": 446, "excluded_lines": 0}, "missing_lines": [44, 45, 46, 49, 50, 51, 52, 53, 54, 55, 56, 59, 61, 74, 75, 87, 88, 89, 101, 102, 107, 108, 109, 119, 120, 121, 122, 124, 125, 126, 129, 133, 135, 136, 139, 141, 142, 143, 144, 145, 146, 153, 154, 155, 156, 161, 162, 163, 164, 169, 170, 172, 173, 174, 175, 176, 177, 178, 179, 180, 182, 183, 184, 185, 186, 187, 188, 189, 190, 192, 193, 195, 196, 198, 206, 208, 213, 214, 217, 218, 221, 223, 224, 225, 227, 228, 230, 231, 234, 235, 236, 237, 240, 241, 242, 244, 259, 260, 263, 264, 265, 266, 267, 268, 269, 270, 272, 280, 281, 282, 287, 288, 289, 291, 297, 298, 299, 301, 302, 303, 304, 305, 306, 307, 308, 309, 310, 311, 312, 313, 314, 316, 317, 318, 320, 321, 322, 323, 324, 326, 327, 329, 330, 332, 333, 335, 349, 352, 362, 363, 365, 366, 367, 369, 371, 383, 394, 396, 397, 399, 400, 401, 403, 404, 405, 407, 409, 416, 421, 424, 425, 427, 428, 429, 431, 432, 437, 446, 447, 448, 451, 452, 453, 455, 456, 458, 459, 461, 477, 478, 480, 481, 482, 488, 489, 491, 492, 493, 494, 495, 496, 497, 498, 499, 501, 502, 505, 506, 507, 508, 509, 510, 511, 515, 522, 524, 525, 527, 528, 529, 531, 532, 533, 534, 535, 538, 539, 540, 541, 542, 543, 544, 545, 547, 548, 549, 551, 558, 559, 560, 561, 563, 564, 565, 566, 567, 569, 578, 579, 580, 582, 583, 584, 585, 587, 588, 589, 590, 592, 593, 594, 595, 597, 598, 599, 601, 602, 603, 604, 605, 606, 607, 608, 610, 615, 616, 618, 619, 620, 621, 623, 624, 625, 626, 628, 629, 630, 631, 633, 634, 635, 637, 638, 639, 640, 641, 642, 643, 644, 646, 650, 651, 652, 653, 654, 655, 656, 657, 658, 659, 663, 664, 665, 666, 667, 668, 672, 673, 674, 675, 676, 677, 678, 679, 680, 681, 682, 683, 684, 685, 686, 687, 691, 714, 723, 735, 743, 753, 763, 764, 765, 766, 767, 769, 770, 771, 772, 773, 774, 775, 776, 777, 778, 779, 781, 797, 798, 801, 803, 804, 805, 806, 807, 808, 809, 810, 811, 812, 813, 814, 815, 816, 817, 818, 819, 820, 821, 822, 824, 825, 828, 829, 830, 831, 832, 833, 834, 835, 836, 837, 838, 839, 840, 842, 843, 844, 845, 846, 847, 848, 849, 850, 851, 852, 855, 856, 857, 858, 859, 860, 861, 862, 863, 864, 865, 866, 867, 868, 869, 871, 873, 900, 901, 902, 903, 905, 913, 921, 922, 928, 929, 930, 931, 932, 933, 934, 935, 936, 937, 938, 939, 940, 941, 944, 947, 954], "excluded_lines": [], "functions": {"cover_letter_analytics_view": {"executed_lines": [], "summary": {"covered_lines": 0, "num_statements": 18, "percent_covered": 0.0, "percent_covered_display": "0.00", "missing_lines": 18, "excluded_lines": 0}, "missing_lines": [44, 45, 46, 49, 50, 51, 52, 53, 54, 55, 56, 59, 61, 74, 75, 87, 88, 89], "excluded_lines": []}, "productivity_analytics_view": {"executed_lines": [99, 100, 104, 105, 106], "summary": {"covered_lines": 5, "num_statements": 10, "percent_covered": 50.0, "percent_covered_display": "50.00", "missing_lines": 5, "excluded_lines": 0}, "missing_lines": [101, 102, 107, 108, 109], "excluded_lines": []}, "competitive_analysis_view": {"executed_lines": [], "summary": {"covered_lines": 0, "num_statements": 18, "percent_covered": 0.0, "percent_covered_display": "0.00", "missing_lines": 18, "excluded_lines": 0}, "missing_lines": [119, 120, 121, 122, 124, 125, 126, 129, 133, 135, 136, 139, 141, 142, 143, 144, 145, 146], "excluded_lines": []}, "update_application_targets_view": {"executed_lines": [], "summary": {"covered_lines": 0, "num_statements": 33, "percent_covered": 0.0, "percent_covered_display": "0.00", "missing_lines": 33, "excluded_lines": 0}, "missing_lines": [153, 154, 155, 156, 161, 162, 163, 164, 169, 170, 172, 173, 174, 175, 176, 177, 178, 179, 180, 182, 183, 184, 185, 186, 187, 188, 189, 190, 192, 193, 195, 196, 198], "excluded_lines": []}, "_calculate_cover_letter_analytics": {"executed_lines": [], "summary": {"covered_lines": 0, "num_statements": 36, "percent_covered": 0.0, "percent_covered_display": "0.00", "missing_lines": 36, "excluded_lines": 0}, "missing_lines": [206, 208, 213, 214, 217, 218, 221, 223, 224, 225, 227, 228, 230, 231, 234, 235, 236, 237, 240, 241, 242, 244, 259, 260, 263, 264, 265, 266, 267, 268, 269, 270, 272, 280, 281, 282], "excluded_lines": []}, "_calculate_time_to_response": {"executed_lines": [], "summary": {"covered_lines": 0, "num_statements": 35, "percent_covered": 0.0, "percent_covered_display": "0.00", "missing_lines": 35, "excluded_lines": 0}, "missing_lines": [287, 288, 289, 291, 297, 298, 299, 301, 302, 303, 304, 305, 306, 307, 308, 309, 310, 311, 312, 313, 314, 316, 317, 318, 320, 321, 322, 323, 324, 326, 327, 329, 330, 332, 335], "excluded_lines": []}, "_calculate_time_to_response._avg": {"executed_lines": [], "summary": {"covered_lines": 0, "num_statements": 1, "percent_covered": 0.0, "percent_covered_display": "0.00", "missing_lines": 1, "excluded_lines": 0}, "missing_lines": [333], "excluded_lines": []}, "_calculate_funnel_analytics": {"executed_lines": [], "summary": {"covered_lines": 0, "num_statements": 9, "percent_covered": 0.0, "percent_covered_display": "0.00", "missing_lines": 9, "excluded_lines": 0}, "missing_lines": [349, 352, 362, 363, 365, 366, 367, 369, 371], "excluded_lines": []}, "_calculate_industry_benchmarks": {"executed_lines": [], "summary": {"covered_lines": 0, "num_statements": 1, "percent_covered": 0.0, "percent_covered_display": "0.00", "missing_lines": 1, "excluded_lines": 0}, "missing_lines": [383], "excluded_lines": []}, "_calculate_response_trends": {"executed_lines": [], "summary": {"covered_lines": 0, "num_statements": 12, "percent_covered": 0.0, "percent_covered_display": "0.00", "missing_lines": 12, "excluded_lines": 0}, "missing_lines": [394, 396, 397, 399, 400, 401, 403, 404, 405, 407, 409, 416], "excluded_lines": []}, "_calculate_volume_patterns": {"executed_lines": [], "summary": {"covered_lines": 0, "num_statements": 9, "percent_covered": 0.0, "percent_covered_display": "0.00", "missing_lines": 9, "excluded_lines": 0}, "missing_lines": [421, 424, 425, 427, 428, 429, 431, 432, 437], "excluded_lines": []}, "_calculate_goal_progress": {"executed_lines": [], "summary": {"covered_lines": 0, "num_statements": 11, "percent_covered": 0.0, "percent_covered_display": "0.00", "missing_lines": 11, "excluded_lines": 0}, "missing_lines": [446, 447, 448, 451, 452, 453, 455, 456, 458, 459, 461], "excluded_lines": []}, "_calculate_insights_recommendations": {"executed_lines": [], "summary": {"covered_lines": 0, "num_statements": 49, "percent_covered": 0.0, "percent_covered_display": "0.00", "missing_lines": 49, "excluded_lines": 0}, "missing_lines": [477, 478, 480, 481, 482, 488, 489, 491, 492, 493, 494, 495, 496, 497, 498, 499, 501, 502, 505, 506, 507, 508, 509, 510, 511, 515, 522, 524, 525, 527, 528, 529, 531, 532, 533, 534, 535, 538, 539, 540, 541, 542, 543, 544, 545, 547, 548, 549, 551], "excluded_lines": []}, "_calculate_salary_insights": {"executed_lines": [], "summary": {"covered_lines": 0, "num_statements": 10, "percent_covered": 0.0, "percent_covered_display": "0.00", "missing_lines": 10, "excluded_lines": 0}, "missing_lines": [558, 559, 560, 561, 563, 564, 565, 566, 567, 569], "excluded_lines": []}, "_build_filtered_queryset": {"executed_lines": [], "summary": {"covered_lines": 0, "num_statements": 27, "percent_covered": 0.0, "percent_covered_display": "0.00", "missing_lines": 27, "excluded_lines": 0}, "missing_lines": [578, 579, 580, 582, 583, 584, 585, 587, 588, 589, 590, 592, 593, 594, 595, 597, 598, 599, 601, 602, 603, 604, 605, 606, 607, 608, 610], "excluded_lines": []}, "_build_filtered_queryset_for_peers": {"executed_lines": [], "summary": {"covered_lines": 0, "num_statements": 26, "percent_covered": 0.0, "percent_covered_display": "0.00", "missing_lines": 26, "excluded_lines": 0}, "missing_lines": [615, 616, 618, 619, 620, 621, 623, 624, 625, 626, 628, 629, 630, 631, 633, 634, 635, 637, 638, 639, 640, 641, 642, 643, 644, 646], "excluded_lines": []}, "_parse_date_param": {"executed_lines": [], "summary": {"covered_lines": 0, "num_statements": 10, "percent_covered": 0.0, "percent_covered_display": "0.00", "missing_lines": 10, "excluded_lines": 0}, "missing_lines": [650, 651, 652, 653, 654, 655, 656, 657, 658, 659], "excluded_lines": []}, "_parse_float_param": {"executed_lines": [], "summary": {"covered_lines": 0, "num_statements": 6, "percent_covered": 0.0, "percent_covered_display": "0.00", "missing_lines": 6, "excluded_lines": 0}, "missing_lines": [663, 664, 665, 666, 667, 668], "excluded_lines": []}, "_normalize_job_type_filters": {"executed_lines": [], "summary": {"covered_lines": 0, "num_statements": 16, "percent_covered": 0.0, "percent_covered_display": "0.00", "missing_lines": 16, "excluded_lines": 0}, "missing_lines": [672, 673, 674, 675, 676, 677, 678, 679, 680, 681, 682, 683, 684, 685, 686, 687], "excluded_lines": []}, "_avg_salary_expression": {"executed_lines": [], "summary": {"covered_lines": 0, "num_statements": 1, "percent_covered": 0.0, "percent_covered_display": "0.00", "missing_lines": 1, "excluded_lines": 0}, "missing_lines": [691], "excluded_lines": []}, "_empty_cover_letter_analytics": {"executed_lines": [], "summary": {"covered_lines": 0, "num_statements": 1, "percent_covered": 0.0, "percent_covered_display": "0.00", "missing_lines": 1, "excluded_lines": 0}, "missing_lines": [714], "excluded_lines": []}, "_empty_time_to_response": {"executed_lines": [], "summary": {"covered_lines": 0, "num_statements": 1, "percent_covered": 0.0, "percent_covered_display": "0.00", "missing_lines": 1, "excluded_lines": 0}, "missing_lines": [723], "excluded_lines": []}, "_empty_salary_insights": {"executed_lines": [], "summary": {"covered_lines": 0, "num_statements": 1, "percent_covered": 0.0, "percent_covered_display": "0.00", "missing_lines": 1, "excluded_lines": 0}, "missing_lines": [735], "excluded_lines": []}, "_empty_funnel_stats": {"executed_lines": [], "summary": {"covered_lines": 0, "num_statements": 1, "percent_covered": 0.0, "percent_covered_display": "0.00", "missing_lines": 1, "excluded_lines": 0}, "missing_lines": [743], "excluded_lines": []}, "_empty_industry_benchmarks": {"executed_lines": [], "summary": {"covered_lines": 0, "num_statements": 1, "percent_covered": 0.0, "percent_covered_display": "0.00", "missing_lines": 1, "excluded_lines": 0}, "missing_lines": [753], "excluded_lines": []}, "_calculate_competitive_analysis": {"executed_lines": [], "summary": {"covered_lines": 0, "num_statements": 49, "percent_covered": 0.0, "percent_covered_display": "0.00", "missing_lines": 49, "excluded_lines": 0}, "missing_lines": [763, 764, 769, 797, 798, 801, 824, 825, 828, 829, 830, 831, 832, 833, 834, 835, 836, 837, 838, 839, 840, 842, 843, 844, 845, 846, 847, 848, 849, 850, 851, 852, 855, 856, 857, 858, 859, 860, 861, 862, 863, 864, 865, 866, 867, 868, 869, 871, 873], "excluded_lines": []}, "_calculate_competitive_analysis._is_higher_level": {"executed_lines": [], "summary": {"covered_lines": 0, "num_statements": 3, "percent_covered": 0.0, "percent_covered_display": "0.00", "missing_lines": 3, "excluded_lines": 0}, "missing_lines": [765, 766, 767], "excluded_lines": []}, "_calculate_competitive_analysis._metrics": {"executed_lines": [], "summary": {"covered_lines": 0, "num_statements": 11, "percent_covered": 0.0, "percent_covered_display": "0.00", "missing_lines": 11, "excluded_lines": 0}, "missing_lines": [770, 771, 772, 773, 774, 775, 776, 777, 778, 779, 781], "excluded_lines": []}, "_calculate_competitive_analysis._employment_stats": {"executed_lines": [], "summary": {"covered_lines": 0, "num_statements": 20, "percent_covered": 0.0, "percent_covered_display": "0.00", "missing_lines": 20, "excluded_lines": 0}, "missing_lines": [803, 804, 805, 806, 807, 808, 809, 810, 811, 812, 813, 814, 815, 816, 817, 818, 819, 820, 821, 822], "excluded_lines": []}, "_generate_competitive_ai_recs": {"executed_lines": [], "summary": {"covered_lines": 0, "num_statements": 22, "percent_covered": 0.0, "percent_covered_display": "0.00", "missing_lines": 22, "excluded_lines": 0}, "missing_lines": [900, 901, 902, 903, 905, 913, 921, 922, 928, 929, 930, 931, 932, 933, 934, 935, 936, 937, 938, 939, 940, 941], "excluded_lines": []}, "_empty_response_trends": {"executed_lines": [], "summary": {"covered_lines": 0, "num_statements": 1, "percent_covered": 0.0, "percent_covered_display": "0.00", "missing_lines": 1, "excluded_lines": 0}, "missing_lines": [944], "excluded_lines": []}, "_empty_volume_patterns": {"executed_lines": [], "summary": {"covered_lines": 0, "num_statements": 1, "percent_covered": 0.0, "percent_covered_display": "0.00", "missing_lines": 1, "excluded_lines": 0}, "missing_lines": [947], "excluded_lines": []}, "_empty_goal_progress": {"executed_lines": [], "summary": {"covered_lines": 0, "num_statements": 1, "percent_covered": 0.0, "percent_covered_display": "0.00", "missing_lines": 1, "excluded_lines": 0}, "missing_lines": [954], "excluded_lines": []}, "": {"executed_lines": [1, 4, 5, 6, 7, 8, 9, 10, 11, 12, 13, 14, 15, 16, 17, 18, 19, 20, 22, 24, 40, 41, 42, 95, 96, 97, 115, 116, 117, 149, 150, 151, 204, 285, 347, 381, 391, 419, 444, 475, 557, 577, 613, 649, 662, 671, 690, 713, 722, 734, 742, 752, 761, 899, 943, 946, 953], "summary": {"covered_lines": 56, "num_statements": 56, "percent_covered": 100.0, "percent_covered_display": "100.00", "missing_lines": 0, "excluded_lines": 0}, "missing_lines": [], "excluded_lines": []}}, "classes": {"": {"executed_lines": [1, 4, 5, 6, 7, 8, 9, 10, 11, 12, 13, 14, 15, 16, 17, 18, 19, 20, 22, 24, 40, 41, 42, 95, 96, 97, 99, 100, 104, 105, 106, 115, 116, 117, 149, 150, 151, 204, 285, 347, 381, 391, 419, 444, 475, 557, 577, 613, 649, 662, 671, 690, 713, 722, 734, 742, 752, 761, 899, 943, 946, 953], "summary": {"covered_lines": 61, "num_statements": 507, "percent_covered": 12.03155818540434, "percent_covered_display": "12.03", "missing_lines": 446, "excluded_lines": 0}, "missing_lines": [44, 45, 46, 49, 50, 51, 52, 53, 54, 55, 56, 59, 61, 74, 75, 87, 88, 89, 101, 102, 107, 108, 109, 119, 120, 121, 122, 124, 125, 126, 129, 133, 135, 136, 139, 141, 142, 143, 144, 145, 146, 153, 154, 155, 156, 161, 162, 163, 164, 169, 170, 172, 173, 174, 175, 176, 177, 178, 179, 180, 182, 183, 184, 185, 186, 187, 188, 189, 190, 192, 193, 195, 196, 198, 206, 208, 213, 214, 217, 218, 221, 223, 224, 225, 227, 228, 230, 231, 234, 235, 236, 237, 240, 241, 242, 244, 259, 260, 263, 264, 265, 266, 267, 268, 269, 270, 272, 280, 281, 282, 287, 288, 289, 291, 297, 298, 299, 301, 302, 303, 304, 305, 306, 307, 308, 309, 310, 311, 312, 313, 314, 316, 317, 318, 320, 321, 322, 323, 324, 326, 327, 329, 330, 332, 333, 335, 349, 352, 362, 363, 365, 366, 367, 369, 371, 383, 394, 396, 397, 399, 400, 401, 403, 404, 405, 407, 409, 416, 421, 424, 425, 427, 428, 429, 431, 432, 437, 446, 447, 448, 451, 452, 453, 455, 456, 458, 459, 461, 477, 478, 480, 481, 482, 488, 489, 491, 492, 493, 494, 495, 496, 497, 498, 499, 501, 502, 505, 506, 507, 508, 509, 510, 511, 515, 522, 524, 525, 527, 528, 529, 531, 532, 533, 534, 535, 538, 539, 540, 541, 542, 543, 544, 545, 547, 548, 549, 551, 558, 559, 560, 561, 563, 564, 565, 566, 567, 569, 578, 579, 580, 582, 583, 584, 585, 587, 588, 589, 590, 592, 593, 594, 595, 597, 598, 599, 601, 602, 603, 604, 605, 606, 607, 608, 610, 615, 616, 618, 619, 620, 621, 623, 624, 625, 626, 628, 629, 630, 631, 633, 634, 635, 637, 638, 639, 640, 641, 642, 643, 644, 646, 650, 651, 652, 653, 654, 655, 656, 657, 658, 659, 663, 664, 665, 666, 667, 668, 672, 673, 674, 675, 676, 677, 678, 679, 680, 681, 682, 683, 684, 685, 686, 687, 691, 714, 723, 735, 743, 753, 763, 764, 765, 766, 767, 769, 770, 771, 772, 773, 774, 775, 776, 777, 778, 779, 781, 797, 798, 801, 803, 804, 805, 806, 807, 808, 809, 810, 811, 812, 813, 814, 815, 816, 817, 818, 819, 820, 821, 822, 824, 825, 828, 829, 830, 831, 832, 833, 834, 835, 836, 837, 838, 839, 840, 842, 843, 844, 845, 846, 847, 848, 849, 850, 851, 852, 855, 856, 857, 858, 859, 860, 861, 862, 863, 864, 865, 866, 867, 868, 869, 871, 873, 900, 901, 902, 903, 905, 913, 921, 922, 928, 929, 930, 931, 932, 933, 934, 935, 936, 937, 938, 939, 940, 941, 944, 947, 954], "excluded_lines": []}}}, "core/application_analytics.py": {"executed_lines": [], "summary": {"covered_lines": 0, "num_statements": 525, "percent_covered": 0.0, "percent_covered_display": "0.00", "missing_lines": 525, "excluded_lines": 0}, "missing_lines": [7, 8, 9, 10, 11, 12, 14, 17, 20, 23, 24, 25, 27, 29, 31, 32, 49, 52, 53, 56, 57, 60, 63, 67, 84, 86, 87, 89, 90, 91, 92, 94, 95, 97, 98, 99, 101, 102, 103, 105, 120, 121, 123, 125, 127, 128, 129, 131, 132, 134, 135, 136, 138, 139, 140, 142, 158, 159, 161, 163, 165, 166, 167, 169, 170, 172, 173, 174, 176, 177, 178, 180, 196, 197, 199, 201, 203, 204, 205, 207, 208, 210, 211, 212, 214, 215, 216, 218, 234, 235, 237, 239, 246, 247, 248, 250, 251, 252, 253, 255, 256, 264, 265, 266, 268, 269, 270, 271, 273, 274, 282, 283, 285, 286, 288, 289, 290, 291, 293, 300, 302, 305, 311, 312, 320, 322, 323, 324, 326, 327, 328, 329, 330, 331, 333, 334, 336, 337, 338, 339, 349, 352, 353, 355, 356, 357, 358, 359, 361, 362, 363, 364, 365, 366, 368, 369, 370, 371, 372, 381, 383, 393, 395, 396, 397, 399, 400, 401, 402, 403, 404, 405, 406, 407, 409, 410, 411, 412, 414, 415, 416, 417, 418, 419, 420, 421, 422, 424, 425, 426, 427, 429, 430, 431, 432, 433, 434, 435, 437, 438, 439, 440, 441, 443, 449, 451, 453, 459, 462, 465, 467, 468, 469, 470, 471, 472, 473, 476, 477, 478, 479, 480, 481, 482, 483, 484, 486, 487, 488, 489, 491, 492, 494, 495, 497, 498, 499, 501, 502, 503, 504, 505, 506, 509, 510, 511, 513, 514, 515, 517, 520, 521, 522, 524, 525, 526, 527, 530, 531, 532, 534, 535, 536, 537, 539, 540, 541, 542, 543, 552, 554, 555, 556, 561, 563, 568, 570, 571, 572, 573, 574, 576, 577, 579, 580, 582, 589, 591, 596, 598, 599, 600, 601, 602, 603, 604, 605, 606, 608, 609, 610, 611, 616, 618, 620, 621, 622, 623, 634, 635, 636, 637, 638, 639, 640, 641, 642, 643, 644, 650, 652, 654, 655, 656, 657, 658, 659, 660, 661, 662, 663, 664, 671, 673, 675, 676, 677, 678, 683, 684, 685, 686, 687, 688, 689, 690, 691, 692, 693, 694, 695, 696, 701, 702, 703, 704, 705, 706, 711, 713, 715, 716, 717, 718, 723, 724, 729, 730, 735, 737, 739, 740, 741, 742, 744, 745, 746, 751, 752, 753, 754, 756, 761, 762, 764, 765, 767, 768, 769, 770, 771, 773, 774, 775, 776, 777, 779, 781, 782, 783, 785, 791, 797, 799, 800, 801, 802, 803, 804, 814, 815, 816, 817, 818, 819, 820, 821, 822, 823, 824, 825, 827, 828, 830, 831, 832, 833, 834, 835, 840, 841, 842, 843, 846, 847, 848, 849, 850, 855, 856, 857, 858, 863, 864, 865, 866, 867, 868, 873, 874, 879, 881, 882, 883, 884, 885, 886, 887, 888, 898, 899, 900, 901, 902, 903, 904, 906, 907, 908, 909, 911, 912, 913, 914, 915, 916, 918, 919, 920, 921, 922, 923, 924, 925, 926, 927, 929, 930, 931, 932, 933, 934, 935, 936, 937, 938, 939, 940, 949, 951, 954, 956, 957, 958, 960, 961, 962, 970, 971, 972, 973, 974, 982, 983, 984, 992, 993, 994, 1002, 1004, 1006, 1008, 1009, 1010, 1011], "excluded_lines": [], "functions": {"ApplicationSuccessAnalyzer.__init__": {"executed_lines": [], "summary": {"covered_lines": 0, "num_statements": 2, "percent_covered": 0.0, "percent_covered_display": "0.00", "missing_lines": 2, "excluded_lines": 0}, "missing_lines": [24, 25], "excluded_lines": []}, "ApplicationSuccessAnalyzer.get_overall_metrics": {"executed_lines": [], "summary": {"covered_lines": 0, "num_statements": 11, "percent_covered": 0.0, "percent_covered_display": "0.00", "missing_lines": 11, "excluded_lines": 0}, "missing_lines": [29, 31, 32, 49, 52, 53, 56, 57, 60, 63, 67], "excluded_lines": []}, "ApplicationSuccessAnalyzer.analyze_by_industry": {"executed_lines": [], "summary": {"covered_lines": 0, "num_statements": 17, "percent_covered": 0.0, "percent_covered_display": "0.00", "missing_lines": 17, "excluded_lines": 0}, "missing_lines": [86, 87, 89, 90, 91, 92, 94, 95, 97, 98, 99, 101, 102, 103, 105, 120, 121], "excluded_lines": []}, "ApplicationSuccessAnalyzer.analyze_by_company_size": {"executed_lines": [], "summary": {"covered_lines": 0, "num_statements": 15, "percent_covered": 0.0, "percent_covered_display": "0.00", "missing_lines": 15, "excluded_lines": 0}, "missing_lines": [125, 127, 128, 129, 131, 132, 134, 135, 136, 138, 139, 140, 142, 158, 159], "excluded_lines": []}, "ApplicationSuccessAnalyzer.analyze_by_application_source": {"executed_lines": [], "summary": {"covered_lines": 0, "num_statements": 15, "percent_covered": 0.0, "percent_covered_display": "0.00", "missing_lines": 15, "excluded_lines": 0}, "missing_lines": [163, 165, 166, 167, 169, 170, 172, 173, 174, 176, 177, 178, 180, 196, 197], "excluded_lines": []}, "ApplicationSuccessAnalyzer.analyze_by_application_method": {"executed_lines": [], "summary": {"covered_lines": 0, "num_statements": 15, "percent_covered": 0.0, "percent_covered_display": "0.00", "missing_lines": 15, "excluded_lines": 0}, "missing_lines": [201, 203, 204, 205, 207, 208, 210, 211, 212, 214, 215, 216, 218, 234, 235], "excluded_lines": []}, "ApplicationSuccessAnalyzer.analyze_customization_impact": {"executed_lines": [], "summary": {"covered_lines": 0, "num_statements": 29, "percent_covered": 0.0, "percent_covered_display": "0.00", "missing_lines": 29, "excluded_lines": 0}, "missing_lines": [239, 246, 247, 248, 250, 251, 252, 253, 255, 256, 264, 265, 266, 268, 269, 270, 271, 273, 274, 282, 283, 285, 286, 288, 289, 290, 291, 293, 300], "excluded_lines": []}, "ApplicationSuccessAnalyzer.analyze_timing_patterns": {"executed_lines": [], "summary": {"covered_lines": 0, "num_statements": 40, "percent_covered": 0.0, "percent_covered_display": "0.00", "missing_lines": 40, "excluded_lines": 0}, "missing_lines": [305, 311, 312, 320, 322, 323, 324, 326, 327, 328, 329, 330, 331, 333, 334, 336, 337, 338, 339, 349, 352, 353, 355, 356, 357, 358, 359, 361, 362, 363, 364, 365, 366, 368, 369, 370, 371, 372, 381, 383], "excluded_lines": []}, "ApplicationSuccessAnalyzer.analyze_apply_and_response_speed": {"executed_lines": [], "summary": {"covered_lines": 0, "num_statements": 36, "percent_covered": 0.0, "percent_covered_display": "0.00", "missing_lines": 36, "excluded_lines": 0}, "missing_lines": [395, 396, 397, 399, 400, 401, 402, 403, 404, 405, 406, 407, 409, 410, 411, 412, 414, 415, 416, 417, 418, 419, 420, 421, 422, 424, 425, 426, 427, 429, 437, 438, 439, 440, 441, 443], "excluded_lines": []}, "ApplicationSuccessAnalyzer.analyze_apply_and_response_speed.format_bucket": {"executed_lines": [], "summary": {"covered_lines": 0, "num_statements": 6, "percent_covered": 0.0, "percent_covered_display": "0.00", "missing_lines": 6, "excluded_lines": 0}, "missing_lines": [430, 431, 432, 433, 434, 435], "excluded_lines": []}, "ApplicationSuccessAnalyzer.analyze_industry_success": {"executed_lines": [], "summary": {"covered_lines": 0, "num_statements": 1, "percent_covered": 0.0, "percent_covered_display": "0.00", "missing_lines": 1, "excluded_lines": 0}, "missing_lines": [451], "excluded_lines": []}, "ApplicationSuccessAnalyzer.analyze_keyword_signals": {"executed_lines": [], "summary": {"covered_lines": 0, "num_statements": 67, "percent_covered": 0.0, "percent_covered_display": "0.00", "missing_lines": 67, "excluded_lines": 0}, "missing_lines": [459, 462, 465, 467, 468, 469, 470, 471, 472, 473, 476, 477, 478, 479, 480, 481, 482, 483, 484, 486, 487, 488, 489, 491, 492, 494, 495, 497, 498, 499, 501, 502, 503, 504, 505, 506, 509, 510, 511, 513, 514, 515, 517, 520, 521, 522, 524, 525, 526, 527, 530, 531, 532, 534, 535, 536, 537, 539, 540, 541, 542, 543, 552, 554, 555, 556, 561], "excluded_lines": []}, "ApplicationSuccessAnalyzer.analyze_prep_correlations": {"executed_lines": [], "summary": {"covered_lines": 0, "num_statements": 12, "percent_covered": 0.0, "percent_covered_display": "0.00", "missing_lines": 12, "excluded_lines": 0}, "missing_lines": [568, 570, 571, 572, 573, 574, 576, 577, 579, 580, 582, 589], "excluded_lines": []}, "ApplicationSuccessAnalyzer.analyze_practice_history": {"executed_lines": [], "summary": {"covered_lines": 0, "num_statements": 15, "percent_covered": 0.0, "percent_covered_display": "0.00", "missing_lines": 15, "excluded_lines": 0}, "missing_lines": [596, 598, 599, 600, 601, 602, 603, 604, 605, 606, 608, 609, 610, 611, 616], "excluded_lines": []}, "ApplicationSuccessAnalyzer.analyze_success_trend": {"executed_lines": [], "summary": {"covered_lines": 0, "num_statements": 16, "percent_covered": 0.0, "percent_covered_display": "0.00", "missing_lines": 16, "excluded_lines": 0}, "missing_lines": [620, 621, 622, 623, 634, 635, 636, 637, 638, 639, 640, 641, 642, 643, 644, 650], "excluded_lines": []}, "ApplicationSuccessAnalyzer.analyze_interview_conversion": {"executed_lines": [], "summary": {"covered_lines": 0, "num_statements": 12, "percent_covered": 0.0, "percent_covered_display": "0.00", "missing_lines": 12, "excluded_lines": 0}, "missing_lines": [654, 655, 656, 657, 658, 659, 660, 661, 662, 663, 664, 671], "excluded_lines": []}, "ApplicationSuccessAnalyzer.forecast_timeline": {"executed_lines": [], "summary": {"covered_lines": 0, "num_statements": 4, "percent_covered": 0.0, "percent_covered_display": "0.00", "missing_lines": 4, "excluded_lines": 0}, "missing_lines": [675, 676, 677, 678], "excluded_lines": []}, "ApplicationSuccessAnalyzer.forecast_salary": {"executed_lines": [], "summary": {"covered_lines": 0, "num_statements": 13, "percent_covered": 0.0, "percent_covered_display": "0.00", "missing_lines": 13, "excluded_lines": 0}, "missing_lines": [684, 685, 686, 687, 688, 689, 690, 691, 692, 693, 694, 695, 696], "excluded_lines": []}, "ApplicationSuccessAnalyzer.prediction_accuracy_trend": {"executed_lines": [], "summary": {"covered_lines": 0, "num_statements": 6, "percent_covered": 0.0, "percent_covered_display": "0.00", "missing_lines": 6, "excluded_lines": 0}, "missing_lines": [702, 703, 704, 705, 706, 711], "excluded_lines": []}, "ApplicationSuccessAnalyzer.scenario_planning": {"executed_lines": [], "summary": {"covered_lines": 0, "num_statements": 9, "percent_covered": 0.0, "percent_covered_display": "0.00", "missing_lines": 9, "excluded_lines": 0}, "missing_lines": [715, 716, 717, 718, 723, 724, 729, 730, 735], "excluded_lines": []}, "ApplicationSuccessAnalyzer.analyze_pattern_factors": {"executed_lines": [], "summary": {"covered_lines": 0, "num_statements": 11, "percent_covered": 0.0, "percent_covered_display": "0.00", "missing_lines": 11, "excluded_lines": 0}, "missing_lines": [739, 740, 741, 742, 744, 745, 746, 751, 752, 753, 754], "excluded_lines": []}, "ApplicationSuccessAnalyzer.predict_success": {"executed_lines": [], "summary": {"covered_lines": 0, "num_statements": 19, "percent_covered": 0.0, "percent_covered_display": "0.00", "missing_lines": 19, "excluded_lines": 0}, "missing_lines": [761, 762, 764, 765, 767, 768, 769, 770, 771, 773, 774, 775, 776, 777, 779, 781, 782, 783, 785], "excluded_lines": []}, "ApplicationSuccessAnalyzer.get_pattern_recommendations": {"executed_lines": [], "summary": {"covered_lines": 0, "num_statements": 49, "percent_covered": 0.0, "percent_covered_display": "0.00", "missing_lines": 49, "excluded_lines": 0}, "missing_lines": [797, 799, 800, 801, 802, 803, 804, 814, 815, 816, 817, 818, 819, 820, 821, 822, 823, 824, 825, 827, 828, 830, 831, 832, 833, 834, 835, 840, 841, 842, 843, 846, 847, 848, 849, 850, 855, 856, 857, 858, 863, 864, 865, 866, 867, 868, 873, 874, 879], "excluded_lines": []}, "ApplicationSuccessAnalyzer.get_prediction_recommendations": {"executed_lines": [], "summary": {"covered_lines": 0, "num_statements": 34, "percent_covered": 0.0, "percent_covered_display": "0.00", "missing_lines": 34, "excluded_lines": 0}, "missing_lines": [882, 883, 884, 885, 886, 887, 888, 898, 899, 900, 901, 902, 903, 904, 906, 907, 908, 909, 911, 912, 913, 914, 915, 916, 918, 919, 920, 921, 922, 923, 924, 925, 926, 927], "excluded_lines": []}, "ApplicationSuccessAnalyzer._build_recommendations_prompt": {"executed_lines": [], "summary": {"covered_lines": 0, "num_statements": 11, "percent_covered": 0.0, "percent_covered_display": "0.00", "missing_lines": 11, "excluded_lines": 0}, "missing_lines": [930, 931, 932, 933, 934, 935, 936, 937, 938, 939, 940], "excluded_lines": []}, "ApplicationSuccessAnalyzer.get_recommendations": {"executed_lines": [], "summary": {"covered_lines": 0, "num_statements": 21, "percent_covered": 0.0, "percent_covered_display": "0.00", "missing_lines": 21, "excluded_lines": 0}, "missing_lines": [951, 954, 956, 957, 958, 960, 961, 962, 970, 971, 972, 973, 974, 982, 983, 984, 992, 993, 994, 1002, 1004], "excluded_lines": []}, "ApplicationSuccessAnalyzer.get_complete_analysis": {"executed_lines": [], "summary": {"covered_lines": 0, "num_statements": 4, "percent_covered": 0.0, "percent_covered_display": "0.00", "missing_lines": 4, "excluded_lines": 0}, "missing_lines": [1008, 1009, 1010, 1011], "excluded_lines": []}, "": {"executed_lines": [], "summary": {"covered_lines": 0, "num_statements": 35, "percent_covered": 0.0, "percent_covered_display": "0.00", "missing_lines": 35, "excluded_lines": 0}, "missing_lines": [7, 8, 9, 10, 11, 12, 14, 17, 20, 23, 27, 84, 123, 161, 199, 237, 302, 393, 449, 453, 563, 591, 618, 652, 673, 683, 701, 713, 737, 756, 791, 881, 929, 949, 1006], "excluded_lines": []}}, "classes": {"ApplicationSuccessAnalyzer": {"executed_lines": [], "summary": {"covered_lines": 0, "num_statements": 490, "percent_covered": 0.0, "percent_covered_display": "0.00", "missing_lines": 490, "excluded_lines": 0}, "missing_lines": [24, 25, 29, 31, 32, 49, 52, 53, 56, 57, 60, 63, 67, 86, 87, 89, 90, 91, 92, 94, 95, 97, 98, 99, 101, 102, 103, 105, 120, 121, 125, 127, 128, 129, 131, 132, 134, 135, 136, 138, 139, 140, 142, 158, 159, 163, 165, 166, 167, 169, 170, 172, 173, 174, 176, 177, 178, 180, 196, 197, 201, 203, 204, 205, 207, 208, 210, 211, 212, 214, 215, 216, 218, 234, 235, 239, 246, 247, 248, 250, 251, 252, 253, 255, 256, 264, 265, 266, 268, 269, 270, 271, 273, 274, 282, 283, 285, 286, 288, 289, 290, 291, 293, 300, 305, 311, 312, 320, 322, 323, 324, 326, 327, 328, 329, 330, 331, 333, 334, 336, 337, 338, 339, 349, 352, 353, 355, 356, 357, 358, 359, 361, 362, 363, 364, 365, 366, 368, 369, 370, 371, 372, 381, 383, 395, 396, 397, 399, 400, 401, 402, 403, 404, 405, 406, 407, 409, 410, 411, 412, 414, 415, 416, 417, 418, 419, 420, 421, 422, 424, 425, 426, 427, 429, 430, 431, 432, 433, 434, 435, 437, 438, 439, 440, 441, 443, 451, 459, 462, 465, 467, 468, 469, 470, 471, 472, 473, 476, 477, 478, 479, 480, 481, 482, 483, 484, 486, 487, 488, 489, 491, 492, 494, 495, 497, 498, 499, 501, 502, 503, 504, 505, 506, 509, 510, 511, 513, 514, 515, 517, 520, 521, 522, 524, 525, 526, 527, 530, 531, 532, 534, 535, 536, 537, 539, 540, 541, 542, 543, 552, 554, 555, 556, 561, 568, 570, 571, 572, 573, 574, 576, 577, 579, 580, 582, 589, 596, 598, 599, 600, 601, 602, 603, 604, 605, 606, 608, 609, 610, 611, 616, 620, 621, 622, 623, 634, 635, 636, 637, 638, 639, 640, 641, 642, 643, 644, 650, 654, 655, 656, 657, 658, 659, 660, 661, 662, 663, 664, 671, 675, 676, 677, 678, 684, 685, 686, 687, 688, 689, 690, 691, 692, 693, 694, 695, 696, 702, 703, 704, 705, 706, 711, 715, 716, 717, 718, 723, 724, 729, 730, 735, 739, 740, 741, 742, 744, 745, 746, 751, 752, 753, 754, 761, 762, 764, 765, 767, 768, 769, 770, 771, 773, 774, 775, 776, 777, 779, 781, 782, 783, 785, 797, 799, 800, 801, 802, 803, 804, 814, 815, 816, 817, 818, 819, 820, 821, 822, 823, 824, 825, 827, 828, 830, 831, 832, 833, 834, 835, 840, 841, 842, 843, 846, 847, 848, 849, 850, 855, 856, 857, 858, 863, 864, 865, 866, 867, 868, 873, 874, 879, 882, 883, 884, 885, 886, 887, 888, 898, 899, 900, 901, 902, 903, 904, 906, 907, 908, 909, 911, 912, 913, 914, 915, 916, 918, 919, 920, 921, 922, 923, 924, 925, 926, 927, 930, 931, 932, 933, 934, 935, 936, 937, 938, 939, 940, 951, 954, 956, 957, 958, 960, 961, 962, 970, 971, 972, 973, 974, 982, 983, 984, 992, 993, 994, 1002, 1004, 1008, 1009, 1010, 1011], "excluded_lines": []}, "": {"executed_lines": [], "summary": {"covered_lines": 0, "num_statements": 35, "percent_covered": 0.0, "percent_covered_display": "0.00", "missing_lines": 35, "excluded_lines": 0}, "missing_lines": [7, 8, 9, 10, 11, 12, 14, 17, 20, 23, 27, 84, 123, 161, 199, 237, 302, 393, 449, 453, 563, 591, 618, 652, 673, 683, 701, 713, 737, 756, 791, 881, 929, 949, 1006], "excluded_lines": []}}}, "core/authentication.py": {"executed_lines": [1, 4, 5, 6, 7, 8, 9, 10, 11, 12, 13, 14, 15, 16, 18, 19, 22, 23, 33, 37, 39, 40, 42, 44, 46, 49, 52, 56, 58, 62, 63, 65, 72, 80, 81, 82, 83, 84, 86, 87, 89, 91, 92, 93, 96, 109, 112, 113, 115, 116, 119, 120, 121, 122, 123, 127, 128, 129, 145, 266, 271, 272, 273, 274, 277, 285, 286, 287, 288, 292, 293, 294, 295, 296, 297, 298, 299, 302, 303, 304, 311, 319, 324], "summary": {"covered_lines": 81, "num_statements": 216, "percent_covered": 37.5, "percent_covered_display": "37.50", "missing_lines": 135, "excluded_lines": 0}, "missing_lines": [47, 53, 59, 66, 67, 68, 69, 70, 73, 95, 98, 99, 100, 101, 102, 108, 118, 125, 130, 131, 133, 134, 135, 136, 137, 143, 146, 148, 150, 151, 153, 154, 156, 158, 159, 160, 161, 164, 165, 166, 167, 168, 170, 172, 173, 174, 176, 178, 179, 180, 183, 184, 185, 187, 188, 190, 191, 193, 194, 195, 197, 198, 199, 200, 201, 202, 204, 205, 206, 207, 208, 209, 210, 211, 212, 213, 214, 215, 216, 217, 218, 219, 220, 221, 222, 223, 224, 225, 226, 227, 229, 231, 232, 233, 234, 235, 236, 237, 238, 239, 241, 242, 243, 244, 245, 246, 247, 249, 250, 251, 253, 255, 256, 257, 258, 260, 261, 262, 263, 267, 268, 275, 278, 279, 280, 282, 305, 306, 307, 309, 313, 314, 315, 316, 317], "excluded_lines": [], "functions": {"FirebaseAuthentication.authenticate": {"executed_lines": [37, 39, 40, 42, 44, 46, 49, 52, 56, 58, 62, 63, 65, 72, 80, 81, 82, 83, 84, 86, 87, 89, 91, 92, 93, 96, 109, 112, 113, 115, 116, 119, 120, 121, 122, 123, 127, 128, 129, 145, 266, 271, 272, 273, 274, 277, 285, 286, 287, 288, 292, 293, 294, 295, 296, 297, 298, 299, 302, 303, 304, 311], "summary": {"covered_lines": 62, "num_statements": 179, "percent_covered": 34.63687150837989, "percent_covered_display": "34.64", "missing_lines": 117, "excluded_lines": 0}, "missing_lines": [47, 53, 59, 66, 67, 68, 69, 70, 73, 95, 98, 99, 100, 101, 102, 108, 118, 125, 130, 131, 133, 134, 135, 136, 137, 143, 146, 148, 150, 151, 153, 154, 156, 158, 159, 160, 161, 164, 165, 166, 167, 168, 170, 172, 173, 174, 176, 178, 204, 205, 206, 207, 208, 209, 210, 211, 212, 213, 214, 215, 216, 217, 218, 219, 220, 221, 222, 223, 224, 225, 226, 227, 229, 231, 232, 233, 234, 235, 236, 237, 238, 239, 241, 242, 243, 244, 245, 246, 247, 249, 250, 251, 253, 255, 256, 257, 258, 260, 261, 262, 263, 267, 268, 275, 278, 279, 280, 282, 305, 306, 307, 309, 313, 314, 315, 316, 317], "excluded_lines": []}, "FirebaseAuthentication.authenticate.candidate_urls": {"executed_lines": [], "summary": {"covered_lines": 0, "num_statements": 18, "percent_covered": 0.0, "percent_covered_display": "0.00", "missing_lines": 18, "excluded_lines": 0}, "missing_lines": [179, 180, 183, 184, 185, 187, 188, 190, 191, 193, 194, 195, 197, 198, 199, 200, 201, 202], "excluded_lines": []}, "FirebaseAuthentication.authenticate_header": {"executed_lines": [324], "summary": {"covered_lines": 1, "num_statements": 1, "percent_covered": 100.0, "percent_covered_display": "100.00", "missing_lines": 0, "excluded_lines": 0}, "missing_lines": [], "excluded_lines": []}, "": {"executed_lines": [1, 4, 5, 6, 7, 8, 9, 10, 11, 12, 13, 14, 15, 16, 18, 19, 22, 23, 33, 319], "summary": {"covered_lines": 18, "num_statements": 18, "percent_covered": 100.0, "percent_covered_display": "100.00", "missing_lines": 0, "excluded_lines": 0}, "missing_lines": [], "excluded_lines": []}}, "classes": {"FirebaseAuthentication": {"executed_lines": [37, 39, 40, 42, 44, 46, 49, 52, 56, 58, 62, 63, 65, 72, 80, 81, 82, 83, 84, 86, 87, 89, 91, 92, 93, 96, 109, 112, 113, 115, 116, 119, 120, 121, 122, 123, 127, 128, 129, 145, 266, 271, 272, 273, 274, 277, 285, 286, 287, 288, 292, 293, 294, 295, 296, 297, 298, 299, 302, 303, 304, 311, 324], "summary": {"covered_lines": 63, "num_statements": 198, "percent_covered": 31.818181818181817, "percent_covered_display": "31.82", "missing_lines": 135, "excluded_lines": 0}, "missing_lines": [47, 53, 59, 66, 67, 68, 69, 70, 73, 95, 98, 99, 100, 101, 102, 108, 118, 125, 130, 131, 133, 134, 135, 136, 137, 143, 146, 148, 150, 151, 153, 154, 156, 158, 159, 160, 161, 164, 165, 166, 167, 168, 170, 172, 173, 174, 176, 178, 179, 180, 183, 184, 185, 187, 188, 190, 191, 193, 194, 195, 197, 198, 199, 200, 201, 202, 204, 205, 206, 207, 208, 209, 210, 211, 212, 213, 214, 215, 216, 217, 218, 219, 220, 221, 222, 223, 224, 225, 226, 227, 229, 231, 232, 233, 234, 235, 236, 237, 238, 239, 241, 242, 243, 244, 245, 246, 247, 249, 250, 251, 253, 255, 256, 257, 258, 260, 261, 262, 263, 267, 268, 275, 278, 279, 280, 282, 305, 306, 307, 309, 313, 314, 315, 316, 317], "excluded_lines": []}, "": {"executed_lines": [1, 4, 5, 6, 7, 8, 9, 10, 11, 12, 13, 14, 15, 16, 18, 19, 22, 23, 33, 319], "summary": {"covered_lines": 18, "num_statements": 18, "percent_covered": 100.0, "percent_covered_display": "100.00", "missing_lines": 0, "excluded_lines": 0}, "missing_lines": [], "excluded_lines": []}}}, "core/automation.py": {"executed_lines": [2, 9, 10, 11, 12, 13, 14, 15, 17, 21, 23, 26, 27, 32, 33, 97, 98, 101, 103, 108, 110, 111, 112, 114, 115, 116, 117, 231, 232, 235, 237, 242, 244, 245, 246, 248, 249, 250, 251, 396, 397, 401, 402, 441, 442, 471, 472, 511, 512, 528, 529, 552, 553, 570, 571, 577, 578, 606, 607, 611, 612, 636, 637, 653, 654, 669, 670, 709, 716], "summary": {"covered_lines": 65, "num_statements": 364, "percent_covered": 17.857142857142858, "percent_covered_display": "17.86", "missing_lines": 299, "excluded_lines": 0}, "missing_lines": [46, 47, 50, 59, 60, 61, 64, 65, 68, 71, 72, 73, 76, 79, 80, 81, 84, 85, 87, 88, 90, 91, 92, 93, 94, 95, 104, 105, 120, 121, 124, 134, 135, 136, 140, 144, 146, 156, 157, 158, 161, 162, 163, 164, 165, 168, 169, 171, 174, 175, 176, 177, 178, 180, 181, 183, 184, 188, 189, 190, 191, 194, 195, 196, 198, 200, 201, 202, 203, 205, 206, 208, 209, 212, 213, 214, 216, 217, 219, 220, 222, 223, 224, 225, 227, 228, 229, 238, 239, 254, 255, 256, 259, 270, 271, 272, 276, 280, 282, 300, 303, 304, 305, 306, 307, 310, 311, 313, 316, 317, 318, 319, 320, 322, 323, 325, 326, 330, 331, 332, 333, 336, 337, 338, 340, 342, 343, 344, 345, 347, 348, 350, 351, 354, 355, 356, 357, 360, 361, 362, 364, 366, 367, 368, 369, 371, 372, 374, 375, 378, 379, 380, 382, 383, 385, 386, 388, 389, 390, 391, 393, 394, 395, 410, 412, 413, 414, 415, 417, 420, 426, 428, 429, 430, 431, 432, 433, 435, 436, 438, 439, 444, 445, 448, 449, 450, 451, 454, 455, 456, 457, 460, 461, 462, 463, 465, 467, 468, 469, 474, 475, 476, 478, 480, 481, 482, 483, 484, 485, 486, 487, 488, 489, 490, 491, 492, 493, 495, 498, 499, 500, 504, 505, 507, 508, 509, 515, 516, 517, 519, 520, 526, 532, 533, 534, 536, 539, 545, 546, 550, 556, 557, 558, 560, 563, 564, 568, 575, 581, 582, 583, 585, 586, 588, 590, 597, 598, 600, 602, 603, 614, 615, 624, 625, 626, 627, 628, 629, 631, 633, 634, 639, 640, 648, 650, 651, 656, 657, 664, 666, 667, 673, 674, 675, 677, 679, 680, 681, 684, 685, 687, 690, 693, 695, 705, 711, 712, 713, 718], "excluded_lines": [], "functions": {"ApplicationPackageGenerator.generate_package": {"executed_lines": [], "summary": {"covered_lines": 0, "num_statements": 26, "percent_covered": 0.0, "percent_covered_display": "0.00", "missing_lines": 26, "excluded_lines": 0}, "missing_lines": [46, 47, 50, 59, 60, 61, 64, 65, 68, 71, 72, 73, 76, 79, 80, 81, 84, 85, 87, 88, 90, 91, 92, 93, 94, 95], "excluded_lines": []}, "ApplicationPackageGenerator._generate_resume": {"executed_lines": [101, 103, 108, 110, 111, 112, 114, 115, 116, 117], "summary": {"covered_lines": 10, "num_statements": 71, "percent_covered": 14.084507042253522, "percent_covered_display": "14.08", "missing_lines": 61, "excluded_lines": 0}, "missing_lines": [104, 105, 120, 121, 124, 134, 135, 136, 140, 144, 146, 156, 157, 158, 161, 162, 163, 164, 165, 168, 169, 171, 174, 175, 176, 177, 178, 180, 181, 183, 184, 188, 189, 190, 191, 194, 195, 196, 198, 200, 201, 202, 203, 205, 206, 208, 209, 212, 213, 214, 216, 217, 219, 220, 222, 223, 224, 225, 227, 228, 229], "excluded_lines": []}, "ApplicationPackageGenerator._generate_cover_letter": {"executed_lines": [235, 237, 242, 244, 245, 246, 248, 249, 250, 251], "summary": {"covered_lines": 10, "num_statements": 86, "percent_covered": 11.627906976744185, "percent_covered_display": "11.63", "missing_lines": 76, "excluded_lines": 0}, "missing_lines": [238, 239, 254, 255, 256, 259, 270, 271, 272, 276, 280, 282, 300, 303, 304, 305, 306, 307, 310, 311, 313, 316, 317, 318, 319, 320, 322, 323, 325, 326, 330, 331, 332, 333, 336, 337, 338, 340, 342, 343, 344, 345, 347, 348, 350, 351, 354, 355, 356, 357, 360, 361, 362, 364, 366, 367, 368, 369, 371, 372, 374, 375, 378, 379, 380, 382, 383, 385, 386, 388, 389, 390, 391, 393, 394, 395], "excluded_lines": []}, "AutomationEngine.trigger_rules": {"executed_lines": [], "summary": {"covered_lines": 0, "num_statements": 18, "percent_covered": 0.0, "percent_covered_display": "0.00", "missing_lines": 18, "excluded_lines": 0}, "missing_lines": [410, 412, 413, 414, 415, 417, 420, 426, 428, 429, 430, 431, 432, 433, 435, 436, 438, 439], "excluded_lines": []}, "AutomationEngine._should_execute_rule": {"executed_lines": [], "summary": {"covered_lines": 0, "num_statements": 18, "percent_covered": 0.0, "percent_covered_display": "0.00", "missing_lines": 18, "excluded_lines": 0}, "missing_lines": [444, 445, 448, 449, 450, 451, 454, 455, 456, 457, 460, 461, 462, 463, 465, 467, 468, 469], "excluded_lines": []}, "AutomationEngine._execute_rule": {"executed_lines": [], "summary": {"covered_lines": 0, "num_statements": 27, "percent_covered": 0.0, "percent_covered_display": "0.00", "missing_lines": 27, "excluded_lines": 0}, "missing_lines": [474, 475, 476, 478, 480, 481, 482, 483, 484, 485, 486, 487, 488, 489, 490, 491, 492, 493, 495, 498, 499, 500, 504, 505, 507, 508, 509], "excluded_lines": []}, "AutomationEngine._execute_generate_package": {"executed_lines": [], "summary": {"covered_lines": 0, "num_statements": 6, "percent_covered": 0.0, "percent_covered_display": "0.00", "missing_lines": 6, "excluded_lines": 0}, "missing_lines": [515, 516, 517, 519, 520, 526], "excluded_lines": []}, "AutomationEngine._execute_schedule_application": {"executed_lines": [], "summary": {"covered_lines": 0, "num_statements": 8, "percent_covered": 0.0, "percent_covered_display": "0.00", "missing_lines": 8, "excluded_lines": 0}, "missing_lines": [532, 533, 534, 536, 539, 545, 546, 550], "excluded_lines": []}, "AutomationEngine._execute_send_followup": {"executed_lines": [], "summary": {"covered_lines": 0, "num_statements": 7, "percent_covered": 0.0, "percent_covered_display": "0.00", "missing_lines": 7, "excluded_lines": 0}, "missing_lines": [556, 557, 558, 560, 563, 564, 568], "excluded_lines": []}, "AutomationEngine._execute_create_reminder": {"executed_lines": [], "summary": {"covered_lines": 0, "num_statements": 1, "percent_covered": 0.0, "percent_covered_display": "0.00", "missing_lines": 1, "excluded_lines": 0}, "missing_lines": [575], "excluded_lines": []}, "AutomationEngine._execute_update_status": {"executed_lines": [], "summary": {"covered_lines": 0, "num_statements": 12, "percent_covered": 0.0, "percent_covered_display": "0.00", "missing_lines": 12, "excluded_lines": 0}, "missing_lines": [581, 582, 583, 585, 586, 588, 590, 597, 598, 600, 602, 603], "excluded_lines": []}, "AutomationTriggers.on_job_created": {"executed_lines": [], "summary": {"covered_lines": 0, "num_statements": 11, "percent_covered": 0.0, "percent_covered_display": "0.00", "missing_lines": 11, "excluded_lines": 0}, "missing_lines": [614, 615, 624, 625, 626, 627, 628, 629, 631, 633, 634], "excluded_lines": []}, "AutomationTriggers.on_match_score_calculated": {"executed_lines": [], "summary": {"covered_lines": 0, "num_statements": 5, "percent_covered": 0.0, "percent_covered_display": "0.00", "missing_lines": 5, "excluded_lines": 0}, "missing_lines": [639, 640, 648, 650, 651], "excluded_lines": []}, "AutomationTriggers.on_deadline_approaching": {"executed_lines": [], "summary": {"covered_lines": 0, "num_statements": 5, "percent_covered": 0.0, "percent_covered_display": "0.00", "missing_lines": 5, "excluded_lines": 0}, "missing_lines": [656, 657, 664, 666, 667], "excluded_lines": []}, "AutomationTriggers._execute_create_deadline_reminder": {"executed_lines": [], "summary": {"covered_lines": 0, "num_statements": 14, "percent_covered": 0.0, "percent_covered_display": "0.00", "missing_lines": 14, "excluded_lines": 0}, "missing_lines": [673, 674, 675, 677, 679, 680, 681, 684, 685, 687, 690, 693, 695, 705], "excluded_lines": []}, "generate_application_package": {"executed_lines": [], "summary": {"covered_lines": 0, "num_statements": 3, "percent_covered": 0.0, "percent_covered_display": "0.00", "missing_lines": 3, "excluded_lines": 0}, "missing_lines": [711, 712, 713], "excluded_lines": []}, "trigger_job_automation": {"executed_lines": [], "summary": {"covered_lines": 0, "num_statements": 1, "percent_covered": 0.0, "percent_covered_display": "0.00", "missing_lines": 1, "excluded_lines": 0}, "missing_lines": [718], "excluded_lines": []}, "": {"executed_lines": [2, 9, 10, 11, 12, 13, 14, 15, 17, 21, 23, 26, 27, 32, 33, 97, 98, 231, 232, 396, 397, 401, 402, 441, 442, 471, 472, 511, 512, 528, 529, 552, 553, 570, 571, 577, 578, 606, 607, 611, 612, 636, 637, 653, 654, 669, 670, 709, 716], "summary": {"covered_lines": 45, "num_statements": 45, "percent_covered": 100.0, "percent_covered_display": "100.00", "missing_lines": 0, "excluded_lines": 0}, "missing_lines": [], "excluded_lines": []}}, "classes": {"ApplicationPackageGenerator": {"executed_lines": [101, 103, 108, 110, 111, 112, 114, 115, 116, 117, 235, 237, 242, 244, 245, 246, 248, 249, 250, 251], "summary": {"covered_lines": 20, "num_statements": 183, "percent_covered": 10.92896174863388, "percent_covered_display": "10.93", "missing_lines": 163, "excluded_lines": 0}, "missing_lines": [46, 47, 50, 59, 60, 61, 64, 65, 68, 71, 72, 73, 76, 79, 80, 81, 84, 85, 87, 88, 90, 91, 92, 93, 94, 95, 104, 105, 120, 121, 124, 134, 135, 136, 140, 144, 146, 156, 157, 158, 161, 162, 163, 164, 165, 168, 169, 171, 174, 175, 176, 177, 178, 180, 181, 183, 184, 188, 189, 190, 191, 194, 195, 196, 198, 200, 201, 202, 203, 205, 206, 208, 209, 212, 213, 214, 216, 217, 219, 220, 222, 223, 224, 225, 227, 228, 229, 238, 239, 254, 255, 256, 259, 270, 271, 272, 276, 280, 282, 300, 303, 304, 305, 306, 307, 310, 311, 313, 316, 317, 318, 319, 320, 322, 323, 325, 326, 330, 331, 332, 333, 336, 337, 338, 340, 342, 343, 344, 345, 347, 348, 350, 351, 354, 355, 356, 357, 360, 361, 362, 364, 366, 367, 368, 369, 371, 372, 374, 375, 378, 379, 380, 382, 383, 385, 386, 388, 389, 390, 391, 393, 394, 395], "excluded_lines": []}, "AutomationEngine": {"executed_lines": [], "summary": {"covered_lines": 0, "num_statements": 97, "percent_covered": 0.0, "percent_covered_display": "0.00", "missing_lines": 97, "excluded_lines": 0}, "missing_lines": [410, 412, 413, 414, 415, 417, 420, 426, 428, 429, 430, 431, 432, 433, 435, 436, 438, 439, 444, 445, 448, 449, 450, 451, 454, 455, 456, 457, 460, 461, 462, 463, 465, 467, 468, 469, 474, 475, 476, 478, 480, 481, 482, 483, 484, 485, 486, 487, 488, 489, 490, 491, 492, 493, 495, 498, 499, 500, 504, 505, 507, 508, 509, 515, 516, 517, 519, 520, 526, 532, 533, 534, 536, 539, 545, 546, 550, 556, 557, 558, 560, 563, 564, 568, 575, 581, 582, 583, 585, 586, 588, 590, 597, 598, 600, 602, 603], "excluded_lines": []}, "AutomationTriggers": {"executed_lines": [], "summary": {"covered_lines": 0, "num_statements": 35, "percent_covered": 0.0, "percent_covered_display": "0.00", "missing_lines": 35, "excluded_lines": 0}, "missing_lines": [614, 615, 624, 625, 626, 627, 628, 629, 631, 633, 634, 639, 640, 648, 650, 651, 656, 657, 664, 666, 667, 673, 674, 675, 677, 679, 680, 681, 684, 685, 687, 690, 693, 695, 705], "excluded_lines": []}, "": {"executed_lines": [2, 9, 10, 11, 12, 13, 14, 15, 17, 21, 23, 26, 27, 32, 33, 97, 98, 231, 232, 396, 397, 401, 402, 441, 442, 471, 472, 511, 512, 528, 529, 552, 553, 570, 571, 577, 578, 606, 607, 611, 612, 636, 637, 653, 654, 669, 670, 709, 716], "summary": {"covered_lines": 45, "num_statements": 49, "percent_covered": 91.83673469387755, "percent_covered_display": "91.84", "missing_lines": 4, "excluded_lines": 0}, "missing_lines": [711, 712, 713, 718], "excluded_lines": []}}}, "core/calendar_sync.py": {"executed_lines": [1, 2, 4, 5, 6, 8, 9, 10, 12, 13, 15, 17, 20, 21, 24, 33, 39, 59, 68, 120, 180, 209, 217, 228, 257], "summary": {"covered_lines": 23, "num_statements": 191, "percent_covered": 12.041884816753926, "percent_covered_display": "12.04", "missing_lines": 168, "excluded_lines": 0}, "missing_lines": [25, 34, 35, 36, 40, 41, 42, 43, 44, 45, 46, 47, 48, 49, 50, 51, 52, 53, 54, 55, 56, 60, 61, 62, 69, 70, 71, 72, 76, 77, 78, 79, 80, 81, 82, 83, 84, 85, 87, 92, 107, 108, 109, 110, 112, 113, 114, 115, 116, 117, 121, 122, 123, 125, 126, 127, 128, 129, 130, 131, 132, 133, 135, 136, 140, 142, 143, 144, 145, 147, 148, 149, 150, 151, 152, 153, 155, 156, 157, 158, 159, 160, 161, 162, 173, 174, 175, 176, 177, 181, 182, 183, 184, 186, 187, 188, 189, 190, 192, 193, 194, 195, 196, 197, 198, 199, 200, 201, 203, 204, 205, 206, 210, 211, 212, 213, 214, 218, 219, 220, 221, 222, 224, 225, 229, 230, 231, 232, 233, 234, 235, 237, 266, 267, 269, 270, 271, 276, 282, 283, 284, 285, 287, 288, 289, 290, 291, 297, 298, 300, 301, 303, 304, 305, 306, 307, 308, 310, 311, 313, 314, 315, 316, 317, 318, 320, 321, 322], "excluded_lines": [], "functions": {"_get_google_integration": {"executed_lines": [], "summary": {"covered_lines": 0, "num_statements": 1, "percent_covered": 0.0, "percent_covered_display": "0.00", "missing_lines": 1, "excluded_lines": 0}, "missing_lines": [25], "excluded_lines": []}, "_mark_integration_error": {"executed_lines": [], "summary": {"covered_lines": 0, "num_statements": 3, "percent_covered": 0.0, "percent_covered_display": "0.00", "missing_lines": 3, "excluded_lines": 0}, "missing_lines": [34, 35, 36], "excluded_lines": []}, "_ensure_google_access_token": {"executed_lines": [], "summary": {"covered_lines": 0, "num_statements": 17, "percent_covered": 0.0, "percent_covered_display": "0.00", "missing_lines": 17, "excluded_lines": 0}, "missing_lines": [40, 41, 42, 43, 44, 45, 46, 47, 48, 49, 50, 51, 52, 53, 54, 55, 56], "excluded_lines": []}, "_format_datetime": {"executed_lines": [], "summary": {"covered_lines": 0, "num_statements": 3, "percent_covered": 0.0, "percent_covered_display": "0.00", "missing_lines": 3, "excluded_lines": 0}, "missing_lines": [60, 61, 62], "excluded_lines": []}, "_build_event_payload": {"executed_lines": [], "summary": {"covered_lines": 0, "num_statements": 26, "percent_covered": 0.0, "percent_covered_display": "0.00", "missing_lines": 26, "excluded_lines": 0}, "missing_lines": [69, 70, 71, 72, 76, 77, 78, 79, 80, 81, 82, 83, 84, 85, 87, 92, 107, 108, 109, 110, 112, 113, 114, 115, 116, 117], "excluded_lines": []}, "sync_interview_event": {"executed_lines": [], "summary": {"covered_lines": 0, "num_statements": 39, "percent_covered": 0.0, "percent_covered_display": "0.00", "missing_lines": 39, "excluded_lines": 0}, "missing_lines": [121, 122, 123, 125, 126, 127, 128, 129, 130, 131, 132, 133, 135, 136, 140, 142, 143, 144, 145, 147, 148, 149, 150, 151, 152, 153, 155, 156, 157, 158, 159, 160, 161, 162, 173, 174, 175, 176, 177], "excluded_lines": []}, "remove_interview_event": {"executed_lines": [], "summary": {"covered_lines": 0, "num_statements": 23, "percent_covered": 0.0, "percent_covered_display": "0.00", "missing_lines": 23, "excluded_lines": 0}, "missing_lines": [181, 182, 183, 184, 186, 187, 188, 189, 190, 192, 193, 194, 195, 196, 197, 198, 199, 200, 201, 203, 204, 205, 206], "excluded_lines": []}, "_serialize_time_bound": {"executed_lines": [], "summary": {"covered_lines": 0, "num_statements": 5, "percent_covered": 0.0, "percent_covered_display": "0.00", "missing_lines": 5, "excluded_lines": 0}, "missing_lines": [210, 211, 212, 213, 214], "excluded_lines": []}, "_extract_google_datetime": {"executed_lines": [], "summary": {"covered_lines": 0, "num_statements": 7, "percent_covered": 0.0, "percent_covered_display": "0.00", "missing_lines": 7, "excluded_lines": 0}, "missing_lines": [218, 219, 220, 221, 222, 224, 225], "excluded_lines": []}, "_normalize_google_event": {"executed_lines": [], "summary": {"covered_lines": 0, "num_statements": 8, "percent_covered": 0.0, "percent_covered_display": "0.00", "missing_lines": 8, "excluded_lines": 0}, "missing_lines": [229, 230, 231, 232, 233, 234, 235, 237], "excluded_lines": []}, "list_google_events": {"executed_lines": [], "summary": {"covered_lines": 0, "num_statements": 36, "percent_covered": 0.0, "percent_covered_display": "0.00", "missing_lines": 36, "excluded_lines": 0}, "missing_lines": [266, 267, 269, 270, 271, 276, 282, 283, 284, 285, 287, 288, 289, 290, 291, 297, 298, 300, 301, 303, 304, 305, 306, 307, 308, 310, 311, 313, 314, 315, 316, 317, 318, 320, 321, 322], "excluded_lines": []}, "": {"executed_lines": [1, 2, 4, 5, 6, 8, 9, 10, 12, 13, 15, 17, 20, 21, 24, 33, 39, 59, 68, 120, 180, 209, 217, 228, 257], "summary": {"covered_lines": 23, "num_statements": 23, "percent_covered": 100.0, "percent_covered_display": "100.00", "missing_lines": 0, "excluded_lines": 0}, "missing_lines": [], "excluded_lines": []}}, "classes": {"CalendarSyncError": {"executed_lines": [], "summary": {"covered_lines": 0, "num_statements": 0, "percent_covered": 100.0, "percent_covered_display": "100.00", "missing_lines": 0, "excluded_lines": 0}, "missing_lines": [], "excluded_lines": []}, "": {"executed_lines": [1, 2, 4, 5, 6, 8, 9, 10, 12, 13, 15, 17, 20, 21, 24, 33, 39, 59, 68, 120, 180, 209, 217, 228, 257], "summary": {"covered_lines": 23, "num_statements": 191, "percent_covered": 12.041884816753926, "percent_covered_display": "12.04", "missing_lines": 168, "excluded_lines": 0}, "missing_lines": [25, 34, 35, 36, 40, 41, 42, 43, 44, 45, 46, 47, 48, 49, 50, 51, 52, 53, 54, 55, 56, 60, 61, 62, 69, 70, 71, 72, 76, 77, 78, 79, 80, 81, 82, 83, 84, 85, 87, 92, 107, 108, 109, 110, 112, 113, 114, 115, 116, 117, 121, 122, 123, 125, 126, 127, 128, 129, 130, 131, 132, 133, 135, 136, 140, 142, 143, 144, 145, 147, 148, 149, 150, 151, 152, 153, 155, 156, 157, 158, 159, 160, 161, 162, 173, 174, 175, 176, 177, 181, 182, 183, 184, 186, 187, 188, 189, 190, 192, 193, 194, 195, 196, 197, 198, 199, 200, 201, 203, 204, 205, 206, 210, 211, 212, 213, 214, 218, 219, 220, 221, 222, 224, 225, 229, 230, 231, 232, 233, 234, 235, 237, 266, 267, 269, 270, 271, 276, 282, 283, 284, 285, 287, 288, 289, 290, 291, 297, 298, 300, 301, 303, 304, 305, 306, 307, 308, 310, 311, 313, 314, 315, 316, 317, 318, 320, 321, 322], "excluded_lines": []}}}, "core/contact_discovery.py": {"executed_lines": [], "summary": {"covered_lines": 0, "num_statements": 107, "percent_covered": 0.0, "percent_covered_display": "0.00", "missing_lines": 107, "excluded_lines": 0}, "missing_lines": [4, 5, 11, 23, 24, 25, 26, 27, 29, 31, 32, 33, 34, 36, 37, 38, 40, 41, 42, 45, 46, 47, 48, 49, 50, 51, 54, 57, 58, 59, 62, 63, 66, 67, 68, 71, 72, 75, 76, 77, 78, 81, 82, 84, 86, 87, 90, 91, 93, 94, 95, 98, 99, 100, 102, 105, 106, 108, 109, 112, 114, 115, 117, 119, 120, 122, 123, 124, 126, 129, 131, 142, 145, 146, 147, 149, 150, 152, 163, 165, 168, 170, 172, 174, 176, 177, 188, 190, 193, 195, 196, 198, 199, 201, 202, 203, 204, 206, 218, 221, 222, 223, 225, 237, 239, 242, 244], "excluded_lines": [], "functions": {"generate_contact_suggestions": {"executed_lines": [], "summary": {"covered_lines": 0, "num_statements": 56, "percent_covered": 0.0, "percent_covered_display": "0.00", "missing_lines": 56, "excluded_lines": 0}, "missing_lines": [23, 24, 25, 26, 27, 29, 31, 32, 33, 34, 36, 37, 38, 40, 41, 42, 45, 46, 47, 48, 49, 50, 51, 54, 57, 58, 59, 62, 63, 66, 67, 68, 71, 72, 75, 76, 77, 78, 81, 82, 84, 86, 87, 90, 91, 93, 94, 95, 98, 99, 100, 102, 105, 106, 108, 109], "excluded_lines": []}, "_generate_company_search_cards": {"executed_lines": [], "summary": {"covered_lines": 0, "num_statements": 20, "percent_covered": 0.0, "percent_covered_display": "0.00", "missing_lines": 20, "excluded_lines": 0}, "missing_lines": [114, 115, 117, 119, 120, 122, 123, 124, 126, 129, 131, 142, 145, 146, 147, 149, 150, 152, 163, 165], "excluded_lines": []}, "_generate_existing_contact_cards": {"executed_lines": [], "summary": {"covered_lines": 0, "num_statements": 7, "percent_covered": 0.0, "percent_covered_display": "0.00", "missing_lines": 7, "excluded_lines": 0}, "missing_lines": [170, 172, 174, 176, 177, 188, 190], "excluded_lines": []}, "_generate_alumni_search_cards": {"executed_lines": [], "summary": {"covered_lines": 0, "num_statements": 16, "percent_covered": 0.0, "percent_covered_display": "0.00", "missing_lines": 16, "excluded_lines": 0}, "missing_lines": [195, 196, 198, 199, 201, 202, 203, 204, 206, 218, 221, 222, 223, 225, 237, 239], "excluded_lines": []}, "_generate_education_prompt_card": {"executed_lines": [], "summary": {"covered_lines": 0, "num_statements": 1, "percent_covered": 0.0, "percent_covered_display": "0.00", "missing_lines": 1, "excluded_lines": 0}, "missing_lines": [244], "excluded_lines": []}, "": {"executed_lines": [], "summary": {"covered_lines": 0, "num_statements": 7, "percent_covered": 0.0, "percent_covered_display": "0.00", "missing_lines": 7, "excluded_lines": 0}, "missing_lines": [4, 5, 11, 112, 168, 193, 242], "excluded_lines": []}}, "classes": {"": {"executed_lines": [], "summary": {"covered_lines": 0, "num_statements": 107, "percent_covered": 0.0, "percent_covered_display": "0.00", "missing_lines": 107, "excluded_lines": 0}, "missing_lines": [4, 5, 11, 23, 24, 25, 26, 27, 29, 31, 32, 33, 34, 36, 37, 38, 40, 41, 42, 45, 46, 47, 48, 49, 50, 51, 54, 57, 58, 59, 62, 63, 66, 67, 68, 71, 72, 75, 76, 77, 78, 81, 82, 84, 86, 87, 90, 91, 93, 94, 95, 98, 99, 100, 102, 105, 106, 108, 109, 112, 114, 115, 117, 119, 120, 122, 123, 124, 126, 129, 131, 142, 145, 146, 147, 149, 150, 152, 163, 165, 168, 170, 172, 174, 176, 177, 188, 190, 193, 195, 196, 198, 199, 201, 202, 203, 204, 206, 218, 221, 222, 223, 225, 237, 239, 242, 244], "excluded_lines": []}}}, "core/cover_letter_ai.py": {"executed_lines": [1, 8, 10, 11, 12, 13, 15, 16, 17, 19, 20, 22, 25, 26, 27, 28, 31, 32, 35, 51, 52, 53, 54, 56, 57, 59, 60, 61, 64, 65, 66, 67, 68, 69, 70, 71, 73, 75, 78, 89, 91, 92, 93, 95, 96, 97, 99, 100, 107, 113, 126, 127, 128, 129, 131, 159, 197, 200, 201, 202, 206, 209, 210, 211, 217, 222, 223, 225, 226, 228, 229, 230, 231, 232, 234, 235, 238, 242, 243, 244, 248, 249, 250, 251, 254, 256, 272, 275, 290, 291, 303, 304, 305, 306, 307, 330, 338, 366, 369, 370, 372, 374, 375, 386, 387, 388, 391, 392, 393, 394, 395, 396, 399, 402, 434, 435, 436, 439, 440, 441, 442, 445, 446, 447, 450, 458, 461], "summary": {"covered_lines": 125, "num_statements": 243, "percent_covered": 51.440329218106996, "percent_covered_display": "51.44", "missing_lines": 118, "excluded_lines": 0}, "missing_lines": [55, 58, 72, 74, 90, 108, 109, 110, 203, 204, 205, 212, 213, 214, 224, 246, 252, 309, 310, 311, 312, 313, 316, 317, 371, 491, 492, 493, 494, 495, 498, 499, 500, 501, 502, 504, 507, 508, 509, 510, 511, 512, 515, 516, 517, 518, 519, 520, 521, 524, 525, 526, 527, 529, 532, 533, 534, 535, 536, 537, 538, 540, 541, 542, 543, 544, 545, 548, 551, 552, 553, 554, 557, 558, 559, 560, 562, 563, 564, 566, 567, 568, 571, 574, 575, 576, 579, 582, 583, 584, 585, 586, 587, 590, 591, 592, 593, 594, 595, 596, 599, 600, 601, 602, 603, 604, 607, 608, 609, 611, 612, 614, 615, 616, 619, 620, 621, 622], "excluded_lines": [], "functions": {"_dedupe": {"executed_lines": [52, 53, 54, 56, 57, 59, 60, 61], "summary": {"covered_lines": 8, "num_statements": 10, "percent_covered": 80.0, "percent_covered_display": "80.00", "missing_lines": 2, "excluded_lines": 0}, "missing_lines": [55, 58], "excluded_lines": []}, "_collect_achievements": {"executed_lines": [65, 66, 67, 68, 69, 70, 71, 73, 75], "summary": {"covered_lines": 9, "num_statements": 11, "percent_covered": 81.81818181818181, "percent_covered_display": "81.82", "missing_lines": 2, "excluded_lines": 0}, "missing_lines": [72, 74], "excluded_lines": []}, "build_company_research_snapshot": {"executed_lines": [89, 91, 92, 93, 95, 96, 97, 99, 100, 107], "summary": {"covered_lines": 10, "num_statements": 14, "percent_covered": 71.42857142857143, "percent_covered_display": "71.43", "missing_lines": 4, "excluded_lines": 0}, "missing_lines": [90, 108, 109, 110], "excluded_lines": []}, "build_generation_prompt": {"executed_lines": [126, 127, 128, 129, 131, 159, 197], "summary": {"covered_lines": 7, "num_statements": 7, "percent_covered": 100.0, "percent_covered_display": "100.00", "missing_lines": 0, "excluded_lines": 0}, "missing_lines": [], "excluded_lines": []}, "_strip_code_fence": {"executed_lines": [201, 202, 206], "summary": {"covered_lines": 3, "num_statements": 6, "percent_covered": 50.0, "percent_covered_display": "50.00", "missing_lines": 3, "excluded_lines": 0}, "missing_lines": [203, 204, 205], "excluded_lines": []}, "parse_payload": {"executed_lines": [210, 211], "summary": {"covered_lines": 2, "num_statements": 5, "percent_covered": 40.0, "percent_covered_display": "40.00", "missing_lines": 3, "excluded_lines": 0}, "missing_lines": [212, 213, 214], "excluded_lines": []}, "_normalize_variations": {"executed_lines": [222, 223, 225, 226, 228, 229, 230, 231, 232, 234, 235, 238, 242, 243, 244, 248, 249, 250, 251, 254, 256, 272], "summary": {"covered_lines": 22, "num_statements": 25, "percent_covered": 88.0, "percent_covered_display": "88.00", "missing_lines": 3, "excluded_lines": 0}, "missing_lines": [224, 246, 252], "excluded_lines": []}, "run_cover_letter_generation": {"executed_lines": [290, 291, 303, 304, 305, 306, 307, 330], "summary": {"covered_lines": 8, "num_statements": 15, "percent_covered": 53.333333333333336, "percent_covered_display": "53.33", "missing_lines": 7, "excluded_lines": 0}, "missing_lines": [309, 310, 311, 312, 313, 316, 317], "excluded_lines": []}, "generate_cover_letter_latex": {"executed_lines": [366, 369, 391, 392, 393, 394, 395, 396, 399, 402, 434, 435, 436, 439, 440, 441, 442, 445, 446, 447, 450, 458], "summary": {"covered_lines": 22, "num_statements": 22, "percent_covered": 100.0, "percent_covered_display": "100.00", "missing_lines": 0, "excluded_lines": 0}, "missing_lines": [], "excluded_lines": []}, "generate_cover_letter_latex.latex_escape": {"executed_lines": [370, 372, 374, 375, 386, 387, 388], "summary": {"covered_lines": 7, "num_statements": 8, "percent_covered": 87.5, "percent_covered_display": "87.50", "missing_lines": 1, "excluded_lines": 0}, "missing_lines": [371], "excluded_lines": []}, "generate_cover_letter_docx": {"executed_lines": [], "summary": {"covered_lines": 0, "num_statements": 93, "percent_covered": 0.0, "percent_covered_display": "0.00", "missing_lines": 93, "excluded_lines": 0}, "missing_lines": [491, 492, 493, 494, 495, 498, 499, 500, 501, 502, 504, 507, 508, 509, 510, 511, 512, 515, 516, 517, 518, 519, 520, 521, 524, 525, 526, 527, 529, 532, 533, 534, 535, 536, 537, 538, 540, 541, 542, 543, 544, 545, 548, 551, 552, 553, 554, 557, 558, 559, 560, 562, 563, 564, 566, 567, 568, 571, 574, 575, 576, 579, 582, 583, 584, 585, 586, 587, 590, 591, 592, 593, 594, 595, 596, 599, 600, 601, 602, 603, 604, 607, 608, 609, 611, 612, 614, 615, 616, 619, 620, 621, 622], "excluded_lines": []}, "": {"executed_lines": [1, 8, 10, 11, 12, 13, 15, 16, 17, 19, 20, 22, 25, 26, 27, 28, 31, 32, 35, 51, 64, 78, 113, 200, 209, 217, 275, 338, 461], "summary": {"covered_lines": 27, "num_statements": 27, "percent_covered": 100.0, "percent_covered_display": "100.00", "missing_lines": 0, "excluded_lines": 0}, "missing_lines": [], "excluded_lines": []}}, "classes": {"CoverLetterAIError": {"executed_lines": [], "summary": {"covered_lines": 0, "num_statements": 0, "percent_covered": 100.0, "percent_covered_display": "100.00", "missing_lines": 0, "excluded_lines": 0}, "missing_lines": [], "excluded_lines": []}, "": {"executed_lines": [1, 8, 10, 11, 12, 13, 15, 16, 17, 19, 20, 22, 25, 26, 27, 28, 31, 32, 35, 51, 52, 53, 54, 56, 57, 59, 60, 61, 64, 65, 66, 67, 68, 69, 70, 71, 73, 75, 78, 89, 91, 92, 93, 95, 96, 97, 99, 100, 107, 113, 126, 127, 128, 129, 131, 159, 197, 200, 201, 202, 206, 209, 210, 211, 217, 222, 223, 225, 226, 228, 229, 230, 231, 232, 234, 235, 238, 242, 243, 244, 248, 249, 250, 251, 254, 256, 272, 275, 290, 291, 303, 304, 305, 306, 307, 330, 338, 366, 369, 370, 372, 374, 375, 386, 387, 388, 391, 392, 393, 394, 395, 396, 399, 402, 434, 435, 436, 439, 440, 441, 442, 445, 446, 447, 450, 458, 461], "summary": {"covered_lines": 125, "num_statements": 243, "percent_covered": 51.440329218106996, "percent_covered_display": "51.44", "missing_lines": 118, "excluded_lines": 0}, "missing_lines": [55, 58, 72, 74, 90, 108, 109, 110, 203, 204, 205, 212, 213, 214, 224, 246, 252, 309, 310, 311, 312, 313, 316, 317, 371, 491, 492, 493, 494, 495, 498, 499, 500, 501, 502, 504, 507, 508, 509, 510, 511, 512, 515, 516, 517, 518, 519, 520, 521, 524, 525, 526, 527, 529, 532, 533, 534, 535, 536, 537, 538, 540, 541, 542, 543, 544, 545, 548, 551, 552, 553, 554, 557, 558, 559, 560, 562, 563, 564, 566, 567, 568, 571, 574, 575, 576, 579, 582, 583, 584, 585, 586, 587, 590, 591, 592, 593, 594, 595, 596, 599, 600, 601, 602, 603, 604, 607, 608, 609, 611, 612, 614, 615, 616, 619, 620, 621, 622], "excluded_lines": []}}}, "core/exceptions.py": {"executed_lines": [1, 4, 5, 6, 7, 9, 12, 14, 15, 16, 18, 19, 20, 21, 22, 37, 40, 55, 56, 59, 60, 61, 62, 63, 68, 70, 72, 73, 79, 80, 83, 84, 85, 86, 89, 91, 92, 94, 97, 100, 110, 113, 115, 116, 133], "summary": {"covered_lines": 44, "num_statements": 80, "percent_covered": 55.0, "percent_covered_display": "55.00", "missing_lines": 36, "excluded_lines": 0}, "missing_lines": [23, 24, 26, 27, 28, 29, 30, 31, 32, 33, 34, 35, 36, 57, 58, 64, 65, 87, 118, 130, 135, 136, 137, 139, 140, 141, 142, 143, 145, 147, 148, 151, 152, 153, 154, 156], "excluded_lines": [], "functions": {"_collect_messages_from_response_data": {"executed_lines": [14, 15, 16, 18, 19, 20, 21, 22, 37], "summary": {"covered_lines": 9, "num_statements": 22, "percent_covered": 40.90909090909091, "percent_covered_display": "40.91", "missing_lines": 13, "excluded_lines": 0}, "missing_lines": [23, 24, 26, 27, 28, 29, 30, 31, 32, 33, 34, 35, 36], "excluded_lines": []}, "custom_exception_handler": {"executed_lines": [55, 56, 59, 60, 61, 62, 63, 68, 70, 72, 73, 79, 80, 83, 84, 85, 86, 89, 91, 92, 94, 97, 100, 110], "summary": {"covered_lines": 24, "num_statements": 29, "percent_covered": 82.75862068965517, "percent_covered_display": "82.76", "missing_lines": 5, "excluded_lines": 0}, "missing_lines": [57, 58, 64, 65, 87], "excluded_lines": []}, "get_error_code": {"executed_lines": [115, 116], "summary": {"covered_lines": 2, "num_statements": 4, "percent_covered": 50.0, "percent_covered_display": "50.00", "missing_lines": 2, "excluded_lines": 0}, "missing_lines": [118, 130], "excluded_lines": []}, "get_error_message": {"executed_lines": [], "summary": {"covered_lines": 0, "num_statements": 16, "percent_covered": 0.0, "percent_covered_display": "0.00", "missing_lines": 16, "excluded_lines": 0}, "missing_lines": [135, 136, 137, 139, 140, 141, 142, 143, 145, 147, 148, 151, 152, 153, 154, 156], "excluded_lines": []}, "": {"executed_lines": [1, 4, 5, 6, 7, 9, 12, 40, 113, 133], "summary": {"covered_lines": 9, "num_statements": 9, "percent_covered": 100.0, "percent_covered_display": "100.00", "missing_lines": 0, "excluded_lines": 0}, "missing_lines": [], "excluded_lines": []}}, "classes": {"": {"executed_lines": [1, 4, 5, 6, 7, 9, 12, 14, 15, 16, 18, 19, 20, 21, 22, 37, 40, 55, 56, 59, 60, 61, 62, 63, 68, 70, 72, 73, 79, 80, 83, 84, 85, 86, 89, 91, 92, 94, 97, 100, 110, 113, 115, 116, 133], "summary": {"covered_lines": 44, "num_statements": 80, "percent_covered": 55.0, "percent_covered_display": "55.00", "missing_lines": 36, "excluded_lines": 0}, "missing_lines": [23, 24, 26, 27, 28, 29, 30, 31, 32, 33, 34, 35, 36, 57, 58, 64, 65, 87, 118, 130, 135, 136, 137, 139, 140, 141, 142, 143, 145, 147, 148, 151, 152, 153, 154, 156], "excluded_lines": []}}}, "core/firebase_utils.py": {"executed_lines": [1, 4, 5, 6, 8, 10, 11, 14, 15, 18, 49, 72, 93, 120], "summary": {"covered_lines": 13, "num_statements": 63, "percent_covered": 20.634920634920636, "percent_covered_display": "20.63", "missing_lines": 50, "excluded_lines": 0}, "missing_lines": [27, 28, 30, 32, 33, 34, 36, 37, 38, 40, 41, 42, 43, 44, 45, 46, 58, 59, 61, 62, 64, 65, 66, 67, 68, 69, 82, 83, 85, 86, 87, 88, 89, 90, 103, 104, 106, 107, 108, 115, 116, 117, 132, 133, 135, 136, 141, 146, 147, 148], "excluded_lines": [], "functions": {"initialize_firebase": {"executed_lines": [], "summary": {"covered_lines": 0, "num_statements": 16, "percent_covered": 0.0, "percent_covered_display": "0.00", "missing_lines": 16, "excluded_lines": 0}, "missing_lines": [27, 28, 30, 32, 33, 34, 36, 37, 38, 40, 41, 42, 43, 44, 45, 46], "excluded_lines": []}, "get_firestore_client": {"executed_lines": [], "summary": {"covered_lines": 0, "num_statements": 10, "percent_covered": 0.0, "percent_covered_display": "0.00", "missing_lines": 10, "excluded_lines": 0}, "missing_lines": [58, 59, 61, 62, 64, 65, 66, 67, 68, 69], "excluded_lines": []}, "verify_firebase_token": {"executed_lines": [], "summary": {"covered_lines": 0, "num_statements": 8, "percent_covered": 0.0, "percent_covered_display": "0.00", "missing_lines": 8, "excluded_lines": 0}, "missing_lines": [82, 83, 85, 86, 87, 88, 89, 90], "excluded_lines": []}, "get_user_by_email": {"executed_lines": [], "summary": {"covered_lines": 0, "num_statements": 8, "percent_covered": 0.0, "percent_covered_display": "0.00", "missing_lines": 8, "excluded_lines": 0}, "missing_lines": [103, 104, 106, 107, 108, 115, 116, 117], "excluded_lines": []}, "create_firebase_user": {"executed_lines": [], "summary": {"covered_lines": 0, "num_statements": 8, "percent_covered": 0.0, "percent_covered_display": "0.00", "missing_lines": 8, "excluded_lines": 0}, "missing_lines": [132, 133, 135, 136, 141, 146, 147, 148], "excluded_lines": []}, "": {"executed_lines": [1, 4, 5, 6, 8, 10, 11, 14, 15, 18, 49, 72, 93, 120], "summary": {"covered_lines": 13, "num_statements": 13, "percent_covered": 100.0, "percent_covered_display": "100.00", "missing_lines": 0, "excluded_lines": 0}, "missing_lines": [], "excluded_lines": []}}, "classes": {"": {"executed_lines": [1, 4, 5, 6, 8, 10, 11, 14, 15, 18, 49, 72, 93, 120], "summary": {"covered_lines": 13, "num_statements": 63, "percent_covered": 20.634920634920636, "percent_covered_display": "20.63", "missing_lines": 50, "excluded_lines": 0}, "missing_lines": [27, 28, 30, 32, 33, 34, 36, 37, 38, 40, 41, 42, 43, 44, 45, 46, 58, 59, 61, 62, 64, 65, 66, 67, 68, 69, 82, 83, 85, 86, 87, 88, 89, 90, 103, 104, 106, 107, 108, 115, 116, 117, 132, 133, 135, 136, 141, 146, 147, 148], "excluded_lines": []}}}, "core/gmail_utils.py": {"executed_lines": [1, 3, 4, 5, 6, 7, 8, 9, 10, 11, 12, 14, 16, 18, 26, 27, 28, 31, 32, 33, 38, 39, 40, 43, 45, 53, 55, 56, 58, 59, 60, 61, 63, 64, 65, 66, 67, 68, 70, 73, 75, 76, 77, 79, 82, 84, 85, 86, 90, 93, 94, 95, 98, 103, 117, 118, 119, 120, 121, 124, 134, 135, 140, 148, 155, 157, 158, 159, 161, 162, 163, 166, 170, 183, 184, 185, 188, 198, 199, 203, 211, 218, 220, 221, 222, 223, 224, 225, 226, 228, 231, 233, 236, 237, 238, 239, 240, 241, 242, 247, 248, 249, 250, 254, 257, 259, 260, 261, 262, 265, 268, 269, 270, 273, 274, 279, 281, 282, 284, 285, 286, 288, 289, 290, 291, 294, 299, 300, 303, 332, 333, 334, 336, 337, 338, 339, 342, 344, 346, 349, 352, 355, 359, 362], "summary": {"covered_lines": 140, "num_statements": 199, "percent_covered": 70.35175879396985, "percent_covered_display": "70.35", "missing_lines": 59, "excluded_lines": 0}, "missing_lines": [34, 35, 91, 99, 100, 104, 105, 107, 108, 109, 111, 125, 126, 127, 128, 129, 131, 138, 141, 142, 143, 144, 146, 149, 150, 152, 167, 171, 172, 173, 174, 175, 177, 189, 190, 191, 192, 193, 195, 201, 204, 205, 206, 207, 209, 212, 213, 215, 243, 244, 251, 252, 276, 287, 347, 350, 353, 356, 360], "excluded_lines": [], "functions": {"GmailRateLimitError.__init__": {"executed_lines": [], "summary": {"covered_lines": 0, "num_statements": 2, "percent_covered": 0.0, "percent_covered_display": "0.00", "missing_lines": 2, "excluded_lines": 0}, "missing_lines": [34, 35], "excluded_lines": []}, "build_gmail_auth_url": {"executed_lines": [45], "summary": {"covered_lines": 1, "num_statements": 1, "percent_covered": 100.0, "percent_covered_display": "100.00", "missing_lines": 0, "excluded_lines": 0}, "missing_lines": [], "excluded_lines": []}, "refresh_gmail_token": {"executed_lines": [55, 56, 58, 59, 60, 61, 63, 64, 65, 66, 67, 68, 70], "summary": {"covered_lines": 13, "num_statements": 13, "percent_covered": 100.0, "percent_covered_display": "100.00", "missing_lines": 0, "excluded_lines": 0}, "missing_lines": [], "excluded_lines": []}, "ensure_valid_token": {"executed_lines": [75, 76, 77, 79], "summary": {"covered_lines": 4, "num_statements": 4, "percent_covered": 100.0, "percent_covered_display": "100.00", "missing_lines": 0, "excluded_lines": 0}, "missing_lines": [], "excluded_lines": []}, "fetch_messages": {"executed_lines": [84, 85, 86, 90, 93, 94, 95, 98, 103, 117, 118, 119, 120, 121, 124, 134, 135, 140, 148], "summary": {"covered_lines": 19, "num_statements": 43, "percent_covered": 44.18604651162791, "percent_covered_display": "44.19", "missing_lines": 24, "excluded_lines": 0}, "missing_lines": [91, 99, 100, 104, 105, 107, 108, 109, 111, 125, 126, 127, 128, 129, 131, 138, 141, 142, 143, 144, 146, 149, 150, 152], "excluded_lines": []}, "get_message_detail": {"executed_lines": [157, 158, 159, 161, 162, 163, 166, 170, 183, 184, 185, 188, 198, 199, 203, 211], "summary": {"covered_lines": 16, "num_statements": 38, "percent_covered": 42.10526315789474, "percent_covered_display": "42.11", "missing_lines": 22, "excluded_lines": 0}, "missing_lines": [167, 171, 172, 173, 174, 175, 177, 189, 190, 191, 192, 193, 195, 201, 204, 205, 206, 207, 209, 212, 213, 215], "excluded_lines": []}, "parse_email_headers": {"executed_lines": [220, 221, 222, 223, 224, 225, 226, 228], "summary": {"covered_lines": 8, "num_statements": 8, "percent_covered": 100.0, "percent_covered_display": "100.00", "missing_lines": 0, "excluded_lines": 0}, "missing_lines": [], "excluded_lines": []}, "extract_email_body": {"executed_lines": [233, 236, 237, 238, 239, 240, 241, 242, 247, 248, 249, 250, 254], "summary": {"covered_lines": 13, "num_statements": 17, "percent_covered": 76.47058823529412, "percent_covered_display": "76.47", "missing_lines": 4, "excluded_lines": 0}, "missing_lines": [243, 244, 251, 252], "excluded_lines": []}, "extract_email_from_header": {"executed_lines": [259, 260, 261, 262], "summary": {"covered_lines": 4, "num_statements": 4, "percent_covered": 100.0, "percent_covered_display": "100.00", "missing_lines": 0, "excluded_lines": 0}, "missing_lines": [], "excluded_lines": []}, "extract_name_from_header": {"executed_lines": [268, 269, 270, 273, 274], "summary": {"covered_lines": 5, "num_statements": 6, "percent_covered": 83.33333333333333, "percent_covered_display": "83.33", "missing_lines": 1, "excluded_lines": 0}, "missing_lines": [276], "excluded_lines": []}, "parse_gmail_date": {"executed_lines": [281, 282, 284, 285, 286, 288, 289, 290, 291], "summary": {"covered_lines": 9, "num_statements": 10, "percent_covered": 90.0, "percent_covered_display": "90.00", "missing_lines": 1, "excluded_lines": 0}, "missing_lines": [287], "excluded_lines": []}, "classify_email_type": {"executed_lines": [299, 300, 303, 332, 333, 334, 336, 337, 338, 339, 342, 344, 346, 349, 352, 355, 359, 362], "summary": {"covered_lines": 18, "num_statements": 23, "percent_covered": 78.26086956521739, "percent_covered_display": "78.26", "missing_lines": 5, "excluded_lines": 0}, "missing_lines": [347, 350, 353, 356, 360], "excluded_lines": []}, "": {"executed_lines": [1, 3, 4, 5, 6, 7, 8, 9, 10, 11, 12, 14, 16, 18, 26, 27, 28, 31, 32, 33, 38, 39, 40, 43, 53, 73, 82, 155, 218, 231, 257, 265, 279, 294], "summary": {"covered_lines": 30, "num_statements": 30, "percent_covered": 100.0, "percent_covered_display": "100.00", "missing_lines": 0, "excluded_lines": 0}, "missing_lines": [], "excluded_lines": []}}, "classes": {"GmailAPIError": {"executed_lines": [], "summary": {"covered_lines": 0, "num_statements": 0, "percent_covered": 100.0, "percent_covered_display": "100.00", "missing_lines": 0, "excluded_lines": 0}, "missing_lines": [], "excluded_lines": []}, "GmailRateLimitError": {"executed_lines": [], "summary": {"covered_lines": 0, "num_statements": 2, "percent_covered": 0.0, "percent_covered_display": "0.00", "missing_lines": 2, "excluded_lines": 0}, "missing_lines": [34, 35], "excluded_lines": []}, "GmailAuthError": {"executed_lines": [], "summary": {"covered_lines": 0, "num_statements": 0, "percent_covered": 100.0, "percent_covered_display": "100.00", "missing_lines": 0, "excluded_lines": 0}, "missing_lines": [], "excluded_lines": []}, "": {"executed_lines": [1, 3, 4, 5, 6, 7, 8, 9, 10, 11, 12, 14, 16, 18, 26, 27, 28, 31, 32, 33, 38, 39, 40, 43, 45, 53, 55, 56, 58, 59, 60, 61, 63, 64, 65, 66, 67, 68, 70, 73, 75, 76, 77, 79, 82, 84, 85, 86, 90, 93, 94, 95, 98, 103, 117, 118, 119, 120, 121, 124, 134, 135, 140, 148, 155, 157, 158, 159, 161, 162, 163, 166, 170, 183, 184, 185, 188, 198, 199, 203, 211, 218, 220, 221, 222, 223, 224, 225, 226, 228, 231, 233, 236, 237, 238, 239, 240, 241, 242, 247, 248, 249, 250, 254, 257, 259, 260, 261, 262, 265, 268, 269, 270, 273, 274, 279, 281, 282, 284, 285, 286, 288, 289, 290, 291, 294, 299, 300, 303, 332, 333, 334, 336, 337, 338, 339, 342, 344, 346, 349, 352, 355, 359, 362], "summary": {"covered_lines": 140, "num_statements": 197, "percent_covered": 71.06598984771574, "percent_covered_display": "71.07", "missing_lines": 57, "excluded_lines": 0}, "missing_lines": [91, 99, 100, 104, 105, 107, 108, 109, 111, 125, 126, 127, 128, 129, 131, 138, 141, 142, 143, 144, 146, 149, 150, 152, 167, 171, 172, 173, 174, 175, 177, 189, 190, 191, 192, 193, 195, 201, 204, 205, 206, 207, 209, 212, 213, 215, 243, 244, 251, 252, 276, 287, 347, 350, 353, 356, 360], "excluded_lines": []}}}, "core/google_import.py": {"executed_lines": [1, 5, 6, 7, 10, 11, 1
[...]
8762, 8763, 8806, 8808, 8809, 8811, 8812, 8818, 8820, 8826, 8827, 8828, 8911, 8912, 8919, 8928, 8929, 8930, 8954, 8961, 9001, 9005, 9006, 9011, 9017, 9023, 9054, 9077, 9081, 9086, 9087, 9088, 9089, 9098, 9131, 9140, 9141, 9142, 9299, 9346, 9347, 9351, 9352, 9375, 9376, 9377, 9378, 9406, 9407, 9421, 9428, 9429, 9433, 9434, 9444, 9453, 9495, 9496, 9500, 9501, 9525, 9526, 9537, 9550, 9555, 9556, 9557, 9578, 9579, 9580, 9581, 9582, 9583, 9584, 9585, 9586, 9587, 9588, 9589, 9590, 9591, 9606, 9622, 9630, 9631, 9635, 9636, 9685, 9690, 9698, 9699, 9703, 9704, 9754, 9755, 9756, 9764, 9766, 9796, 9830, 9831, 9844, 9873, 9874, 9876, 9877, 9878, 9897, 9905, 9906, 9910, 9911, 9936, 9937, 9945, 9946, 9947, 9948, 9949, 9950, 9960, 9961, 9962, 9990, 9992, 9993, 9994, 9995, 9997, 9998, 10003, 10005, 10009, 10010, 10011, 10062, 10063, 10093, 10094, 10100, 10109, 10110, 10111, 10145, 10146, 10196, 10197, 10208, 10222, 10223, 10224, 10225, 10229, 10230, 10231, 10232, 10256, 10257, 10261, 10262, 10263, 10338, 10339, 10342, 10344, 10350, 10361, 10362, 10364, 10365, 10366, 10368, 10369, 10371, 10387, 10416, 10417, 10419, 10428, 10437, 10438, 10439, 10479, 10480, 10481, 10532, 10533, 10534, 10535, 10536, 10555, 10557, 10558, 10559, 10560, 10562, 10563, 10565, 10571, 10572, 10586, 10588, 10602, 10603, 10613, 10614, 10615, 10618, 10619, 10620, 10621, 10622, 10624, 10625, 10626, 10629, 10631, 10632, 10633, 10634, 10635, 10636, 10639, 10646, 10657, 10658, 10662, 10663, 10667, 10668, 10669, 10764, 10765, 10766, 10790, 10791, 10800, 10801, 10802, 10820, 10821, 10822, 10832, 10833, 10834, 10845, 10846, 10847, 10854, 10855, 10856, 10858, 10859, 10860, 10861, 10862, 10872, 10873, 10874, 10875, 10876, 10877, 10879, 10886, 10887, 10897, 10898, 10899, 10909, 10910, 10911, 10912, 10913, 10914, 10915, 10917, 10918, 10919, 10920, 10930, 10931, 10932, 10934, 10935, 10936, 10937, 10938, 10939, 10941, 10942, 10943, 10952, 10954, 10955, 10956, 10957, 10958, 10959, 10960, 10961, 10962, 10963, 10964, 10965, 10967, 10976, 10977, 10978, 10979, 10980, 10981, 10983, 10984, 10985, 10994, 10995, 10996, 11005, 11006, 11007, 11023, 11025, 11040, 11042, 11043, 11044, 11045, 11046, 11047, 11048, 11049, 11050, 11051, 11052, 11053, 11054, 11055, 11056, 11057, 11060, 11061, 11062, 11065, 11066, 11067, 11068, 11069, 11070, 11071, 11072, 11073, 11074, 11075, 11076, 11077, 11078, 11081, 11082, 11083, 11084, 11085, 11088, 11089, 11090, 11091, 11092, 11102, 11103, 11104, 11105, 11106, 11107, 11108, 11118, 11119, 11120, 11121, 11122, 11123, 11124, 11132, 11133, 11134, 11135, 11136, 11137, 11138, 11139, 11140, 11142, 11143, 11144, 11146, 11178, 11181, 11184, 11185, 11192, 11193, 11198, 11200, 11203, 11206, 11207, 11208, 11209, 11210, 11215, 11216, 11217, 11220, 11223, 11226, 11229, 11230, 11232, 11254, 11256, 11257, 11259, 11260, 11262, 11264, 11266, 11273, 11274, 11277, 11278, 11279, 11281, 11282, 11283, 11284, 11286, 11289, 11292, 11294, 11295, 11297, 11299, 11301, 11302, 11316, 11317, 11326, 11339, 11340, 11341, 11342, 11343, 11371, 11373, 11374, 11375, 11376, 11381, 11383, 11384, 11385, 11386, 11387, 11388, 11390, 11395, 11396, 11403, 11404, 11405, 11407, 11410, 11417, 11418, 11421, 11426, 11427, 11434, 11436, 11437, 11441, 11442, 11447, 11448, 11449, 11451, 11453, 11455, 11456, 11458, 11459, 11460, 11461, 11462, 11463, 11470, 11471, 11473, 11476, 11477, 11478, 11480, 11481, 11484, 11485, 11487, 11488, 11489, 11490, 11491, 11492, 11499, 11500, 11502, 11503, 11507, 11508, 11510, 11511, 11512, 11514, 11515, 11516, 11517, 11518, 11519, 11521, 11522, 11534, 11535, 11579, 11580, 11589, 11590, 11591, 11603, 11604, 11613, 11614, 11615, 11623, 11625, 11659, 11660, 11666, 11667, 11674, 11682, 11683, 11707, 11708, 11710, 11711, 11715, 11716, 11718, 11719, 11720, 11723, 11729, 11730, 11731, 11732, 11739, 11740, 11743, 11744, 11745, 11746, 11747, 11748, 11750, 11774, 11775, 11777, 11778, 11782, 11783, 11785, 11786, 11787, 11789, 11790, 11796, 11807, 11809, 11810, 11811, 11813, 11815, 11833, 11834, 11850, 11851, 11852, 11853, 11854, 11855, 11866, 11867, 11868, 11869, 11870, 11871, 11872, 11874, 11875, 11876, 11878, 11879, 11880, 11881, 11882, 11883, 11885, 11887, 11888, 11892, 11893, 11902, 11903, 11904, 11905, 11906, 11907, 11908, 11911, 11912, 11914, 11915, 11924, 11925, 11926, 11927, 11928, 11929, 11930, 11933, 11934, 11938, 11939, 11941, 11942, 11951, 11952, 11953, 11954, 11955, 11956, 11957, 11959, 11960, 11962, 11963, 11974, 11975, 11976, 11978, 11979, 11980, 11984, 11988, 11989, 11990, 11991, 11994, 11996, 11998, 12000, 12001, 12007, 12009, 12010, 12011, 12012, 12013, 12014, 12019, 12020, 12026, 12027, 12028, 12029, 12030, 12031, 12032, 12037, 12038, 12044, 12045, 12046, 12053, 12055, 12057, 12072, 12073, 12074, 12076, 12077, 12078, 12082, 12086, 12087, 12088, 12089, 12091, 12093, 12094, 12095, 12098, 12100, 12102, 12103, 12105, 12106, 12108, 12109, 12110, 12111, 12112, 12113, 12115, 12118, 12119, 12122, 12124, 12126, 12127, 12131, 12140, 12141, 12144, 12145, 12146, 12147, 12157, 12158, 12159, 12160, 12161, 12162, 12163, 12165, 12167, 12170, 12182, 12183, 12193, 12194, 12195, 12196, 12197, 12198, 12199, 12202, 12203, 12204, 12205, 12206, 12209, 12210, 12213, 12214, 12215, 12217, 12234, 12236, 12237, 12238, 12243, 12244, 12246, 12247, 12248, 12250, 12251, 12252, 12254, 12255, 12256, 12257, 12259, 12260, 12261, 12262, 12263, 12268, 12269, 12274, 12275, 12280, 12292, 12293, 12295, 12297, 12298, 12299, 12301, 12303, 12304, 12305, 12314, 12328, 12330, 12331, 12332, 12340, 12341, 12346, 12347, 12348, 12350, 12351, 12354, 12360, 12361, 12362, 12365, 12366, 12368, 12370, 12371, 12373, 12374, 12375, 12383, 12384, 12385, 12386, 12387, 12396, 12398, 12399, 12400, 12402, 12403, 12404, 12406, 12407, 12408, 12409, 12410, 12411, 12412, 12413, 12415, 12416, 12418, 12419, 12420, 12421, 12422, 12424, 12425, 12434, 12435, 12436, 12438, 12439, 12440, 12442, 12451, 12455, 12456, 12457, 12459, 12460, 12462, 12463, 12465, 12466, 12467, 12468, 12470, 12474, 12475, 12478, 12479, 12481, 12482, 12483, 12484, 12486, 12487, 12489, 12494, 12495, 12496, 12513, 12514, 12516, 12517, 12518, 12520, 12521, 12522, 12523, 12524, 12526, 12527, 12529, 12530, 12531, 12535, 12536, 12541, 12542, 12543, 12544, 12546, 12552, 12553, 12555, 12557, 12565, 12567, 12568, 12569, 12571, 12572, 12573, 12578, 12579, 12580, 12584, 12585, 12590, 12591, 12592, 12600, 12608, 12610, 12611, 12612, 12613, 12615, 12617, 12626, 12627, 12629, 12630, 12631, 12633, 12634, 12635, 12637, 12638, 12639, 12644, 12645, 12646, 12650, 12651, 12656, 12657, 12658, 12666, 12667, 12668, 12670, 12671, 12672, 12677, 12678, 12679, 12684, 12685, 12686, 12687, 12688, 12689, 12691, 12692, 12693, 12698, 12699, 12700, 12701, 12705, 12706, 12707, 12712, 12713, 12720, 12722, 12723, 12724, 12725, 12734, 12735, 12736, 12738, 12739, 12740, 12743, 12744, 12747, 12748, 12753, 12754, 12759, 12760, 12766, 12767, 12768, 12769, 12775, 12776, 12777, 12785, 12786, 12787, 12788, 12789, 12792, 12793, 12802, 12803, 12804, 12805, 12806, 12807, 12808, 12809, 12810, 12811, 12812, 12814, 12815, 12825, 12839, 12841, 12843, 12844, 12850, 12851, 12856, 12857, 12859, 12861, 12862, 12864, 12865, 12866, 12871, 12872, 12874, 12875, 12876, 12880, 12881, 12882, 12884, 12886, 12888, 12889, 12890, 12903, 12904, 12906, 12909, 12914, 12915, 12916, 12918, 12919, 12920, 12922, 12923, 12924, 12926, 12927, 12928, 12931, 12933, 12934, 12944, 12945, 12947, 12948, 12949, 12952, 12953, 12956, 12957, 12963, 12966, 12967, 12968, 12970, 12971, 12974, 12975, 12976, 12977, 12981, 12982, 12988, 13002, 13004, 13007, 13018, 13031, 13032, 13034, 13036, 13037, 13043, 13044, 13049, 13050, 13051, 13052, 13054, 13055, 13056, 13058, 13060, 13061, 13062, 13074, 13075, 13077, 13082, 13083, 13084, 13087, 13088, 13090, 13091, 13100, 13102, 13103, 13107, 13108, 13113, 13115, 13116, 13126, 13128, 13129, 13130, 13132, 13135, 13136, 13140, 13141, 13147, 13151, 13152, 13155, 13163, 13164, 13176, 13177, 13178, 13179, 13188, 13190, 13193, 13195, 13196, 13197, 13198, 13199, 13201, 13204, 13209, 13246, 13250, 13254, 13270, 13271, 13274, 13276, 13287, 13300, 13301, 13302, 13303, 13304, 13318, 13319, 13320, 13322, 13323, 13324, 13325, 13327, 13328, 13342, 13344, 13346, 13347, 13348, 13349, 13350, 13351, 13352, 13354, 13356, 13369, 13370, 13371, 13373, 13374, 13375, 13376, 13377, 13389, 13390, 13393, 13395, 13398, 13399, 13400, 13402, 13403, 13406, 13407, 13408, 13420, 13425, 13426, 13427, 13428, 13429, 13448, 13449, 13450, 13452, 13453, 13454, 13455, 13458, 13459, 13461, 13462, 13463, 13464, 13465, 13466, 13469, 13471, 13472, 13477, 13481, 13482, 13483, 13484, 13485, 13499, 13500, 13501, 13503, 13506, 13507, 13508, 13510, 13511, 13512, 13514, 13515, 13516, 13518, 13519, 13520, 13537, 13542, 13543, 13544, 13545, 13546, 13558, 13559, 13560, 13562, 13563, 13564, 13566, 13572, 13583, 13584, 13589, 13590, 13595, 13597, 13598, 13614, 13615, 13618, 13619, 13620, 13622, 13623, 13624, 13626, 13627, 13628, 13630, 13631, 13632, 13635, 13636, 13637, 13644, 13645, 13648, 13649, 13650, 13651, 13656, 13657, 13664, 13665, 13666, 13667, 13669, 13670, 13671, 13673, 13674, 13680, 13681, 13682, 13683, 13686, 13687, 13694, 13695, 13696, 13697, 13699, 13700, 13701, 13702, 13705, 13706, 13707, 13708, 13709, 13710, 13711, 13718, 13719, 13720, 13721, 13722, 13724, 13725, 13731, 13732, 13733, 13734, 13737, 13738, 13745, 13746, 13747, 13748, 13750, 13751, 13752, 13753, 13756, 13757, 13758, 13759, 13760, 13761, 13762, 13769, 13770, 13771, 13772, 13773, 13775, 13776, 13782, 13783, 13784, 13785, 13788, 13789, 13796, 13797, 13798, 13799, 13801, 13802, 13803, 13804, 13807, 13808, 13809, 13810, 13811, 13812, 13813, 13820, 13821, 13822, 13823, 13824, 13826, 13827, 13833, 13834, 13835, 13836, 13839, 13840, 13847, 13848, 13849, 13850, 13851, 13853, 13854, 13855, 13862, 13863, 13864, 13865, 13867, 13868, 13869, 13870, 13871, 13872, 13873, 13874, 13876, 13877, 13878, 13879, 13882, 13883, 13884, 13885, 13888, 13889, 13890, 13893, 13894, 13895, 13898, 13899, 13903, 13904, 13907, 13908, 13911, 13912, 13913, 13914, 13917, 13918, 13919, 13920, 13921, 13923, 13924, 13925, 13926, 13927, 13931, 13932, 13935, 13938, 13939, 13940, 13946, 13947, 13948, 13949, 13950, 13951, 13952, 13953, 13956, 13957, 13963, 13964, 13965, 13966, 13973, 13974, 14004, 14007, 14008, 14009, 14011, 14012, 14013, 14014, 14015, 14016, 14018, 14019, 14020, 14021, 14022, 14023, 14025, 14026, 14030, 14031, 14032, 14033, 14036, 14041, 14046, 14150, 14151, 14152, 14153, 14154, 14155, 14158, 14159, 14165, 14172, 14174, 14175, 14176, 14198, 14200, 14201, 14203, 14205, 14206, 14207, 14208, 14210, 14211, 14213, 14214, 14216, 14218, 14220, 14221, 14223, 14237, 14238, 14239, 14240, 14242, 14243, 14244, 14246, 14247, 14248, 14250, 14251, 14253, 14254, 14255, 14257, 14258, 14259, 14266, 14267, 14268, 14269, 14272, 14284, 14285, 14286, 14288, 14301, 14302, 14303, 14304, 14306, 14307, 14308, 14309, 14312, 14313, 14314, 14317, 14318, 14320, 14324, 14325, 14326, 14327, 14328, 14331, 14338, 14339, 14340, 14341, 14344, 14349, 14359, 14362, 14363, 14364, 14365, 14368, 14369, 14370, 14371, 14372, 14373, 14380, 14410, 14411, 14412, 14414, 14415, 14416, 14417, 14418, 14419, 14424, 14431, 14432, 14434, 14435, 14436, 14437, 14444, 14445, 14446, 14448, 14449, 14450, 14451, 14453, 14454, 14456, 14457, 14459, 14460, 14461, 14463, 14464, 14466, 14467, 14468, 14470, 14471, 14472, 14478, 14483, 14484, 14485, 14486, 14487, 14488, 14489, 14490, 14491, 14492, 14493, 14494, 14495, 14496, 14497, 14498, 14499, 14501, 14502, 14504, 14505, 14512, 14513, 14514, 14516, 14517, 14518, 14519, 14521, 14522, 14524, 14525, 14527, 14528, 14529, 14530, 14532, 14533, 14540, 14541, 14542, 14544, 14554, 14564, 14565, 14575, 14576, 14577, 14579, 14580, 14581, 14582, 14584, 14585, 14587, 14589, 14590, 14591, 14593, 14597, 14598, 14599, 14600, 14601, 14602, 14609, 14610, 14615, 14616, 14618, 14619, 14620, 14622, 14624, 14625, 14626, 14628, 14629, 14630, 14631, 14632, 14633, 14637, 14641, 14654, 14671, 14672, 14674, 14675, 14676, 14678, 14679, 14680, 14686, 14687, 14688, 14694, 14695, 14696, 14702, 14703, 14704, 14707, 14708, 14712, 14713, 14716, 14717, 14719, 14720, 14721, 14723, 14728, 14729, 14730, 14731, 14732, 14736, 14738, 14742, 14743, 14745, 14752, 14753, 14754, 14755, 14757, 14758, 14759, 14760, 14761, 14763, 14765, 14766, 14767, 14768, 14774, 14775, 14777, 14781, 14782, 14783, 14784, 14785, 14792, 14793, 14794, 14795, 14797, 14798, 14799, 14800, 14802, 14803, 14804, 14805, 14806, 14808, 14809, 14811, 14817, 14818, 14819, 14820, 14821, 14828, 14829, 14830, 14831, 14833, 14834, 14835, 14837, 14838, 14839, 14840, 14842, 14843, 14844, 14851, 14852, 14853, 14854, 14856, 14857, 14859, 14860, 14861, 14862, 14864, 14866, 14867, 14868, 14869, 14870, 14871, 14873, 14874, 14875, 14876, 14877, 14878, 14879, 14880, 14882, 14883, 14885, 14886, 14891, 14896, 14901, 14902, 14906, 14907, 14908, 14910, 14911, 14912, 14914, 14921, 14925, 14937, 14938, 14940, 14941, 14944, 14945, 14946, 14949, 14950, 14951, 14953, 14954, 14956, 14957, 14958, 14959, 14960, 14961, 14970, 14971, 14983, 14996, 14997, 15022, 15027, 15045, 15052, 15053, 15054, 15055, 15057, 15058, 15059, 15061, 15062, 15063, 15064, 15065, 15066, 15067, 15069, 15070, 15071, 15080, 15081, 15097, 15098, 15125, 15135, 15142, 15143, 15144, 15145, 15147, 15148, 15149, 15151, 15152, 15153, 15154, 15155, 15156, 15157, 15159, 15160, 15161, 15174, 15191, 15198, 15199, 15200, 15201, 15203, 15204, 15205, 15207, 15208, 15209, 15210, 15211, 15212, 15213, 15215, 15216, 15217, 15234, 15241, 15242, 15243, 15244, 15246, 15247, 15248, 15250, 15251, 15252, 15253, 15254, 15255, 15256, 15258, 15259, 15260, 15354, 15402, 15403, 15404, 15435, 15445, 15457, 15458, 15460, 15461, 15464, 15465, 15466, 15469, 15470, 15471, 15473, 15474, 15476, 15477, 15478, 15479, 15481, 15482, 15483, 15485, 15489, 15500, 15501, 15503, 15504, 15505, 15506, 15511, 15512, 15513, 15515, 15516, 15517, 15518, 15519, 15522, 15524, 15525, 15527, 15528, 15530, 15531, 15532, 15548, 15549, 15556, 15585, 15586, 15588, 15589, 15590, 15591, 15596, 15597, 15607, 15608, 15610, 15611, 15612, 15613, 15618, 15619, 15620, 15621, 15623, 15624, 15625, 15626, 15627, 15631, 15641, 15642, 15644, 15645, 15646, 15647, 15648, 15653, 15654, 15655, 15656, 15657, 15658, 15659, 15661, 15662, 15663, 15670, 15671, 15673, 15674, 15675, 15676, 15677, 15682, 15683, 15699, 15700, 15702, 15703, 15706, 15707, 15708, 15709, 15714, 15717, 15722, 15725, 15729, 15731, 15751, 15754, 15755, 15760, 15763, 15767, 15768, 15775, 15780, 15781, 15788, 15789, 15790, 15797, 15798, 15799, 15800, 15806, 15853, 15854, 15855, 15978, 15979, 15980, 16019, 16020, 16021, 16083, 16084, 16085, 16124, 16125, 16126, 16165, 16166, 16167, 16207, 16209, 16300, 16316, 16353, 16363, 16364, 16376, 16377, 16378, 16379, 16387, 16388, 16389, 16390, 16391, 16392, 16393, 16404, 16405, 16406, 16407, 16413, 16418, 16419, 16420, 16421, 16422, 16423, 16424, 16425, 16426, 16427, 16428, 16429, 16430, 16431, 16432, 16433, 16434, 16435, 16436, 16437, 16438, 16439, 16440, 16441, 16442, 16443, 16444, 16445, 16446, 16447, 16460, 16461, 16462, 16469, 16473, 16474, 16478, 16479, 16480, 16481, 16482, 16483, 16484, 16485, 16486, 16487, 16488, 16489, 16490, 16491, 16492, 16493, 16494, 16495, 16496, 16497, 16498, 16499, 16500, 16501, 16502, 16503, 16509, 16510, 16522, 16523, 16524, 16525, 16526, 16527, 16528, 16529, 16530, 16531, 16532, 16533, 16534, 16539, 16540, 16541, 16542, 16543, 16544, 16545, 16546, 16547, 16548, 16549, 16550, 16555, 16557, 16558, 16560, 16565, 16566, 16571, 16572, 16573, 16574, 16575, 16576, 16577, 16587, 16593, 16594, 16602, 16603, 16604, 16612, 16613, 16614, 16615, 16616, 16617, 16618, 16619, 16620, 16621, 16622, 16623, 16630, 16631, 16632, 16633, 16635, 16636, 16637, 16639, 16640, 16641, 16642, 16643, 16644, 16646, 16659, 16660, 16661, 16663, 16664, 16665, 16666, 16668, 16669, 16670, 16671, 16673, 16674, 16675, 16676, 16677, 16679, 16689, 16690, 16691, 16692, 16693, 16699, 16700, 16701, 16702, 16703, 16710, 16711, 16712, 16713, 16714, 16715, 16716, 16718, 16719, 16720, 16722, 16723, 16724, 16725, 16726, 16727, 16728, 16729, 16730, 16731, 16732, 16733, 16734, 16735, 16736, 16737, 16738, 16739, 16740, 16741, 16747, 16748, 16749, 16750, 16752, 16753, 16754, 16755, 16756, 16758, 16759, 16760, 16762, 16767, 16768, 16769, 16770, 16771, 16773, 16774, 16775, 16782, 16783, 16784, 16785, 16786, 16787, 16792, 16810, 16811, 16812, 16813, 16815, 16816, 16817, 16818, 16820, 16826, 16827, 16833, 16834, 16835, 16836, 16838, 16839, 16840, 16841, 16843, 16844, 16845, 16846, 16847, 16854, 16861, 16862, 16863, 16865, 16866, 16867, 16869, 16870, 16871, 16872, 16873, 16879, 16886, 16887, 16888, 16890, 16891, 16896, 16897, 16898, 16899, 16900, 16901, 16902, 16903, 16904, 16905, 16906, 16908, 16910, 16911, 16912, 16920, 16922, 16923, 16924, 16925, 16927, 16928, 16929, 16930, 16932, 16934, 16935, 16936, 16937, 16938, 16940, 16942, 16943, 16944, 16945, 16947, 16948, 16949, 16950, 16951, 16952, 16953, 16954, 16955, 16956, 16958, 16966, 16967, 16972, 16973, 16974, 16975, 16976, 16977, 16978, 16979, 16980, 16981, 16982, 16983, 16984, 16985, 16986, 16987, 16988, 16989, 16990, 16991, 16992, 16993, 16994, 16995, 16996, 16997, 16998, 17005, 17006, 17007, 17008, 17009, 17010, 17035, 17044, 17045, 17054, 17055, 17060, 17089, 17090, 17091, 17097, 17098, 17099, 17126, 17127, 17129, 17169, 17173, 17174, 17175, 17200, 17201, 17202, 17210, 17211, 17218, 17219, 17220, 17248, 17252, 17291, 17292, 17293, 17295, 17296, 17298, 17299, 17301, 17302, 17307, 17308, 17309, 17310, 17311, 17313, 17315, 17317, 17318, 17319, 17320, 17321, 17324, 17325, 17326, 17327, 17328, 17329, 17331, 17340, 17341, 17350, 17352, 17353, 17355, 17356, 17357, 17362, 17363, 17364, 17369, 17370, 17382, 17384, 17385, 17387, 17388, 17391, 17394, 17396, 17401, 17402, 17417, 17418, 17420, 17422, 17427, 17428, 17429, 17432, 17433, 17434, 17437, 17438, 17439, 17442, 17443, 17444, 17445, 17446, 17447, 17450, 17454, 17457, 17461, 17462, 17463, 17464, 17475, 17476, 17478, 17479, 17485, 17486, 17491, 17492, 17493, 17495, 17496, 17497, 17503, 17504, 17505, 17506, 17508, 17509, 17510, 17517, 17518, 17520, 17521, 17522, 17523, 17529, 17531, 17532, 17539, 17540, 17542, 17543, 17544, 17545, 17550, 17551, 17552, 17558, 17560, 17561, 17568, 17569, 17571, 17572, 17573, 17574, 17580, 17581, 17582, 17583, 17584, 17587, 17590, 17591, 17592, 17593, 17594, 17600, 17601, 17608, 17610, 17611, 17615, 17616, 17621, 17622, 17625, 17672, 17674, 17686, 17688, 17689, 17693, 17694, 17699, 17702, 17716, 17727, 17737, 17752, 17753, 17755, 17757, 17758, 17759, 17761, 17763, 17770, 17771, 17772, 17774, 17775, 17778, 17782, 17784, 17818, 17819, 17821, 17822, 17823, 17825, 17826, 17827, 17828, 17829, 17831, 17833, 17843, 17844, 17845, 17846, 17848, 17849, 17850, 17852, 17853, 17855, 17860, 17861, 17863, 17864, 17866, 17867, 17868, 17871, 17873, 17874, 17875, 17876, 17877, 17878, 17879, 17880, 17881, 17885, 17890, 17891, 17892, 17893, 17894, 17895, 17902, 17903, 17905, 17906, 17907, 17909, 17916, 17918, 17919, 17921, 17924, 17927, 17929, 17936, 17937, 17939, 17944, 17945, 17948, 17949, 17952, 17953, 17955, 17956, 17957, 17958, 17959, 17961, 17971, 17972, 17974, 17979, 17980, 17982, 17983, 17986, 17987, 17988, 17989, 17990, 17992, 17999, 18000, 18002, 18007, 18008, 18010, 18011, 18014, 18015, 18016, 18021, 18022, 18023, 18024, 18026, 18028, 18029, 18036, 18037, 18039, 18040, 18041, 18043, 18048, 18049, 18051, 18052, 18054, 18055, 18057, 18059, 18066, 18067, 18069, 18070, 18071, 18073, 18074, 18075, 18077, 18078, 18079, 18081, 18082, 18083, 18085, 18092, 18093, 18095, 18096, 18097, 18099, 18100, 18102, 18103, 18105, 18106, 18107, 18109, 18110, 18112, 18122, 18124, 18125, 18126, 18128, 18129, 18131], "excluded_lines": [4391, 6712, 9310, 9311, 10455]}}}}, "totals": {"covered_lines": 12240, "num_statements": 24708, "percent_covered": 49.53861097620204, "percent_covered_display": "49.54", "missing_lines": 12468, "excluded_lines": 30}}