============================= test session starts ==============================
platform linux -- Python 3.12.12, pytest-8.4.2, pluggy-1.6.0 -- /usr/local/bin/python3.12
cachedir: .pytest_cache
django: version: 5.2.8, settings: backend.settings (from env)
rootdir: /app
configfile: pytest.ini
plugins: anyio-4.11.0, Faker-37.12.0, cov-7.0.0, django-4.11.1
collecting ... collected 527 items

core/tests/research/test_automated_company_research.py::TestCompanyResearchService::test_comprehensive_research_flow PASSED [  0%]
core/tests/research/test_automated_company_research.py::TestAutomatedResearchEndpoint::test_trigger_research PASSED [  0%]
core/tests/research/test_automated_company_research.py::TestCompanyResearchReportEndpoint::test_get_report PASSED [  0%]
core/tests/research/test_automated_company_research.py::TestCompanyResearchReportEndpoint::test_report_not_found PASSED [  0%]
core/tests/research/test_automated_company_research.py::TestRefreshCompanyResearchEndpoint::test_refresh PASSED [  0%]
core/tests/research/test_automated_company_research.py::TestEdgeCasesAndErrors::test_no_data_available PASSED [  1%]
core/tests/research/test_automated_company_research.py::TestEdgeCasesAndErrors::test_news_fetch_failure PASSED [  1%]
core/tests/research/test_automated_company_research.py::TestIntegration::test_end_to_end PASSED [  1%]
core/tests/research/test_company_news.py::test_fetch_company_news_command PASSED [  1%]
core/tests/research/test_multi_source_scraping.py::WikipediaScraperTest::test_fetch_wikipedia_data_success PASSED [  1%]
core/tests/research/test_multi_source_scraping.py::WikipediaScraperTest::test_wikipedia_company_page_detection PASSED [  2%]
core/tests/research/test_multi_source_scraping.py::WikipediaScraperTest::test_wikipedia_scraper_no_results PASSED [  2%]
core/tests/research/test_multi_source_scraping.py::WikidataScraperTest::test_fetch_wikidata_success PASSED [  2%]
core/tests/research/test_multi_source_scraping.py::LinkedInScraperTest::test_fetch_linkedin_data_no_url PASSED [  2%]
core/tests/research/test_multi_source_scraping.py::LinkedInScraperTest::test_fetch_linkedin_data_with_url PASSED [  2%]
core/tests/research/test_multi_source_scraping.py::GitHubScraperTest::test_fetch_github_data_success PASSED [  3%]
core/tests/research/test_multi_source_scraping.py::MultiSourceAggregationTest::test_aggregate_basic_info_priority PASSED [  3%]
core/tests/research/test_multi_source_scraping.py::MultiSourceAggregationTest::test_research_integration PASSED [  3%]
core/tests/research/test_multi_source_scraping.py::CompanyResearchServiceTest::test_save_research_updates_company_model PASSED [  3%]
core/tests/research/test_multi_source_scraping.py::CompanyResearchServiceTest::test_yfinance_validation_accepts_correct_company PASSED [  3%]
core/tests/research/test_multi_source_scraping.py::CompanyResearchServiceTest::test_yfinance_validation_rejects_wrong_company PASSED [  3%]
core/tests/research/test_multi_source_scraping.py::IntegrationTest::test_real_company_research PASSED [  4%]
core/tests/research/test_multi_source_scraping.py::IntegrationTest::test_real_wikipedia_scraping PASSED [  4%]
core/tests/test_account_deletion.py::TestAccountDeletion::test_request_deletion_creates_token_and_sends_200 PASSED [  4%]
core/tests/test_account_deletion.py::TestAccountDeletion::test_request_deletion_token_expires_in_one_hour PASSED [  4%]
core/tests/test_account_deletion.py::TestAccountDeletion::test_confirm_deletion_removes_user_and_profile PASSED [  4%]
core/tests/test_account_deletion.py::TestAccountDeletion::test_request_deletion_requires_auth PASSED [  5%]
core/tests/test_auth_linking.py::test_google_login_does_not_overwrite_password_and_preserves_name PASSED [  5%]
core/tests/test_auth_linking.py::test_github_login_handles_duplicate_users_by_email PASSED [  5%]
core/tests/test_authentication.py::UserRegistrationTests::test_registration_invalid_email PASSED [  5%]
core/tests/test_authentication.py::UserRegistrationTests::test_registration_missing_first_name PASSED [  5%]
core/tests/test_authentication.py::UserRegistrationTests::test_registration_missing_last_name PASSED [  6%]
core/tests/test_authentication.py::UserRegistrationTests::test_registration_password_mismatch PASSED [  6%]
core/tests/test_authentication.py::UserRegistrationTests::test_registration_password_no_number PASSED [  6%]
core/tests/test_authentication.py::UserRegistrationTests::test_registration_password_no_uppercase PASSED [  6%]
core/tests/test_authentication.py::UserRegistrationTests::test_registration_password_too_short PASSED [  6%]
core/tests/test_authentication.py::UserRegistrationTests::test_registration_weak_password PASSED [  7%]
core/tests/test_authentication.py::UserRegistrationTests::test_successful_registration PASSED [  7%]
core/tests/test_authentication.py::TokenVerificationTests::test_invalid_token_verification PASSED [  7%]
core/tests/test_authentication.py::TokenVerificationTests::test_missing_token PASSED [  7%]
core/tests/test_authentication.py::TokenVerificationTests::test_valid_token_verification PASSED [  7%]
core/tests/test_authentication.py::LogoutTests::test_logout_unauthenticated PASSED [  7%]
core/tests/test_authentication.py::LogoutTests::test_successful_logout PASSED [  8%]
core/tests/test_authentication.py::OAuthGitHubTests::test_github_oauth_new_user PASSED [  8%]
core/tests/test_authentication.py::PasswordValidationTests::test_password_common_validation PASSED [  8%]
core/tests/test_authentication.py::PasswordValidationTests::test_password_hashing PASSED [  8%]
core/tests/test_authentication.py::PasswordValidationTests::test_password_length_validation PASSED [  8%]
core/tests/test_automation_simple.py::test_generate_resume_returns_none_when_no_api_key PASSED [  9%]
core/tests/test_automation_simple.py::test_generate_cover_letter_returns_none_when_no_api_key PASSED [  9%]
core/tests/test_career_goals_progress.py::TestCareerGoalProgressAPI::test_update_progress_accepts_decimal_input PASSED [  9%]
core/tests/test_career_goals_progress.py::TestCareerGoalProgressAPI::test_update_progress_rejects_invalid_values PASSED [  9%]
core/tests/test_certifications.py::CertificationCRUDTests::test_add_certification PASSED [  9%]
core/tests/test_certifications.py::CertificationCRUDTests::test_delete_certification PASSED [ 10%]
core/tests/test_certifications.py::CertificationCRUDTests::test_list_certifications PASSED [ 10%]
core/tests/test_certifications.py::CertificationCRUDTests::test_update_certification PASSED [ 10%]
core/tests/test_certifications.py::CertificationExpirationTests::test_does_not_expire PASSED [ 10%]
core/tests/test_certifications.py::CertificationExpirationTests::test_expired_certification PASSED [ 10%]
core/tests/test_certifications.py::CertificationRenewalTests::test_renewal_reminder PASSED [ 11%]
core/tests/test_company_info.py::TestCompanyInfoEndpoint::test_get_existing_company_info PASSED [ 11%]
core/tests/test_company_info.py::TestCompanyInfoEndpoint::test_get_company_case_insensitive PASSED [ 11%]
core/tests/test_company_info.py::TestCompanyInfoEndpoint::test_create_new_company_on_first_lookup PASSED [ 11%]
core/tests/test_company_info.py::TestJobCompanyInfoEndpoint::test_get_company_info_for_job PASSED [ 11%]
core/tests/test_company_info.py::TestJobCompanyInfoEndpoint::test_job_company_info_creates_company_if_missing PASSED [ 11%]
core/tests/test_company_info.py::TestJobCompanyInfoEndpoint::test_job_company_info_handles_missing_company_name PASSED [ 12%]
core/tests/test_company_info.py::TestJobCompanyInfoEndpoint::test_job_company_info_requires_job_ownership PASSED [ 12%]
core/tests/test_company_info.py::TestJobDetailWithCompanyInfo::test_job_detail_includes_company_info PASSED [ 12%]
core/tests/test_company_info.py::TestJobDetailWithCompanyInfo::test_job_update_includes_company_info_in_response PASSED [ 12%]
core/tests/test_company_info.py::TestCompanySerializer::test_serialize_company_with_research PASSED [ 12%]
core/tests/test_company_info.py::TestCompanySerializer::test_serialize_company_without_research PASSED [ 13%]
core/tests/test_contacts_additional.py::test_interaction_note_reminder_and_mutuals_flow PASSED [ 13%]
core/tests/test_contacts_additional.py::test_process_import_job_updates_and_handles_errors PASSED [ 13%]
core/tests/test_contacts_api.py::test_contacts_create_list_and_detail_flow PASSED [ 13%]
core/tests/test_contacts_crud_notes_reminders.py::test_contacts_crud_and_related_endpoints PASSED [ 13%]
core/tests/test_contacts_import_and_mutuals.py::test_contacts_import_start_and_callback_and_mutuals PASSED [ 14%]
core/tests/test_contacts_import_and_mutuals.py::test_contacts_import_start_missing_google_credentials PASSED [ 14%]
core/tests/test_contacts_import_and_mutuals.py::test_contact_mutuals_and_notes_interactions_reminders PASSED [ 14%]
core/tests/test_contacts_search_delete_and_enqueue.py::test_contacts_search_and_delete PASSED [ 14%]
core/tests/test_contacts_search_delete_and_enqueue.py::test_contacts_import_callback_no_code_and_enqueue_branch PASSED [ 14%]
core/tests/test_cover_letter_ai.py::TestAICoverLetterEndpoint::test_ai_cover_letter_requires_api_key PASSED [ 14%]
core/tests/test_cover_letter_ai.py::TestAICoverLetterEndpoint::test_ai_cover_letter_success PASSED [ 15%]
core/tests/test_cover_letter_ai.py::TestAICoverLetterEndpoint::test_ai_cover_letter_handles_generation_error PASSED [ 15%]
core/tests/test_cover_letter_ai.py::TestAICoverLetterEndpoint::test_ai_cover_letter_job_not_found PASSED [ 15%]
core/tests/test_cover_letter_ai.py::TestCoverLetterLatexGeneration::test_generate_cover_letter_latex PASSED [ 15%]
core/tests/test_cover_letter_ai.py::TestCoverLetterLatexGeneration::test_latex_escaping PASSED [ 15%]
core/tests/test_cover_letter_generation.py::CoverLetterGenerationTests::test_generate_with_invalid_enums_returns_400 PASSED [ 16%]
core/tests/test_cover_letter_generation.py::CoverLetterGenerationTests::test_generate_with_valid_customization PASSED [ 16%]
core/tests/test_coverage_boost.py::UserProfileSerializerCoverageTests::test_update_with_user_data_path PASSED [ 16%]
core/tests/test_coverage_boost.py::UserProfileSerializerCoverageTests::test_validate_phone_invalid PASSED [ 16%]
core/tests/test_coverage_boost.py::UserProfileSerializerCoverageTests::test_validate_summary_too_long PASSED [ 16%]
core/tests/test_coverage_boost.py::WorkExperienceSerializerCoverageTests::test_create_method_with_skills PASSED [ 17%]
core/tests/test_coverage_boost.py::WorkExperienceSerializerCoverageTests::test_update_method_with_skills_set PASSED [ 17%]
core/tests/test_coverage_boost.py::WorkExperienceSerializerCoverageTests::test_update_method_without_skills PASSED [ 17%]
core/tests/test_coverage_boost.py::WorkExperienceSerializerCoverageTests::test_validate_end_before_start PASSED [ 17%]
core/tests/test_deadline_reminders.py::test_three_day_reminder_sent PASSED [ 17%]
core/tests/test_deadline_reminders.py::test_day_of_reminder_sent PASSED  [ 18%]
core/tests/test_deadline_reminders.py::test_no_emails_for_applied_status PASSED [ 18%]
core/tests/test_deadline_reminders.py::test_mixed_jobs_counts PASSED     [ 18%]
core/tests/test_deadline_reminders.py::test_html_contains_brand_and_link_three_day PASSED [ 18%]
core/tests/test_deadline_reminders.py::test_multiple_users_isolation PASSED [ 18%]
core/tests/test_deadline_reminders.py::test_command_stdout_counts PASSED [ 18%]
core/tests/test_deadline_reminders.py::test_frontend_url_override_used PASSED [ 19%]
core/tests/test_deadline_reminders.py::test_send_failure_does_not_set_timestamp PASSED [ 19%]
core/tests/test_deadline_reminders.py::test_rejected_status_excluded PASSED [ 19%]
core/tests/test_deadline_reminders.py::test_skips_when_no_email PASSED   [ 19%]
core/tests/test_deadline_reminders.py::test_skips_when_deadline_missing PASSED [ 19%]
core/tests/test_education.py::EducationCRUDTests::test_add_education PASSED [ 20%]
core/tests/test_education.py::EducationCRUDTests::test_delete_education PASSED [ 20%]
core/tests/test_education.py::EducationCRUDTests::test_list_education PASSED [ 20%]
core/tests/test_education.py::EducationCRUDTests::test_update_education PASSED [ 20%]
core/tests/test_employment.py::WorkExperienceCRUDTests::test_add_work_experience PASSED [ 20%]
core/tests/test_employment.py::WorkExperienceCRUDTests::test_delete_work_experience PASSED [ 21%]
core/tests/test_employment.py::WorkExperienceCRUDTests::test_list_work_experiences PASSED [ 21%]
core/tests/test_employment.py::WorkExperienceCRUDTests::test_update_work_experience PASSED [ 21%]
core/tests/test_employment.py::CurrentEmploymentTests::test_current_job_sets_end_date_null PASSED [ 21%]
core/tests/test_employment.py::CurrentEmploymentTests::test_past_job_requires_end_date PASSED [ 21%]
core/tests/test_employment.py::CurrentEmploymentTests::test_update_to_current_position PASSED [ 22%]
core/tests/test_employment.py::WorkExperienceDateValidationTests::test_end_date_after_start_date PASSED [ 22%]
core/tests/test_employment.py::WorkExperienceDateValidationTests::test_future_start_date_allowed PASSED [ 22%]
core/tests/test_employment.py::WorkExperienceSkillsTests::test_add_work_experience_with_skills PASSED [ 22%]
core/tests/test_employment.py::WorkExperienceSkillsTests::test_update_skills_used PASSED [ 22%]
core/tests/test_employment.py::WorkExperienceAchievementsTests::test_add_achievements PASSED [ 22%]
core/tests/test_employment.py::WorkExperienceAchievementsTests::test_empty_achievements_allowed PASSED [ 23%]
core/tests/test_employment.py::WorkExperienceRequiredFieldsTests::test_company_required PASSED [ 23%]
core/tests/test_employment.py::WorkExperienceRequiredFieldsTests::test_job_title_required PASSED [ 23%]
core/tests/test_employment.py::WorkExperienceRequiredFieldsTests::test_start_date_required PASSED [ 23%]
core/tests/test_fetch_company_data.py::test_fetch_company_data_uses_yfinance PASSED [ 23%]
core/tests/test_import_and_match_score.py::test_import_job_from_url_success_and_retryable PASSED [ 24%]
core/tests/test_import_and_match_score.py::test_job_match_score_cached_and_post PASSED [ 24%]
core/tests/test_interview_followup.py::InterviewFollowUpTests::test_build_followup_prompt PASSED [ 24%]
core/tests/test_interview_followup.py::InterviewFollowUpTests::test_run_followup_generation_fallback PASSED [ 24%]
core/tests/test_interview_followup.py::InterviewFollowUpTests::test_run_followup_generation_success PASSED [ 24%]
core/tests/test_interview_insights.py::TestInterviewInsightsEndpoint::test_interview_insights_returns_expected_structure PASSED [ 25%]
core/tests/test_interview_insights.py::TestInterviewInsightsEndpoint::test_preparation_checklist_toggle_persists PASSED [ 25%]
core/tests/test_interview_insights.py::TestInterviewInsightsEndpoint::test_interview_insights_requires_job_ownership PASSED [ 25%]
core/tests/test_interview_insights.py::TestInterviewQuestionBankEndpoint::test_question_bank_structure PASSED [ 25%]
core/tests/test_interview_insights.py::TestInterviewQuestionBankEndpoint::test_question_practice_logging PASSED [ 25%]
core/tests/test_interview_insights.py::TestInterviewQuestionBankEndpoint::test_question_response_coach_endpoint PASSED [ 25%]
core/tests/test_interview_insights.py::TestInterviewQuestionBankEndpoint::test_practice_history_includes_coaching PASSED [ 26%]
core/tests/test_interview_insights.py::TestInterviewQuestionBankEndpoint::test_question_bank_caching_and_refresh PASSED [ 26%]
core/tests/test_interview_insights.py::TestInterviewQuestionBankEndpoint::test_interview_insights_requires_authentication PASSED [ 26%]
core/tests/test_interview_insights.py::TestInterviewQuestionBankEndpoint::test_interview_insights_technical_vs_non_technical PASSED [ 26%]
core/tests/test_interview_insights.py::TestInterviewQuestionBankEndpoint::test_interview_insights_for_nonexistent_job PASSED [ 26%]
core/tests/test_interview_performance_tracking.py::TestInterviewPerformanceTracker::test_tracker_initialization PASSED [ 27%]
core/tests/test_interview_performance_tracking.py::TestInterviewPerformanceTracker::test_conversion_rates_over_time_empty PASSED [ 27%]
core/tests/test_interview_performance_tracking.py::TestInterviewPerformanceTracker::test_conversion_rates_over_time_with_data PASSED [ 27%]
core/tests/test_interview_performance_tracking.py::TestInterviewPerformanceTracker::test_analyze_by_interview_format PASSED [ 27%]
core/tests/test_interview_performance_tracking.py::TestInterviewPerformanceTracker::test_track_mock_to_real_improvement PASSED [ 27%]
core/tests/test_interview_performance_tracking.py::TestInterviewPerformanceTracker::test_analyze_by_industry PASSED [ 28%]
core/tests/test_interview_performance_tracking.py::TestInterviewPerformanceTracker::test_track_feedback_themes PASSED [ 28%]
core/tests/test_interview_performance_tracking.py::TestInterviewPerformanceTracker::test_monitor_confidence_progression PASSED [ 28%]
core/tests/test_interview_performance_tracking.py::TestInterviewPerformanceTracker::test_generate_coaching_recommendations PASSED [ 28%]
core/tests/test_interview_performance_tracking.py::TestInterviewPerformanceTracker::test_benchmark_against_patterns PASSED [ 28%]
core/tests/test_interview_performance_tracking.py::TestInterviewPerformanceTracker::test_get_complete_analysis PASSED [ 29%]
core/tests/test_interview_performance_tracking.py::TestInterviewPerformanceTracker::test_high_conversion_rate_benchmark PASSED [ 29%]
core/tests/test_interview_performance_tracking.py::TestInterviewPerformanceTracker::test_low_conversion_rate_benchmark PASSED [ 29%]
core/tests/test_interview_performance_tracking.py::TestInterviewPerformanceTrackingAPI::test_unauthenticated_access_denied PASSED [ 29%]
core/tests/test_interview_performance_tracking.py::TestInterviewPerformanceTrackingAPI::test_authenticated_access_no_data PASSED [ 29%]
core/tests/test_interview_performance_tracking.py::TestInterviewPerformanceTrackingAPI::test_authenticated_access_with_data PASSED [ 29%]
core/tests/test_interview_performance_tracking.py::TestInterviewPerformanceTrackingAPI::test_response_structure_validation PASSED [ 30%]
core/tests/test_interview_performance_tracking.py::TestEdgeCases::test_single_interview_conversion_rate PASSED [ 30%]
core/tests/test_interview_performance_tracking.py::TestEdgeCases::test_all_pending_interviews PASSED [ 30%]
core/tests/test_interview_performance_tracking.py::TestEdgeCases::test_single_format_only PASSED [ 30%]
core/tests/test_interview_performance_tracking.py::TestEdgeCases::test_very_old_data_filtering PASSED [ 30%]
core/tests/test_interview_reminders.py::SendInterviewRemindersCommandTests::test_followup_reminder_marks_event_and_notification PASSED [ 31%]
core/tests/test_interview_reminders.py::SendInterviewRemindersCommandTests::test_send_24h_reminder_sets_flags PASSED [ 31%]
core/tests/test_interview_reminders.py::SendInterviewRemindersCommandTests::test_send_2h_reminder_only PASSED [ 31%]
core/tests/test_interview_success.py::TestInterviewSuccessForecast::test_success_forecast_returns_probability_and_actions PASSED [ 31%]
core/tests/test_interview_success.py::TestInterviewSuccessForecast::test_accuracy_populates_when_outcome_recorded PASSED [ 31%]
core/tests/test_job_import.py::TestJobImportAPI::test_import_endpoint_requires_authentication PASSED [ 32%]
core/tests/test_job_import.py::TestJobImportAPI::test_import_endpoint_requires_url PASSED [ 32%]
core/tests/test_job_import.py::TestJobImportAPI::test_import_endpoint_success PASSED [ 32%]
core/tests/test_job_import.py::TestJobImportAPI::test_import_endpoint_failure PASSED [ 32%]
core/tests/test_job_import.py::TestJobImportAPI::test_import_endpoint_retryable_failure PASSED [ 32%]
core/tests/test_jobs.py::TestJobsAPI::test_create_list_delete_and_validation PASSED [ 33%]
core/tests/test_jobs.py::TestJobsAPI::test_list_with_filters_and_search_returns_enhanced_payload PASSED [ 33%]
core/tests/test_jobs.py::TestJobsAPI::test_bulk_status_updates_and_stats_endpoint PASSED [ 33%]
core/tests/test_jobs.py::TestJobsAPI::test_jobs_bulk_deadline_and_upcoming_deadlines PASSED [ 33%]
core/tests/test_jobs_stats.py::TestJobsStatsEndpoint::test_daily_breakdown_for_month PASSED [ 33%]
core/tests/test_jobs_stats.py::TestJobsStatsEndpoint::test_csv_export_scoped_to_month PASSED [ 33%]
core/tests/test_mock_interview.py::TestMockInterviewModels::test_create_session PASSED [ 34%]
core/tests/test_mock_interview.py::TestMockInterviewModels::test_mark_completed PASSED [ 34%]
core/tests/test_mock_interview.py::TestMockInterviewModels::test_calculate_overall_score PASSED [ 34%]
core/tests/test_mock_interview.py::TestMockInterviewModels::test_submit_answer PASSED [ 34%]
core/tests/test_mock_interview.py::TestMockInterviewAPI::test_start_mock_interview PASSED [ 34%]
core/tests/test_mock_interview.py::TestMockInterviewAPI::test_submit_answer PASSED [ 35%]
core/tests/test_mock_interview.py::TestMockInterviewAPI::test_complete_interview PASSED [ 35%]
core/tests/test_mock_interview.py::TestMockInterviewAPI::test_list_mock_interviews PASSED [ 35%]
core/tests/test_mock_interview.py::TestMockInterviewAPI::test_get_session_detail PASSED [ 35%]
core/tests/test_mock_interview.py::TestMockInterviewService::test_generate_questions PASSED [ 35%]
core/tests/test_mock_interview.py::TestMockInterviewService::test_evaluate_answer PASSED [ 36%]
core/tests/test_mock_interview.py::TestMockInterviewPermissions::test_user_cannot_access_other_user_session PASSED [ 36%]
core/tests/test_mock_interview.py::TestMockInterviewPermissions::test_unauthenticated_access_denied PASSED [ 36%]
core/tests/test_mock_interview.py::TestMockInterviewValidation::test_invalid_interview_type PASSED [ 36%]
core/tests/test_mock_interview.py::TestMockInterviewValidation::test_empty_answer_rejected PASSED [ 36%]
core/tests/test_mock_interview.py::TestMockInterviewValidation::test_complete_without_all_answers PASSED [ 37%]
core/tests/test_mock_interview.py::TestMockInterviewValidation::test_invalid_question_count PASSED [ 37%]
core/tests/test_mock_interview.py::TestMockInterviewValidation::test_question_count_too_high FAILED [ 37%]
core/tests/test_mock_interview.py::TestMockInterviewValidation::test_invalid_difficulty_level SKIPPED [ 37%]
core/tests/test_mock_interview.py::TestMockInterviewValidation::test_answer_to_nonexistent_question PASSED [ 37%]
core/tests/test_mock_interview.py::TestMockInterviewValidation::test_complete_already_completed_session 
